2025-11-13 14:53:07,398 - ARIMA_BR_DWGD - INFO - ==========================================================================================
2025-11-13 14:53:07,398 - ARIMA_BR_DWGD - INFO - Iniciando script ARIMA/ARIMAX BR_DWGD com 18 features (sem auto_arima).
2025-11-13 14:53:07,398 - ARIMA_BR_DWGD - INFO - ==========================================================================================
2025-11-13 14:53:07,398 - ARIMA_BR_DWGD - INFO - [FASE 1] Carregando dados de access_br_dwgd.recuperar_dados_br_dwgd_com_area()
2025-11-13 14:53:11,164 - ARIMA_BR_DWGD - INFO - Registros carregados: 5924 | Período: 2008-01-01 00:00:00 a 2024-03-20 00:00:00
2025-11-13 14:53:11,164 - ARIMA_BR_DWGD - INFO - [FASE 2] Criando features temporais e estatísticas...
2025-11-13 14:53:11,616 - ARIMA_BR_DWGD - INFO - Engenharia de features concluída. Total de colunas: 29
2025-11-13 14:53:11,617 - ARIMA_BR_DWGD - INFO - Colunas criadas: ['chuva', 'Tmax', 'Tmin', 'dia_seno', 'dia_cosseno', 'prcptot_w', 'rx1day_w', 'rx5days_w', 'sdii_w', 'r20mm_w', 'wd_w', 'dd_w', 'cwd_w', 'cdd_w', 'prcwq_w', 'prcdq_w', 'tmean_w_mean', 'tmean_w_std', 'tmax_w_max', 'tmin_w_min', 'dtr_w_mean', 'dtr_w_std', 'chuva_lag1', 'chuva_lag3', 'chuva_lag7', 'chuva_ma3', 'chuva_ma7', 'chuva_ma14', 'chuva_ma30']
2025-11-13 14:53:11,617 - ARIMA_BR_DWGD - INFO - Tempo total da Fase 2: 0.45 segundos.
2025-11-13 14:53:11,617 - ARIMA_BR_DWGD - INFO - [FASE 3] Normalizando e criando sequências...
2025-11-13 14:57:12,134 - ARIMA_BR_DWGD - INFO - ==========================================================================================
2025-11-13 14:57:12,134 - ARIMA_BR_DWGD - INFO - Iniciando script ARIMA/ARIMAX BR_DWGD com 18 features (sem auto_arima).
2025-11-13 14:57:12,134 - ARIMA_BR_DWGD - INFO - ==========================================================================================
2025-11-13 14:57:12,134 - ARIMA_BR_DWGD - INFO - [FASE 1] Carregando dados de access_br_dwgd.recuperar_dados_br_dwgd_com_area()
2025-11-13 14:57:14,091 - ARIMA_BR_DWGD - INFO - Registros carregados: 5924 | Período: 2008-01-01 00:00:00 a 2024-03-20 00:00:00
2025-11-13 14:57:14,091 - ARIMA_BR_DWGD - INFO - [FASE 2] Criando features temporais e estatísticas...
2025-11-13 14:57:14,567 - ARIMA_BR_DWGD - INFO - Engenharia de features concluída. Total de colunas: 29
2025-11-13 14:57:14,568 - ARIMA_BR_DWGD - INFO - Colunas criadas: ['chuva', 'Tmax', 'Tmin', 'dia_seno', 'dia_cosseno', 'prcptot_w', 'rx1day_w', 'rx5days_w', 'sdii_w', 'r20mm_w', 'wd_w', 'dd_w', 'cwd_w', 'cdd_w', 'prcwq_w', 'prcdq_w', 'tmean_w_mean', 'tmean_w_std', 'tmax_w_max', 'tmin_w_min', 'dtr_w_mean', 'dtr_w_std', 'chuva_lag1', 'chuva_lag3', 'chuva_lag7', 'chuva_ma3', 'chuva_ma7', 'chuva_ma14', 'chuva_ma30']
2025-11-13 14:57:14,568 - ARIMA_BR_DWGD - INFO - Tempo total da Fase 2: 0.48 segundos.
2025-11-13 14:57:14,568 - ARIMA_BR_DWGD - INFO - [FASE 3] Normalizando e criando sequências...
2025-11-13 14:57:40,632 - ARIMA_BR_DWGD - INFO - ==========================================================================================
2025-11-13 14:57:40,632 - ARIMA_BR_DWGD - INFO - Iniciando script ARIMA/ARIMAX BR_DWGD com 18 features (sem auto_arima).
2025-11-13 14:57:40,632 - ARIMA_BR_DWGD - INFO - ==========================================================================================
2025-11-13 14:57:40,632 - ARIMA_BR_DWGD - INFO - [FASE 1] Carregando dados de access_br_dwgd.recuperar_dados_br_dwgd_com_area()
2025-11-13 14:57:42,475 - ARIMA_BR_DWGD - INFO - Registros carregados: 5924 | Período: 2008-01-01 00:00:00 a 2024-03-20 00:00:00
2025-11-13 14:57:42,475 - ARIMA_BR_DWGD - INFO - [FASE 2] Criando features temporais e estatísticas...
2025-11-13 14:57:42,943 - ARIMA_BR_DWGD - INFO - Engenharia de features concluída. Total de colunas: 29
2025-11-13 14:57:42,944 - ARIMA_BR_DWGD - INFO - Colunas criadas: ['chuva', 'Tmax', 'Tmin', 'dia_seno', 'dia_cosseno', 'prcptot_w', 'rx1day_w', 'rx5days_w', 'sdii_w', 'r20mm_w', 'wd_w', 'dd_w', 'cwd_w', 'cdd_w', 'prcwq_w', 'prcdq_w', 'tmean_w_mean', 'tmean_w_std', 'tmax_w_max', 'tmin_w_min', 'dtr_w_mean', 'dtr_w_std', 'chuva_lag1', 'chuva_lag3', 'chuva_lag7', 'chuva_ma3', 'chuva_ma7', 'chuva_ma14', 'chuva_ma30']
2025-11-13 14:57:42,944 - ARIMA_BR_DWGD - INFO - Tempo total da Fase 2: 0.47 segundos.
2025-11-13 14:57:42,944 - ARIMA_BR_DWGD - INFO - [FASE 3] Normalizando e criando sequências...
2025-11-13 14:57:42,947 - ARIMA_BR_DWGD - INFO - Tamanho treino: 5894 | teste: 30
2025-11-13 14:57:42,947 - ARIMA_BR_DWGD - INFO - Tempo da Fase 3: 0.00s
2025-11-13 14:57:42,947 - ARIMA_BR_DWGD - INFO - [FASE 4] Iniciando busca manual por hiperparâmetros (AIC).
2025-11-13 15:13:01,923 - ARIMA_BR_DWGD - INFO - Melhor order encontrado: (2, 0, 2)
2025-11-13 15:13:01,923 - ARIMA_BR_DWGD - INFO - Melhor seasonal_order encontrado: (1, 0, 1, 7)
2025-11-13 15:13:01,924 - ARIMA_BR_DWGD - INFO - Melhor AIC (treino): -24249.58
2025-11-13 15:13:01,924 - ARIMA_BR_DWGD - INFO - Tempo da Fase 4: 918.98s
2025-11-13 15:13:01,924 - ARIMA_BR_DWGD - INFO - [FASE 5] Reajustando melhor modelo no conjunto de treino.
2025-11-13 15:13:31,225 - ARIMA_BR_DWGD - INFO - Melhor modelo ajustado no treino.
2025-11-13 15:13:31,226 - ARIMA_BR_DWGD - INFO - Tempo da Fase 5: 29.30s
2025-11-13 15:13:31,226 - ARIMA_BR_DWGD - INFO - [FASE 6] Gerando previsões no conjunto de teste e avaliando métricas.
2025-11-13 16:56:11,032 - ARIMA_BR_DWGD - INFO - ==========================================================================================
2025-11-13 16:56:11,032 - ARIMA_BR_DWGD - INFO - Iniciando script ARIMA/ARIMAX BR_DWGD com 18 features (sem auto_arima).
2025-11-13 16:56:11,032 - ARIMA_BR_DWGD - INFO - ==========================================================================================
2025-11-13 16:56:11,032 - ARIMA_BR_DWGD - INFO - [FASE 1] Carregando dados de access_br_dwgd.recuperar_dados_br_dwgd_com_area()
2025-11-13 16:56:14,859 - ARIMA_BR_DWGD - INFO - Registros carregados: 5924 | Período: 2008-01-01 00:00:00 a 2024-03-20 00:00:00
2025-11-13 16:56:14,859 - ARIMA_BR_DWGD - INFO - [FASE 2] Criando features temporais e estatísticas...
2025-11-13 16:56:15,301 - ARIMA_BR_DWGD - INFO - Engenharia de features concluída. Total de colunas: 29
2025-11-13 16:56:15,301 - ARIMA_BR_DWGD - INFO - Colunas criadas: ['chuva', 'Tmax', 'Tmin', 'dia_seno', 'dia_cosseno', 'prcptot_w', 'rx1day_w', 'rx5days_w', 'sdii_w', 'r20mm_w', 'wd_w', 'dd_w', 'cwd_w', 'cdd_w', 'prcwq_w', 'prcdq_w', 'tmean_w_mean', 'tmean_w_std', 'tmax_w_max', 'tmin_w_min', 'dtr_w_mean', 'dtr_w_std', 'chuva_lag1', 'chuva_lag3', 'chuva_lag7', 'chuva_ma3', 'chuva_ma7', 'chuva_ma14', 'chuva_ma30']
2025-11-13 16:56:15,301 - ARIMA_BR_DWGD - INFO - Tempo total da Fase 2: 0.44 segundos.
2025-11-13 16:56:15,301 - ARIMA_BR_DWGD - INFO - [FASE 3] Normalizando e criando sequências...
2025-11-13 16:56:15,308 - ARIMA_BR_DWGD - INFO - Tamanho treino: 5894 | teste: 30
2025-11-13 16:56:15,308 - ARIMA_BR_DWGD - INFO - Tempo da Fase 3: 0.01s
2025-11-13 16:56:15,308 - ARIMA_BR_DWGD - INFO - [FASE 4] Iniciando busca manual por hiperparâmetros (AIC).
2025-11-13 17:11:44,057 - ARIMA_BR_DWGD - INFO - Melhor order encontrado: (2, 0, 2)
2025-11-13 17:11:44,057 - ARIMA_BR_DWGD - INFO - Melhor seasonal_order encontrado: (1, 0, 1, 7)
2025-11-13 17:11:44,058 - ARIMA_BR_DWGD - INFO - Melhor AIC (treino): -24301.58
2025-11-13 17:11:44,058 - ARIMA_BR_DWGD - INFO - Tempo da Fase 4: 928.75s
2025-11-13 17:11:44,058 - ARIMA_BR_DWGD - INFO - [FASE 5] Reajustando melhor modelo no conjunto de treino.
2025-11-13 17:12:14,926 - ARIMA_BR_DWGD - INFO - Melhor modelo ajustado no treino.
2025-11-13 17:12:14,926 - ARIMA_BR_DWGD - INFO - Tempo da Fase 5: 30.87s
2025-11-13 17:12:14,926 - ARIMA_BR_DWGD - INFO - [FASE 6] Gerando previsões no conjunto de teste e avaliando métricas.
2025-11-13 17:17:27,188 - ARIMA_BR_DWGD - INFO - ==========================================================================================
2025-11-13 17:17:27,188 - ARIMA_BR_DWGD - INFO - Iniciando script ARIMA/ARIMAX BR_DWGD com 18 features (sem auto_arima).
2025-11-13 17:17:27,188 - ARIMA_BR_DWGD - INFO - ==========================================================================================
2025-11-13 17:17:27,189 - ARIMA_BR_DWGD - INFO - [FASE 1] Carregando dados de access_br_dwgd.recuperar_dados_br_dwgd_com_area()
2025-11-13 17:17:29,211 - ARIMA_BR_DWGD - INFO - Registros carregados: 5924 | Período: 2008-01-01 00:00:00 a 2024-03-20 00:00:00
2025-11-13 17:17:29,211 - ARIMA_BR_DWGD - INFO - [FASE 2] Criando features temporais e estatísticas...
2025-11-13 17:17:29,693 - ARIMA_BR_DWGD - INFO - Engenharia de features concluída. Total de colunas: 29
2025-11-13 17:17:29,693 - ARIMA_BR_DWGD - INFO - Colunas criadas: ['chuva', 'Tmax', 'Tmin', 'dia_seno', 'dia_cosseno', 'prcptot_w', 'rx1day_w', 'rx5days_w', 'sdii_w', 'r20mm_w', 'wd_w', 'dd_w', 'cwd_w', 'cdd_w', 'prcwq_w', 'prcdq_w', 'tmean_w_mean', 'tmean_w_std', 'tmax_w_max', 'tmin_w_min', 'dtr_w_mean', 'dtr_w_std', 'chuva_lag1', 'chuva_lag3', 'chuva_lag7', 'chuva_ma3', 'chuva_ma7', 'chuva_ma14', 'chuva_ma30']
2025-11-13 17:17:29,693 - ARIMA_BR_DWGD - INFO - Tempo total da Fase 2: 0.48 segundos.
2025-11-13 17:17:29,693 - ARIMA_BR_DWGD - INFO - [FASE 3] Normalizando e criando sequências...
2025-11-13 17:17:29,698 - ARIMA_BR_DWGD - INFO - Tamanho treino: 5894 | teste: 30
2025-11-13 17:17:29,698 - ARIMA_BR_DWGD - INFO - Tempo da Fase 3: 0.00s
2025-11-13 17:17:29,698 - ARIMA_BR_DWGD - INFO - [FASE 4] Iniciando busca manual por hiperparâmetros (AIC).
2025-11-13 17:32:42,672 - ARIMA_BR_DWGD - INFO - Melhor order encontrado: (2, 0, 2)
2025-11-13 17:32:42,673 - ARIMA_BR_DWGD - INFO - Melhor seasonal_order encontrado: (1, 0, 1, 7)
2025-11-13 17:32:42,673 - ARIMA_BR_DWGD - INFO - Melhor AIC (treino): -24301.58
2025-11-13 17:32:42,673 - ARIMA_BR_DWGD - INFO - Tempo da Fase 4: 912.98s
2025-11-13 17:32:42,673 - ARIMA_BR_DWGD - INFO - [FASE 5] Reajustando melhor modelo no conjunto de treino.
2025-11-13 17:33:10,384 - ARIMA_BR_DWGD - INFO - Melhor modelo ajustado no treino.
2025-11-13 17:33:10,384 - ARIMA_BR_DWGD - INFO - Tempo da Fase 5: 27.71s
2025-11-13 17:33:10,384 - ARIMA_BR_DWGD - INFO - [FASE 6] Gerando previsões no conjunto de teste e avaliando métricas.
2025-11-13 18:36:03,007 - ARIMA_BR_DWGD - INFO - ==========================================================================================
2025-11-13 18:36:03,007 - ARIMA_BR_DWGD - INFO - Iniciando script ARIMA/ARIMAX BR_DWGD com 18 features (sem auto_arima).
2025-11-13 18:36:03,007 - ARIMA_BR_DWGD - INFO - ==========================================================================================
2025-11-13 18:36:03,007 - ARIMA_BR_DWGD - INFO - [FASE 1] Carregando dados de access_br_dwgd.recuperar_dados_br_dwgd_com_area()
2025-11-13 18:36:04,768 - ARIMA_BR_DWGD - INFO - Registros carregados: 5924 | Período: 2008-01-01 00:00:00 a 2024-03-20 00:00:00
2025-11-13 18:36:04,768 - ARIMA_BR_DWGD - INFO - [FASE 2] Criando features temporais e estatísticas...
2025-11-13 18:36:05,207 - ARIMA_BR_DWGD - INFO - Engenharia de features concluída. Total de colunas: 29
2025-11-13 18:36:05,207 - ARIMA_BR_DWGD - INFO - Colunas criadas: ['chuva', 'Tmax', 'Tmin', 'dia_seno', 'dia_cosseno', 'prcptot_w', 'rx1day_w', 'rx5days_w', 'sdii_w', 'r20mm_w', 'wd_w', 'dd_w', 'cwd_w', 'cdd_w', 'prcwq_w', 'prcdq_w', 'tmean_w_mean', 'tmean_w_std', 'tmax_w_max', 'tmin_w_min', 'dtr_w_mean', 'dtr_w_std', 'chuva_lag1', 'chuva_lag3', 'chuva_lag7', 'chuva_ma3', 'chuva_ma7', 'chuva_ma14', 'chuva_ma30']
2025-11-13 18:36:05,207 - ARIMA_BR_DWGD - INFO - Tempo total da Fase 2: 0.44 segundos.
2025-11-13 18:36:05,207 - ARIMA_BR_DWGD - INFO - [FASE 3] Normalizando e criando sequências...
2025-11-13 18:36:05,214 - ARIMA_BR_DWGD - INFO - Tamanho treino: 5894 | teste: 30
2025-11-13 18:36:05,214 - ARIMA_BR_DWGD - INFO - Tempo da Fase 3: 0.01s
2025-11-13 18:36:05,214 - ARIMA_BR_DWGD - INFO - [FASE 4] Iniciando busca manual por hiperparâmetros (AIC).
2025-11-13 18:51:06,020 - ARIMA_BR_DWGD - INFO - Melhor order encontrado: (2, 0, 2)
2025-11-13 18:51:06,020 - ARIMA_BR_DWGD - INFO - Melhor seasonal_order encontrado: (1, 0, 1, 7)
2025-11-13 18:51:06,020 - ARIMA_BR_DWGD - INFO - Melhor AIC (treino): -24301.58
2025-11-13 18:51:06,020 - ARIMA_BR_DWGD - INFO - Tempo da Fase 4: 900.81s
2025-11-13 18:51:06,021 - ARIMA_BR_DWGD - INFO - [FASE 5] Reajustando melhor modelo no conjunto de treino.
2025-11-13 18:51:33,729 - ARIMA_BR_DWGD - INFO - Melhor modelo ajustado no treino.
2025-11-13 18:51:33,730 - ARIMA_BR_DWGD - INFO - Tempo da Fase 5: 27.71s
2025-11-13 18:51:33,730 - ARIMA_BR_DWGD - INFO - [FASE 6] Gerando previsões no conjunto de teste e avaliando métricas.
2025-11-13 19:00:57,493 - ARIMA_BR_DWGD - INFO - ==========================================================================================
2025-11-13 19:00:57,493 - ARIMA_BR_DWGD - INFO - Iniciando script ARIMA/ARIMAX BR_DWGD com 18 features (sem auto_arima).
2025-11-13 19:00:57,493 - ARIMA_BR_DWGD - INFO - ==========================================================================================
2025-11-13 19:00:57,493 - ARIMA_BR_DWGD - INFO - [FASE 1] Carregando dados de access_br_dwgd.recuperar_dados_br_dwgd_com_area()
2025-11-13 19:00:59,453 - ARIMA_BR_DWGD - INFO - Registros carregados: 5924 | Período: 2008-01-01 00:00:00 a 2024-03-20 00:00:00
2025-11-13 19:00:59,453 - ARIMA_BR_DWGD - INFO - [FASE 2] Criando features temporais e estatísticas...
2025-11-13 19:00:59,907 - ARIMA_BR_DWGD - INFO - Engenharia de features concluída. Total de colunas: 29
2025-11-13 19:00:59,907 - ARIMA_BR_DWGD - INFO - Colunas criadas: ['chuva', 'Tmax', 'Tmin', 'dia_seno', 'dia_cosseno', 'prcptot_w', 'rx1day_w', 'rx5days_w', 'sdii_w', 'r20mm_w', 'wd_w', 'dd_w', 'cwd_w', 'cdd_w', 'prcwq_w', 'prcdq_w', 'tmean_w_mean', 'tmean_w_std', 'tmax_w_max', 'tmin_w_min', 'dtr_w_mean', 'dtr_w_std', 'chuva_lag1', 'chuva_lag3', 'chuva_lag7', 'chuva_ma3', 'chuva_ma7', 'chuva_ma14', 'chuva_ma30']
2025-11-13 19:00:59,907 - ARIMA_BR_DWGD - INFO - Tempo total da Fase 2: 0.45 segundos.
2025-11-13 19:00:59,907 - ARIMA_BR_DWGD - INFO - [FASE 3] Normalizando e criando sequências...
2025-11-13 19:00:59,911 - ARIMA_BR_DWGD - INFO - Tamanho treino: 5894 | teste: 30
2025-11-13 19:00:59,911 - ARIMA_BR_DWGD - INFO - Tempo da Fase 3: 0.00s
2025-11-13 19:00:59,911 - ARIMA_BR_DWGD - INFO - [FASE 4] Iniciando busca manual por hiperparâmetros (AIC).
2025-11-13 19:16:01,958 - ARIMA_BR_DWGD - INFO - Melhor order encontrado: (2, 0, 2)
2025-11-13 19:16:01,958 - ARIMA_BR_DWGD - INFO - Melhor seasonal_order encontrado: (1, 0, 1, 7)
2025-11-13 19:16:01,958 - ARIMA_BR_DWGD - INFO - Melhor AIC (treino): -24301.58
2025-11-13 19:16:01,958 - ARIMA_BR_DWGD - INFO - Tempo da Fase 4: 902.05s
2025-11-13 19:16:01,958 - ARIMA_BR_DWGD - INFO - [FASE 5] Reajustando melhor modelo no conjunto de treino.
2025-11-13 19:16:30,442 - ARIMA_BR_DWGD - INFO - Melhor modelo ajustado no treino.
2025-11-13 19:16:30,447 - ARIMA_BR_DWGD - INFO - Tempo da Fase 5: 28.49s
2025-11-13 19:16:30,447 - ARIMA_BR_DWGD - INFO - [FASE 6] Gerando previsões no conjunto de teste e avaliando métricas.
2025-11-13 19:16:31,556 - ARIMA_BR_DWGD - INFO - RMSE: 11.4230
2025-11-13 19:16:31,556 - ARIMA_BR_DWGD - INFO - MSE : 130.4860
2025-11-13 19:16:31,556 - ARIMA_BR_DWGD - INFO - MAE : 7.1545
2025-11-13 19:16:31,556 - ARIMA_BR_DWGD - INFO - CSI (thr=1.0 mm): 0.3333  [TP=5, FP=9, FN=1]
2025-11-13 19:16:31,556 - ARIMA_BR_DWGD - INFO - Tempo total da Fase 5: 1.11s
2025-11-13 19:16:31,556 - ARIMA_BR_DWGD - INFO - [FASE 7] Salvando gráfico de previsão vs. observado.
2025-11-13 19:16:31,707 - ARIMA_BR_DWGD - INFO - Gráfico salvo como 'arimaBrDwgd_result.png'.
2025-11-13 19:16:31,708 - ARIMA_BR_DWGD - INFO - ==========================================================================================
2025-11-13 19:16:31,708 - ARIMA_BR_DWGD - INFO - Execução ARIMAX BR_DWGD finalizada com sucesso.
2025-11-13 19:16:31,708 - ARIMA_BR_DWGD - INFO - Tempo total de execução: 934.21s
2025-11-13 19:16:31,708 - ARIMA_BR_DWGD - INFO - ==========================================================================================
2025-11-20 11:39:57,224 - ARIMA_BR_DWGD - INFO - ==========================================================================================
2025-11-20 11:39:57,224 - ARIMA_BR_DWGD - INFO - Iniciando script ARIMA/ARIMAX BR_DWGD com 18 features (sem auto_arima).
2025-11-20 11:39:57,224 - ARIMA_BR_DWGD - INFO - ==========================================================================================
2025-11-20 11:39:57,224 - ARIMA_BR_DWGD - INFO - [FASE 1] Carregando dados de access_br_dwgd.recuperar_dados_br_dwgd_com_area()
2025-11-20 11:40:01,200 - ARIMA_BR_DWGD - INFO - Registros carregados: 5924 | Período: 2008-01-01 00:00:00 a 2024-03-20 00:00:00
2025-11-20 11:40:01,200 - ARIMA_BR_DWGD - INFO - [FASE 2] Criando features temporais e estatísticas...
2025-11-20 11:40:01,200 - ARIMA_BR_DWGD - INFO - Engenharia de features concluída. Total de colunas: 1
2025-11-20 11:40:01,200 - ARIMA_BR_DWGD - INFO - Colunas criadas: ['chuva']
2025-11-20 11:40:01,200 - ARIMA_BR_DWGD - INFO - Tempo total da Fase 2: 0.00 segundos.
2025-11-20 11:40:01,200 - ARIMA_BR_DWGD - INFO - [FASE 3] Normalizando e criando sequências...
2025-11-20 11:40:01,204 - ARIMA_BR_DWGD - INFO - Tamanho treino: 5894 | teste: 30
2025-11-20 11:40:01,205 - ARIMA_BR_DWGD - INFO - Tempo da Fase 3: 0.00s
2025-11-20 11:40:01,205 - ARIMA_BR_DWGD - INFO - [FASE 4] Iniciando busca manual por hiperparâmetros (AIC).
2025-11-20 11:48:38,284 - ARIMA_BR_DWGD - INFO - ==========================================================================================
2025-11-20 11:48:38,284 - ARIMA_BR_DWGD - INFO - Iniciando script ARIMA/ARIMAX BR_DWGD com 18 features (sem auto_arima).
2025-11-20 11:48:38,284 - ARIMA_BR_DWGD - INFO - ==========================================================================================
2025-11-20 11:48:38,284 - ARIMA_BR_DWGD - INFO - [FASE 1] Carregando dados de access_br_dwgd.recuperar_dados_br_dwgd_com_area()
2025-11-20 11:48:41,905 - ARIMA_BR_DWGD - INFO - Registros carregados: 5924 | Período: 2008-01-01 00:00:00 a 2024-03-20 00:00:00
2025-11-20 11:48:41,905 - ARIMA_BR_DWGD - INFO - [FASE 2] Criando features temporais e estatísticas...
2025-11-20 11:48:41,905 - ARIMA_BR_DWGD - INFO - Engenharia de features concluída. Total de colunas: 1
2025-11-20 11:48:41,905 - ARIMA_BR_DWGD - INFO - Colunas criadas: ['chuva']
2025-11-20 11:48:41,905 - ARIMA_BR_DWGD - INFO - Tempo total da Fase 2: 0.00 segundos.
2025-11-20 11:48:41,905 - ARIMA_BR_DWGD - INFO - [FASE 3] Normalizando e criando sequências...
2025-11-20 11:48:41,907 - ARIMA_BR_DWGD - INFO - Tamanho treino: 5894 | teste: 30
2025-11-20 11:48:41,907 - ARIMA_BR_DWGD - INFO - Tempo da Fase 3: 0.00s
2025-11-20 11:48:41,907 - ARIMA_BR_DWGD - INFO - [FASE 4] Iniciando busca manual por hiperparâmetros (AIC).
2025-11-20 11:50:43,466 - ARIMA_BR_DWGD - INFO - ==========================================================================================
2025-11-20 11:50:43,466 - ARIMA_BR_DWGD - INFO - Iniciando script ARIMA/ARIMAX BR_DWGD com 18 features (sem auto_arima).
2025-11-20 11:50:43,466 - ARIMA_BR_DWGD - INFO - ==========================================================================================
2025-11-20 11:50:43,466 - ARIMA_BR_DWGD - INFO - [FASE 1] Carregando dados de access_br_dwgd.recuperar_dados_br_dwgd_com_area()
2025-11-20 11:50:44,782 - ARIMA_BR_DWGD - INFO - Registros carregados: 5924 | Período: 2008-01-01 00:00:00 a 2024-03-20 00:00:00
2025-11-20 11:50:44,782 - ARIMA_BR_DWGD - INFO - [FASE 2] Criando features temporais e estatísticas...
2025-11-20 11:50:44,782 - ARIMA_BR_DWGD - INFO - Engenharia de features concluída. Total de colunas: 1
2025-11-20 11:50:44,782 - ARIMA_BR_DWGD - INFO - Colunas criadas: ['chuva']
2025-11-20 11:50:44,782 - ARIMA_BR_DWGD - INFO - Tempo total da Fase 2: 0.00 segundos.
2025-11-20 11:50:44,782 - ARIMA_BR_DWGD - INFO - [FASE 3] Normalizando e criando sequências...
2025-11-20 11:50:44,784 - ARIMA_BR_DWGD - INFO - Tamanho treino: 5894 | teste: 30
2025-11-20 11:50:44,784 - ARIMA_BR_DWGD - INFO - Tempo da Fase 3: 0.00s
2025-11-20 11:50:44,784 - ARIMA_BR_DWGD - INFO - [FASE 4] Iniciando busca manual por hiperparâmetros (AIC).
2025-11-20 11:51:12,786 - ARIMA_BR_DWGD - INFO - ==========================================================================================
2025-11-20 11:51:12,787 - ARIMA_BR_DWGD - INFO - Iniciando script ARIMA/ARIMAX BR_DWGD com 18 features (sem auto_arima).
2025-11-20 11:51:12,787 - ARIMA_BR_DWGD - INFO - ==========================================================================================
2025-11-20 11:51:12,787 - ARIMA_BR_DWGD - INFO - [FASE 1] Carregando dados de access_br_dwgd.recuperar_dados_br_dwgd_com_area()
2025-11-20 11:51:14,423 - ARIMA_BR_DWGD - INFO - Registros carregados: 5924 | Período: 2008-01-01 00:00:00 a 2024-03-20 00:00:00
2025-11-20 11:51:14,423 - ARIMA_BR_DWGD - INFO - [FASE 2] Criando features temporais e estatísticas...
2025-11-20 11:51:14,423 - ARIMA_BR_DWGD - INFO - Engenharia de features concluída. Total de colunas: 1
2025-11-20 11:51:14,423 - ARIMA_BR_DWGD - INFO - Colunas criadas: ['chuva']
2025-11-20 11:51:14,423 - ARIMA_BR_DWGD - INFO - Tempo total da Fase 2: 0.00 segundos.
2025-11-20 11:51:14,423 - ARIMA_BR_DWGD - INFO - [FASE 3] Normalizando e criando sequências...
2025-11-20 11:51:14,425 - ARIMA_BR_DWGD - INFO - Tamanho treino: 5894 | teste: 30
2025-11-20 11:51:14,425 - ARIMA_BR_DWGD - INFO - Tempo da Fase 3: 0.00s
2025-11-20 11:51:14,426 - ARIMA_BR_DWGD - INFO - [FASE 4] Iniciando busca manual por hiperparâmetros (AIC).
2025-11-20 11:51:50,437 - ARIMA_BR_DWGD - INFO - Melhor order encontrado: (30, 0, 0)
2025-11-20 11:51:50,437 - ARIMA_BR_DWGD - INFO - Melhor AIC (treino): -16095.51
2025-11-20 11:51:50,437 - ARIMA_BR_DWGD - INFO - Tempo da Fase 4: 36.01s
2025-11-20 11:51:50,437 - ARIMA_BR_DWGD - INFO - [FASE 5] Reajustando melhor modelo no conjunto de treino.
2025-11-20 11:52:22,935 - ARIMA_BR_DWGD - INFO - Melhor modelo ajustado no treino.
2025-11-20 11:52:22,935 - ARIMA_BR_DWGD - INFO - Tempo da Fase 5: 32.50s
2025-11-20 11:52:22,935 - ARIMA_BR_DWGD - INFO - [FASE 6] Gerando previsões no conjunto de teste e avaliando métricas.
2025-11-20 11:52:22,986 - ARIMA_BR_DWGD - INFO - RMSE: 13.3585
2025-11-20 11:52:22,986 - ARIMA_BR_DWGD - INFO - MSE : 178.4498
2025-11-20 11:52:22,986 - ARIMA_BR_DWGD - INFO - MAE : 7.4102
2025-11-20 11:52:22,987 - ARIMA_BR_DWGD - INFO - CSI (thr=1.0 mm): 0.2000  [TP=6, FP=24, FN=0]
2025-11-20 11:52:22,987 - ARIMA_BR_DWGD - INFO - Tempo total da Fase 5: 0.05s
2025-11-20 11:52:22,987 - ARIMA_BR_DWGD - INFO - [FASE 7] Salvando gráfico de previsão vs. observado.
2025-11-20 11:52:23,721 - ARIMA_BR_DWGD - INFO - Gráfico salvo como 'arimaBrDwgd_result.png'.
2025-11-20 11:52:23,722 - ARIMA_BR_DWGD - INFO - ==========================================================================================
2025-11-20 11:52:23,722 - ARIMA_BR_DWGD - INFO - Execução ARIMAX BR_DWGD finalizada com sucesso.
2025-11-20 11:52:23,722 - ARIMA_BR_DWGD - INFO - Tempo total de execução: 70.93s
2025-11-20 11:52:23,722 - ARIMA_BR_DWGD - INFO - ==========================================================================================
2025-11-21 09:24:39,654 - ARIMA_BR_DWGD - INFO - ==========================================================================================
2025-11-21 09:24:39,656 - ARIMA_BR_DWGD - INFO - Iniciando script ARIMA/ARIMAX BR_DWGD com 1 features.
2025-11-21 09:24:39,656 - ARIMA_BR_DWGD - INFO - ==========================================================================================
2025-11-21 09:24:39,656 - ARIMA_BR_DWGD - INFO - [FASE 1] Carregando dados de access_br_dwgd.recuperar_dados_br_dwgd_com_area()
2025-11-21 09:24:41,176 - ARIMA_BR_DWGD - INFO - Registros carregados: 5924 | Período: 2008-01-01 00:00:00 a 2024-03-20 00:00:00
2025-11-21 09:24:41,176 - ARIMA_BR_DWGD - INFO - [FASE 2] Criando features temporais e estatísticas...
2025-11-21 09:24:41,176 - ARIMA_BR_DWGD - INFO - Engenharia de features concluída. Total de colunas: 1
2025-11-21 09:24:41,176 - ARIMA_BR_DWGD - INFO - Colunas criadas: ['chuva']
2025-11-21 09:24:41,176 - ARIMA_BR_DWGD - INFO - Tempo total da Fase 2: 0.00 segundos.
2025-11-21 09:24:41,176 - ARIMA_BR_DWGD - INFO - [FASE 3] Normalizando e criando sequências...
2025-11-21 09:24:41,177 - ARIMA_BR_DWGD - INFO - Tamanho treino: 5894 | teste: 30
2025-11-21 09:24:41,177 - ARIMA_BR_DWGD - INFO - Tempo da Fase 3: 0.00s
2025-11-21 09:24:41,177 - ARIMA_BR_DWGD - INFO - [FASE 4] Iniciando busca manual por hiperparâmetros (AIC).
2025-11-21 09:24:59,572 - ARIMA_BR_DWGD - INFO - ==========================================================================================
2025-11-21 09:24:59,572 - ARIMA_BR_DWGD - INFO - Iniciando script ARIMA/ARIMAX BR_DWGD com 1 features.
2025-11-21 09:24:59,572 - ARIMA_BR_DWGD - INFO - ==========================================================================================
2025-11-21 09:24:59,572 - ARIMA_BR_DWGD - INFO - [FASE 1] Carregando dados de access_br_dwgd.recuperar_dados_br_dwgd_com_area()
2025-11-21 09:25:01,510 - ARIMA_BR_DWGD - INFO - Registros carregados: 5924 | Período: 2008-01-01 00:00:00 a 2024-03-20 00:00:00
2025-11-21 09:25:01,510 - ARIMA_BR_DWGD - INFO - [FASE 2] Criando features temporais e estatísticas...
2025-11-21 09:25:01,510 - ARIMA_BR_DWGD - INFO - Engenharia de features concluída. Total de colunas: 1
2025-11-21 09:25:01,510 - ARIMA_BR_DWGD - INFO - Colunas criadas: ['chuva']
2025-11-21 09:25:01,510 - ARIMA_BR_DWGD - INFO - Tempo total da Fase 2: 0.00 segundos.
2025-11-21 09:25:01,510 - ARIMA_BR_DWGD - INFO - [FASE 3] Normalizando e criando sequências...
2025-11-21 09:25:01,511 - ARIMA_BR_DWGD - INFO - Tamanho treino: 5894 | teste: 30
2025-11-21 09:25:01,511 - ARIMA_BR_DWGD - INFO - Tempo da Fase 3: 0.00s
2025-11-21 09:25:01,511 - ARIMA_BR_DWGD - INFO - [FASE 4] Iniciando busca manual por hiperparâmetros (AIC).
2025-11-21 09:25:20,559 - ARIMA_BR_DWGD - INFO - Melhor order encontrado: (30, 0, 0)
2025-11-21 09:25:20,560 - ARIMA_BR_DWGD - INFO - Melhor AIC (treino): 43310.66
2025-11-21 09:25:20,560 - ARIMA_BR_DWGD - INFO - Tempo da Fase 4: 19.05s
2025-11-21 09:25:20,560 - ARIMA_BR_DWGD - INFO - [FASE 5] Reajustando melhor modelo no conjunto de treino.
2025-11-21 09:25:36,540 - ARIMA_BR_DWGD - INFO - Melhor modelo ajustado no treino.
2025-11-21 09:25:36,540 - ARIMA_BR_DWGD - INFO - Tempo da Fase 5: 15.98s
2025-11-21 09:25:36,540 - ARIMA_BR_DWGD - INFO - [FASE 6] Gerando previsões no conjunto de teste e avaliando métricas.
2025-11-21 09:25:36,545 - ARIMA_BR_DWGD - INFO - RMSE: 13.3584
2025-11-21 09:25:36,545 - ARIMA_BR_DWGD - INFO - MSE : 178.4481
2025-11-21 09:25:36,545 - ARIMA_BR_DWGD - INFO - MAE : 7.4084
2025-11-21 09:25:36,545 - ARIMA_BR_DWGD - INFO - CSI (thr=1.0 mm): 0.2000  [TP=6, FP=24, FN=0]
2025-11-21 09:25:36,545 - ARIMA_BR_DWGD - INFO - Tempo total da Fase 5: 0.01s
2025-11-21 09:25:36,545 - ARIMA_BR_DWGD - INFO - [FASE 7] Salvando gráfico de previsão vs. observado.
2025-11-21 09:25:36,742 - ARIMA_BR_DWGD - INFO - Gráfico salvo como 'arimaBrDwgd_result.png'.
2025-11-21 09:25:36,742 - ARIMA_BR_DWGD - INFO - ==========================================================================================
2025-11-21 09:25:36,742 - ARIMA_BR_DWGD - INFO - Execução ARIMA BR_DWGD finalizada com sucesso.
2025-11-21 09:25:36,742 - ARIMA_BR_DWGD - INFO - Tempo total de execução: 37.17s
2025-11-21 09:25:36,742 - ARIMA_BR_DWGD - INFO - ==========================================================================================
