2025-11-13 19:49:58,235 - BILSTM_MERGE_TORCH - INFO - ==========================================================================================
2025-11-13 19:49:58,235 - BILSTM_MERGE_TORCH - INFO - Iniciando script BILSTM (PyTorch) com suporte a GPU e logs detalhados.
2025-11-13 19:49:58,235 - BILSTM_MERGE_TORCH - INFO - ==========================================================================================
2025-11-13 19:49:58,236 - BILSTM_MERGE_TORCH - INFO - Dispositivo em uso: cpu
2025-11-13 19:49:58,236 - BILSTM_MERGE_TORCH - WARNING - Nenhuma GPU disponível. Rodando no CPU.
2025-11-13 19:49:58,236 - BILSTM_MERGE_TORCH - INFO - [FASE 1] Carregando e pré-processando dados...
2025-11-13 19:50:40,428 - BILSTM_MERGE_TORCH - INFO - ==========================================================================================
2025-11-13 19:50:40,428 - BILSTM_MERGE_TORCH - INFO - Iniciando script BILSTM (PyTorch) com suporte a GPU e logs detalhados.
2025-11-13 19:50:40,428 - BILSTM_MERGE_TORCH - INFO - ==========================================================================================
2025-11-13 19:50:40,429 - BILSTM_MERGE_TORCH - INFO - Dispositivo em uso: cpu
2025-11-13 19:50:40,429 - BILSTM_MERGE_TORCH - WARNING - Nenhuma GPU disponível. Rodando no CPU.
2025-11-13 19:50:40,429 - BILSTM_MERGE_TORCH - INFO - [FASE 1] Carregando e pré-processando dados...
2025-11-13 19:50:44,164 - BILSTM_MERGE_TORCH - INFO - Dados carregados com 100 registros.
2025-11-13 19:50:44,165 - BILSTM_MERGE_TORCH - INFO - Período: 1998-01-02 00:00:00 → 1998-04-11 00:00:00
2025-11-13 19:50:44,168 - BILSTM_MERGE_TORCH - INFO - Primeiras linhas:
                   chuva
data                    
1998-01-02  4.231450e-23
1998-01-03  1.791678e-10
1998-01-04  3.262500e+01
1998-01-05  1.875000e+00
1998-01-06  1.000000e+00
2025-11-13 19:50:44,168 - BILSTM_MERGE_TORCH - INFO - [FASE 2] Criando features temporais e estatísticas...
2025-11-13 19:50:44,184 - BILSTM_MERGE_TORCH - INFO - Engenharia de features concluída. Total de colunas: 21
2025-11-13 19:50:44,184 - BILSTM_MERGE_TORCH - INFO - Colunas criadas: ['chuva', 'dia_seno', 'dia_cosseno', 'prcptot_w', 'rx1day_w', 'rx5days_w', 'sdii_w', 'r20mm_w', 'wd_w', 'dd_w', 'cwd_w', 'cdd_w', 'prcwq_w', 'prcdq_w', 'chuva_lag1', 'chuva_lag3', 'chuva_lag7', 'chuva_ma3', 'chuva_ma7', 'chuva_ma14', 'chuva_ma30']
2025-11-13 19:50:44,184 - BILSTM_MERGE_TORCH - INFO - Tempo total da Fase 2: 3.76 segundos.
2025-11-13 19:50:44,184 - BILSTM_MERGE_TORCH - INFO - [FASE 3] Normalizando e criando sequências...
2025-11-13 19:50:44,209 - BILSTM_MERGE_TORCH - INFO - Shape treino: torch.Size([55, 14, 21]), teste: torch.Size([30, 14, 21])
2025-11-13 19:50:44,209 - BILSTM_MERGE_TORCH - INFO - Tempo total da Fase 3: 0.03s
2025-11-13 19:50:44,209 - BILSTM_MERGE_TORCH - INFO - [FASE 4] Iniciando treinamento do modelo PyTorch...
2025-11-13 19:50:45,745 - BILSTM_MERGE_TORCH - INFO - Modelo criado com input_dim=21, hidden_dim=256, layers=2
2025-11-13 19:50:45,745 - BILSTM_MERGE_TORCH - INFO - Treinando por 1 épocas com batch_size=32
2025-11-13 19:50:45,956 - BILSTM_MERGE_TORCH - INFO - Época [1/1] - Loss: 0.134430
2025-11-13 19:50:45,956 - BILSTM_MERGE_TORCH - INFO - Treinamento concluído em 0.03 minutos
2025-11-13 19:50:45,956 - BILSTM_MERGE_TORCH - INFO - [FASE 5] Avaliando modelo no conjunto de teste...
2025-11-13 19:51:43,532 - BILSTM_MERGE_TORCH - INFO - ==========================================================================================
2025-11-13 19:51:43,533 - BILSTM_MERGE_TORCH - INFO - Iniciando script BILSTM (PyTorch) com suporte a GPU e logs detalhados.
2025-11-13 19:51:43,533 - BILSTM_MERGE_TORCH - INFO - ==========================================================================================
2025-11-13 19:51:43,533 - BILSTM_MERGE_TORCH - INFO - Dispositivo em uso: cpu
2025-11-13 19:51:43,533 - BILSTM_MERGE_TORCH - WARNING - Nenhuma GPU disponível. Rodando no CPU.
2025-11-13 19:51:43,533 - BILSTM_MERGE_TORCH - INFO - [FASE 1] Carregando e pré-processando dados...
2025-11-13 19:51:47,456 - BILSTM_MERGE_TORCH - INFO - Dados carregados com 100 registros.
2025-11-13 19:51:47,456 - BILSTM_MERGE_TORCH - INFO - Período: 1998-01-02 00:00:00 → 1998-04-11 00:00:00
2025-11-13 19:51:47,459 - BILSTM_MERGE_TORCH - INFO - Primeiras linhas:
                   chuva
data                    
1998-01-02  4.231450e-23
1998-01-03  1.791678e-10
1998-01-04  3.262500e+01
1998-01-05  1.875000e+00
1998-01-06  1.000000e+00
2025-11-13 19:51:47,459 - BILSTM_MERGE_TORCH - INFO - [FASE 2] Criando features temporais e estatísticas...
2025-11-13 19:51:47,473 - BILSTM_MERGE_TORCH - INFO - Engenharia de features concluída. Total de colunas: 21
2025-11-13 19:51:47,473 - BILSTM_MERGE_TORCH - INFO - Colunas criadas: ['chuva', 'dia_seno', 'dia_cosseno', 'prcptot_w', 'rx1day_w', 'rx5days_w', 'sdii_w', 'r20mm_w', 'wd_w', 'dd_w', 'cwd_w', 'cdd_w', 'prcwq_w', 'prcdq_w', 'chuva_lag1', 'chuva_lag3', 'chuva_lag7', 'chuva_ma3', 'chuva_ma7', 'chuva_ma14', 'chuva_ma30']
2025-11-13 19:51:47,473 - BILSTM_MERGE_TORCH - INFO - Tempo total da Fase 2: 3.94 segundos.
2025-11-13 19:51:47,473 - BILSTM_MERGE_TORCH - INFO - [FASE 3] Normalizando e criando sequências...
2025-11-13 19:51:47,476 - BILSTM_MERGE_TORCH - INFO - Shape treino: torch.Size([55, 14, 21]), teste: torch.Size([30, 14, 21])
2025-11-13 19:51:47,476 - BILSTM_MERGE_TORCH - INFO - Tempo total da Fase 3: 0.00s
2025-11-13 19:51:47,476 - BILSTM_MERGE_TORCH - INFO - [FASE 4] Iniciando treinamento do modelo PyTorch...
2025-11-13 19:51:48,334 - BILSTM_MERGE_TORCH - INFO - Modelo criado com input_dim=21, hidden_dim=256, layers=2
2025-11-13 19:51:48,334 - BILSTM_MERGE_TORCH - INFO - Treinando por 1 épocas com batch_size=32
2025-11-13 19:51:48,433 - BILSTM_MERGE_TORCH - INFO - Época [1/1] - Loss: 0.128416
2025-11-13 19:51:48,433 - BILSTM_MERGE_TORCH - INFO - Treinamento concluído em 0.02 minutos
2025-11-13 19:51:48,433 - BILSTM_MERGE_TORCH - INFO - [FASE 5] Avaliando modelo no conjunto de teste...
2025-11-13 19:51:48,501 - BILSTM_MERGE_TORCH - INFO - RMSE: 10.2220
2025-11-13 19:51:48,502 - BILSTM_MERGE_TORCH - INFO - MSE : 104.4895
2025-11-13 19:51:48,502 - BILSTM_MERGE_TORCH - INFO - MAE : 5.1778
2025-11-13 19:51:48,502 - BILSTM_MERGE_TORCH - INFO - CSI (thr=1.0 mm): 0.3333  [TP=10, FP=20, FN=0]
2025-11-13 19:51:48,502 - BILSTM_MERGE_TORCH - INFO - [FASE 6] Gerando gráfico de previsão...
2025-11-13 19:51:48,502 - BILSTM_MERGE_TORCH - INFO - [FASE 7] Gerando gráficos...
2025-11-13 19:51:48,687 - BILSTM_MERGE_TORCH - INFO - ==========================================================================================
2025-11-13 19:51:48,687 - BILSTM_MERGE_TORCH - INFO - Execução finalizada com sucesso.
2025-11-13 19:51:48,687 - BILSTM_MERGE_TORCH - INFO - Dispositivo utilizado: cpu
2025-11-13 19:51:48,687 - BILSTM_MERGE_TORCH - INFO - ==========================================================================================
