2025-10-09 21:03:42,064 - BiLstm MERGE - INFO - Iniciando script de previsão com BiLSTM Merge(TensorFlow/Keras).
2025-10-09 21:03:58,860 - BiLstm MERGE - INFO - Iniciando script de previsão com BiLSTM Merge(TensorFlow/Keras).
2025-10-09 21:04:27,488 - BiLstm MERGE - INFO - Iniciando script de previsão com BiLSTM Merge(TensorFlow/Keras).
2025-10-09 21:04:55,212 - BiLstm MERGE - INFO - Dados carregados com sucesso. Total de 100 registros.
2025-10-09 21:05:14,884 - BiLstm MERGE - INFO - Dados carregados com sucesso. Total de 100 registros.
2025-10-09 21:05:30,717 - BiLstm MERGE - INFO - Preparando sequências com um lookback de 45 dias.
2025-10-09 21:05:30,721 - BiLstm MERGE - INFO - Sequências criadas. Treino: 41 amostras, Teste: 14 amostras.
2025-10-09 21:05:30,767 - BiLstm MERGE - INFO - Shape (41, 45, 18)
2025-10-09 21:05:59,890 - BiLstm MERGE - INFO - Iniciando treinamento por 300 épocas. Com batch_size: 16
2025-10-09 21:06:15,743 - BiLstm MERGE - INFO - Iniciando script de previsão com BiLSTM Merge(TensorFlow/Keras).
2025-10-09 21:06:18,464 - BiLstm MERGE - INFO - Dados carregados com sucesso. Total de 100 registros.
2025-10-09 21:06:18,902 - BiLstm MERGE - INFO - Preparando sequências com um lookback de 45 dias.
2025-10-09 21:06:18,904 - BiLstm MERGE - INFO - Sequências criadas. Treino: 41 amostras, Teste: 14 amostras.
2025-10-09 21:06:18,905 - BiLstm MERGE - INFO - Shape (41, 45, 18)
2025-10-09 21:06:19,059 - BiLstm MERGE - INFO - Iniciando treinamento por 300 épocas. Com batch_size: 16
2025-10-09 21:06:42,358 - BiLstm MERGE - INFO - Treinamento concluído.
2025-10-09 21:06:42,367 - BiLstm MERGE - INFO - Realizando previsões no conjunto de teste.
2025-10-09 21:07:31,964 - BiLstm MERGE - INFO - Iniciando script de previsão com BiLSTM Merge(TensorFlow/Keras).
2025-10-09 21:07:34,814 - BiLstm MERGE - INFO - Dados carregados com sucesso. Total de 100 registros.
2025-10-09 21:07:35,262 - BiLstm MERGE - INFO - Preparando sequências com um lookback de 45 dias.
2025-10-09 21:07:35,264 - BiLstm MERGE - INFO - Sequências criadas. Treino: 41 amostras, Teste: 14 amostras.
2025-10-09 21:07:35,314 - BiLstm MERGE - INFO - Shape (41, 45, 17)
2025-10-09 21:07:35,573 - BiLstm MERGE - INFO - Iniciando treinamento por 300 épocas. Com batch_size: 16
2025-10-09 21:08:04,131 - BiLstm MERGE - INFO - Treinamento concluído.
2025-10-09 21:08:04,138 - BiLstm MERGE - INFO - Realizando previsões no conjunto de teste.
2025-10-09 21:08:04,989 - BiLstm MERGE - INFO - Avaliação do Modelo - RMSE: 9.5114, MSE: 90.4676, MAE: 4.3822
2025-10-09 21:08:04,996 - BiLstm MERGE - INFO - Gerando gráfico de previsão final.
2025-10-09 21:08:05,130 - BiLstm MERGE - INFO - Script BiLSTM BrDwgd(TensorFlow/Keras) finalizado.
2025-10-09 21:09:06,890 - BiLstm MERGE - INFO - Iniciando script de previsão com BiLSTM Merge(TensorFlow/Keras).
2025-10-09 21:11:18,907 - BiLstm MERGE - INFO - Dados carregados com sucesso. Total de 5000 registros.
2025-10-09 21:11:19,350 - BiLstm MERGE - INFO - Preparando sequências com um lookback de 30 dias.
2025-10-09 21:11:19,362 - BiLstm MERGE - INFO - Sequências criadas. Treino: 3479 amostras, Teste: 1491 amostras.
2025-10-09 21:11:19,363 - BiLstm MERGE - INFO - Shape (3479, 30, 17)
2025-10-09 21:11:19,503 - BiLstm MERGE - INFO - Iniciando treinamento por 500 épocas. Com batch_size: 16
2025-10-09 21:21:14,032 - BiLstm MERGE - INFO - Treinamento concluído.
2025-10-09 21:21:14,039 - BiLstm MERGE - INFO - Realizando previsões no conjunto de teste.
2025-10-09 21:21:15,924 - BiLstm MERGE - INFO - Avaliação do Modelo - RMSE: 7.6093, MSE: 57.9021, MAE: 3.0573
2025-10-09 21:21:15,930 - BiLstm MERGE - INFO - Gerando gráfico de previsão final.
2025-10-09 21:21:16,084 - BiLstm MERGE - INFO - Script BiLSTM BrDwgd(TensorFlow/Keras) finalizado.
2025-10-09 22:04:08,257 - BiLstm MERGE - INFO - Iniciando treinamento por 500 épocas. Com batch_size: 16
2025-10-09 22:15:52,269 - BiLstm MERGE - INFO - Treinamento concluído.
2025-10-09 22:16:22,774 - BiLstm MERGE - INFO - Iniciando treinamento por 500 épocas. Com batch_size: 2
2025-10-09 22:24:05,439 - BiLstm MERGE - INFO - Preparando sequências com um lookback de 30 dias.
2025-10-09 22:24:05,465 - BiLstm MERGE - INFO - Sequências criadas. Treino: 3479 amostras, Teste: 1491 amostras.
2025-10-09 22:24:05,489 - BiLstm MERGE - INFO - Shape (3479, 30, 17)
2025-10-09 22:24:14,100 - BiLstm MERGE - INFO - Preparando sequências com um lookback de 30 dias.
2025-10-09 22:24:14,125 - BiLstm MERGE - INFO - Sequências criadas. Treino: 3479 amostras, Teste: 1491 amostras.
2025-10-09 22:24:14,126 - BiLstm MERGE - INFO - Shape (3479, 30, 17)
2025-10-09 22:24:21,849 - BiLstm MERGE - INFO - Preparando sequências com um lookback de 1 dias.
2025-10-09 22:24:21,856 - BiLstm MERGE - INFO - Sequências criadas. Treino: 3499 amostras, Teste: 1500 amostras.
2025-10-09 22:24:21,899 - BiLstm MERGE - INFO - Shape (3499, 1, 17)
2025-10-09 22:29:43,961 - BiLstm MERGE - INFO - Iniciando script de previsão com BiLSTM Merge(TensorFlow/Keras).
2025-10-09 22:30:42,555 - BiLstm MERGE - INFO - Dados carregados com sucesso. Total de 2000 registros.
2025-10-09 22:31:15,791 - BiLstm MERGE - INFO - Preparando sequências com um lookback de 1 dias.
2025-10-09 22:31:15,794 - BiLstm MERGE - INFO - Sequências criadas. Treino: 1399 amostras, Teste: 600 amostras.
2025-10-09 22:31:15,795 - BiLstm MERGE - INFO - Shape (1399, 1, 18)
2025-10-09 22:31:21,691 - BiLstm MERGE - INFO - Iniciando treinamento por 500 épocas. Com batch_size: 32
2025-10-09 22:32:44,847 - BiLstm MERGE - INFO - Dados carregados com sucesso. Total de 2000 registros.
2025-10-09 22:33:03,192 - BiLstm MERGE - INFO - Preparando sequências com um lookback de 1 dias.
2025-10-09 22:33:03,195 - BiLstm MERGE - INFO - Sequências criadas. Treino: 1399 amostras, Teste: 600 amostras.
2025-10-09 22:33:03,241 - BiLstm MERGE - INFO - Shape (1399, 1, 18)
2025-10-09 22:33:06,471 - BiLstm MERGE - INFO - Iniciando treinamento por 500 épocas. Com batch_size: 32
2025-10-09 22:33:27,319 - BiLstm MERGE - INFO - Treinamento concluído.
2025-10-09 22:33:32,303 - BiLstm MERGE - INFO - Realizando previsões no conjunto de teste.
2025-10-09 22:33:33,702 - BiLstm MERGE - INFO - Avaliação do Modelo - RMSE: 7.9652, MSE: 63.4446, MAE: 3.0271
2025-10-09 22:33:41,399 - BiLstm MERGE - INFO - Gerando gráfico de previsão final.
2025-10-09 22:33:41,556 - BiLstm MERGE - INFO - Script BiLSTM BrDwgd(TensorFlow/Keras) finalizado.
2025-10-09 22:34:36,969 - BiLstm MERGE - INFO - Preparando sequências com um lookback de 14 dias.
2025-10-09 22:34:36,974 - BiLstm MERGE - INFO - Sequências criadas. Treino: 1390 amostras, Teste: 596 amostras.
2025-10-09 22:34:37,017 - BiLstm MERGE - INFO - Shape (1390, 14, 18)
2025-10-09 22:34:38,329 - BiLstm MERGE - INFO - Iniciando treinamento por 300 épocas. Com batch_size: 32
2025-10-09 22:41:06,311 - BiLstm MERGE - INFO - Treinamento concluído.
2025-10-09 22:41:09,387 - BiLstm MERGE - INFO - Realizando previsões no conjunto de teste.
2025-10-09 22:41:10,875 - BiLstm MERGE - INFO - Avaliação do Modelo - RMSE: 8.2798, MSE: 68.5543, MAE: 3.3739
2025-10-09 22:41:13,477 - BiLstm MERGE - INFO - Gerando gráfico de previsão final.
2025-10-09 22:41:13,633 - BiLstm MERGE - INFO - Script BiLSTM BrDwgd(TensorFlow/Keras) finalizado.
2025-10-09 22:41:46,026 - BiLstm MERGE - INFO - Iniciando treinamento por 1000 épocas. Com batch_size: 32
2025-10-09 22:52:25,049 - BiLstm MERGE - INFO - Iniciando treinamento por 1000 épocas. Com batch_size: 32
