2025-11-11 18:54:00,889 - LSTM_BR_DWGD_TORCH - INFO - ==========================================================================================
2025-11-11 18:54:00,889 - LSTM_BR_DWGD_TORCH - INFO - Iniciando script LSTM (PyTorch) com suporte a GPU e logs detalhados.
2025-11-11 18:54:00,889 - LSTM_BR_DWGD_TORCH - INFO - ==========================================================================================
2025-11-11 18:54:00,891 - LSTM_BR_DWGD_TORCH - INFO - Dispositivo em uso: cpu
2025-11-11 18:54:00,891 - LSTM_BR_DWGD_TORCH - WARNING - Nenhuma GPU disponível. Rodando no CPU.
2025-11-11 18:54:00,891 - LSTM_BR_DWGD_TORCH - INFO - [FASE 1] Carregando e pré-processando dados...
2025-11-11 18:54:11,536 - LSTM_BR_DWGD_TORCH - INFO - Dados carregados com 5924 registros.
2025-11-11 18:54:11,536 - LSTM_BR_DWGD_TORCH - INFO - Período: 2008-01-01 00:00:00 → 2024-03-20 00:00:00
2025-11-11 18:54:11,548 - LSTM_BR_DWGD_TORCH - INFO - Primeiras linhas:
            chuva       Tmax       Tmin
2008-01-01    0.0  32.799999  23.500000
2008-01-02    0.0  33.200001  23.400000
2008-01-03    0.0  36.299999  22.200001
2008-01-04    0.0  37.900002  22.700001
2008-01-05    0.0  31.900000  23.100000
2025-11-11 18:54:11,549 - LSTM_BR_DWGD_TORCH - INFO - [FASE 2] Criando features temporais e estatísticas...
2025-11-11 18:54:11,636 - LSTM_BR_DWGD_TORCH - INFO - Engenharia de features concluída. Total de colunas: 14
2025-11-11 18:54:11,636 - LSTM_BR_DWGD_TORCH - INFO - Colunas criadas: ['chuva', 'Tmax', 'Tmin', 'dia_seno', 'dia_cosseno', 'prcptot_w', 'wd_w', 'dd_w', 'sdii_w', 'rx1day_w', 'rx5days_w', 'r20mm_w', 'cwd_w', 'cdd_w']
2025-11-11 18:54:11,636 - LSTM_BR_DWGD_TORCH - INFO - Tempo total da Fase 2: 10.75 segundos.
2025-11-11 18:54:11,637 - LSTM_BR_DWGD_TORCH - INFO - Transformação log1p aplicada na variável 'chuva'.
2025-11-11 18:54:11,637 - LSTM_BR_DWGD_TORCH - INFO - [FASE 3] Normalizando e criando sequências...
2025-11-11 18:54:11,911 - LSTM_BR_DWGD_TORCH - INFO - Shape treino: torch.Size([5450, 30, 14]), teste: torch.Size([443, 30, 14])
2025-11-11 18:54:11,912 - LSTM_BR_DWGD_TORCH - INFO - Tempo total da Fase 3: 0.27s
2025-11-11 18:54:11,912 - LSTM_BR_DWGD_TORCH - INFO - [FASE 4] Iniciando treinamento do modelo PyTorch...
2025-11-11 18:54:22,766 - LSTM_BR_DWGD_TORCH - INFO - Modelo criado com input_dim=14, hidden_dim=256, layers=2
2025-11-11 18:54:22,766 - LSTM_BR_DWGD_TORCH - INFO - Treinando por 10 épocas com batch_size=32
2025-11-11 18:54:27,447 - LSTM_BR_DWGD_TORCH - INFO - Época [1/10] - Loss: 0.163706
2025-11-11 18:55:05,782 - LSTM_BR_DWGD_TORCH - INFO - Treinamento concluído em 0.90 minutos
2025-11-11 18:55:05,782 - LSTM_BR_DWGD_TORCH - INFO - [FASE 5] Avaliando modelo no conjunto de teste...
2025-11-11 18:55:05,866 - LSTM_BR_DWGD_TORCH - INFO - RMSE: 13.8612
2025-11-11 18:55:05,866 - LSTM_BR_DWGD_TORCH - INFO - MSE : 192.1335
2025-11-11 18:55:05,866 - LSTM_BR_DWGD_TORCH - INFO - MAE : 4.5051
2025-11-11 18:55:05,866 - LSTM_BR_DWGD_TORCH - INFO - R2 : -0.0868
2025-11-11 18:55:05,866 - LSTM_BR_DWGD_TORCH - INFO - [FASE 6] Gerando gráfico de previsão...
2025-11-11 18:55:05,866 - LSTM_BR_DWGD_TORCH - INFO - [FASE 7] Gerando gráficos...
2025-11-11 18:55:06,190 - LSTM_BR_DWGD_TORCH - INFO - ==========================================================================================
2025-11-11 18:55:06,190 - LSTM_BR_DWGD_TORCH - INFO - Execução finalizada com sucesso.
2025-11-11 18:55:06,190 - LSTM_BR_DWGD_TORCH - INFO - Dispositivo utilizado: cpu
2025-11-11 18:55:06,190 - LSTM_BR_DWGD_TORCH - INFO - ==========================================================================================
2025-11-11 18:56:20,312 - LSTM_BR_DWGD_TORCH - INFO - ==========================================================================================
2025-11-11 18:56:20,312 - LSTM_BR_DWGD_TORCH - INFO - Iniciando script LSTM (PyTorch) com suporte a GPU e logs detalhados.
2025-11-11 18:56:20,312 - LSTM_BR_DWGD_TORCH - INFO - ==========================================================================================
2025-11-11 18:56:20,312 - LSTM_BR_DWGD_TORCH - INFO - Dispositivo em uso: cpu
2025-11-11 18:56:20,312 - LSTM_BR_DWGD_TORCH - WARNING - Nenhuma GPU disponível. Rodando no CPU.
2025-11-11 18:56:20,312 - LSTM_BR_DWGD_TORCH - INFO - [FASE 1] Carregando e pré-processando dados...
2025-11-11 18:56:22,249 - LSTM_BR_DWGD_TORCH - INFO - Dados carregados com 5924 registros.
2025-11-11 18:56:22,249 - LSTM_BR_DWGD_TORCH - INFO - Período: 2008-01-01 00:00:00 → 2024-03-20 00:00:00
2025-11-11 18:56:22,252 - LSTM_BR_DWGD_TORCH - INFO - Primeiras linhas:
            chuva       Tmax       Tmin
2008-01-01    0.0  32.799999  23.500000
2008-01-02    0.0  33.200001  23.400000
2008-01-03    0.0  36.299999  22.200001
2008-01-04    0.0  37.900002  22.700001
2008-01-05    0.0  31.900000  23.100000
2025-11-11 18:56:22,252 - LSTM_BR_DWGD_TORCH - INFO - [FASE 2] Criando features temporais e estatísticas...
2025-11-11 18:56:22,297 - LSTM_BR_DWGD_TORCH - INFO - Engenharia de features concluída. Total de colunas: 12
2025-11-11 18:56:22,298 - LSTM_BR_DWGD_TORCH - INFO - Colunas criadas: ['chuva', 'Tmax', 'Tmin', 'prcptot_w', 'wd_w', 'dd_w', 'sdii_w', 'rx1day_w', 'rx5days_w', 'r20mm_w', 'cwd_w', 'cdd_w']
2025-11-11 18:56:22,298 - LSTM_BR_DWGD_TORCH - INFO - Tempo total da Fase 2: 1.99 segundos.
2025-11-11 18:56:22,298 - LSTM_BR_DWGD_TORCH - INFO - Transformação log1p aplicada na variável 'chuva'.
2025-11-11 18:56:22,298 - LSTM_BR_DWGD_TORCH - INFO - [FASE 3] Normalizando e criando sequências...
2025-11-11 18:56:22,314 - LSTM_BR_DWGD_TORCH - INFO - Shape treino: torch.Size([5450, 30, 12]), teste: torch.Size([443, 30, 12])
2025-11-11 18:56:22,314 - LSTM_BR_DWGD_TORCH - INFO - Tempo total da Fase 3: 0.02s
2025-11-11 18:56:22,314 - LSTM_BR_DWGD_TORCH - INFO - [FASE 4] Iniciando treinamento do modelo PyTorch...
2025-11-11 18:56:22,976 - LSTM_BR_DWGD_TORCH - INFO - Modelo criado com input_dim=12, hidden_dim=256, layers=2
2025-11-11 18:56:22,976 - LSTM_BR_DWGD_TORCH - INFO - Treinando por 10 épocas com batch_size=32
2025-11-11 18:56:27,155 - LSTM_BR_DWGD_TORCH - INFO - Época [1/10] - Loss: 0.158566
2025-11-11 18:57:03,887 - LSTM_BR_DWGD_TORCH - INFO - Treinamento concluído em 0.69 minutos
2025-11-11 18:57:03,888 - LSTM_BR_DWGD_TORCH - INFO - [FASE 5] Avaliando modelo no conjunto de teste...
2025-11-11 18:57:03,965 - LSTM_BR_DWGD_TORCH - INFO - RMSE: 13.8869
2025-11-11 18:57:03,965 - LSTM_BR_DWGD_TORCH - INFO - MSE : 192.8448
2025-11-11 18:57:03,965 - LSTM_BR_DWGD_TORCH - INFO - MAE : 4.4709
2025-11-11 18:57:03,965 - LSTM_BR_DWGD_TORCH - INFO - R2 : -0.0908
2025-11-11 18:57:03,965 - LSTM_BR_DWGD_TORCH - INFO - [FASE 6] Gerando gráfico de previsão...
2025-11-11 18:57:03,965 - LSTM_BR_DWGD_TORCH - INFO - [FASE 7] Gerando gráficos...
2025-11-11 18:57:04,110 - LSTM_BR_DWGD_TORCH - INFO - ==========================================================================================
2025-11-11 18:57:04,110 - LSTM_BR_DWGD_TORCH - INFO - Execução finalizada com sucesso.
2025-11-11 18:57:04,110 - LSTM_BR_DWGD_TORCH - INFO - Dispositivo utilizado: cpu
2025-11-11 18:57:04,110 - LSTM_BR_DWGD_TORCH - INFO - ==========================================================================================
2025-11-11 18:57:49,322 - LSTM_BR_DWGD_TORCH - INFO - ==========================================================================================
2025-11-11 18:57:49,322 - LSTM_BR_DWGD_TORCH - INFO - Iniciando script LSTM (PyTorch) com suporte a GPU e logs detalhados.
2025-11-11 18:57:49,322 - LSTM_BR_DWGD_TORCH - INFO - ==========================================================================================
2025-11-11 18:57:49,322 - LSTM_BR_DWGD_TORCH - INFO - Dispositivo em uso: cpu
2025-11-11 18:57:49,322 - LSTM_BR_DWGD_TORCH - WARNING - Nenhuma GPU disponível. Rodando no CPU.
2025-11-11 18:57:49,322 - LSTM_BR_DWGD_TORCH - INFO - [FASE 1] Carregando e pré-processando dados...
2025-11-11 18:57:51,180 - LSTM_BR_DWGD_TORCH - INFO - Dados carregados com 5924 registros.
2025-11-11 18:57:51,180 - LSTM_BR_DWGD_TORCH - INFO - Período: 2008-01-01 00:00:00 → 2024-03-20 00:00:00
2025-11-11 18:57:51,183 - LSTM_BR_DWGD_TORCH - INFO - Primeiras linhas:
            chuva       Tmax       Tmin
2008-01-01    0.0  32.799999  23.500000
2008-01-02    0.0  33.200001  23.400000
2008-01-03    0.0  36.299999  22.200001
2008-01-04    0.0  37.900002  22.700001
2008-01-05    0.0  31.900000  23.100000
2025-11-11 18:57:51,183 - LSTM_BR_DWGD_TORCH - INFO - [FASE 2] Criando features temporais e estatísticas...
2025-11-11 18:57:51,239 - LSTM_BR_DWGD_TORCH - INFO - Engenharia de features concluída. Total de colunas: 12
2025-11-11 18:57:51,239 - LSTM_BR_DWGD_TORCH - INFO - Colunas criadas: ['chuva', 'Tmax', 'Tmin', 'prcptot_w', 'wd_w', 'dd_w', 'sdii_w', 'rx1day_w', 'rx5days_w', 'r20mm_w', 'cwd_w', 'cdd_w']
2025-11-11 18:57:51,239 - LSTM_BR_DWGD_TORCH - INFO - Tempo total da Fase 2: 1.92 segundos.
2025-11-11 18:57:51,240 - LSTM_BR_DWGD_TORCH - INFO - Transformação log1p aplicada na variável 'chuva'.
2025-11-11 18:57:51,240 - LSTM_BR_DWGD_TORCH - INFO - [FASE 3] Normalizando e criando sequências...
2025-11-11 18:57:51,258 - LSTM_BR_DWGD_TORCH - INFO - Shape treino: torch.Size([5450, 30, 12]), teste: torch.Size([443, 30, 12])
2025-11-11 18:57:51,258 - LSTM_BR_DWGD_TORCH - INFO - Tempo total da Fase 3: 0.02s
2025-11-11 18:57:51,258 - LSTM_BR_DWGD_TORCH - INFO - [FASE 4] Iniciando treinamento do modelo PyTorch...
2025-11-11 18:57:51,942 - LSTM_BR_DWGD_TORCH - INFO - Modelo criado com input_dim=12, hidden_dim=256, layers=2
2025-11-11 18:57:51,943 - LSTM_BR_DWGD_TORCH - INFO - Treinando por 10 épocas com batch_size=32
2025-11-11 18:57:55,868 - LSTM_BR_DWGD_TORCH - INFO - Época [1/10] - Loss: 0.159120
2025-11-11 18:58:57,219 - LSTM_BR_DWGD_TORCH - INFO - ==========================================================================================
2025-11-11 18:58:57,219 - LSTM_BR_DWGD_TORCH - INFO - Iniciando script LSTM (PyTorch) com suporte a GPU e logs detalhados.
2025-11-11 18:58:57,219 - LSTM_BR_DWGD_TORCH - INFO - ==========================================================================================
2025-11-11 18:58:57,219 - LSTM_BR_DWGD_TORCH - INFO - Dispositivo em uso: cpu
2025-11-11 18:58:57,220 - LSTM_BR_DWGD_TORCH - WARNING - Nenhuma GPU disponível. Rodando no CPU.
2025-11-11 18:58:57,220 - LSTM_BR_DWGD_TORCH - INFO - [FASE 1] Carregando e pré-processando dados...
2025-11-11 18:58:59,064 - LSTM_BR_DWGD_TORCH - INFO - Dados carregados com 5924 registros.
2025-11-11 18:58:59,065 - LSTM_BR_DWGD_TORCH - INFO - Período: 2008-01-01 00:00:00 → 2024-03-20 00:00:00
2025-11-11 18:58:59,068 - LSTM_BR_DWGD_TORCH - INFO - Primeiras linhas:
            chuva       Tmax       Tmin
2008-01-01    0.0  32.799999  23.500000
2008-01-02    0.0  33.200001  23.400000
2008-01-03    0.0  36.299999  22.200001
2008-01-04    0.0  37.900002  22.700001
2008-01-05    0.0  31.900000  23.100000
2025-11-11 18:58:59,068 - LSTM_BR_DWGD_TORCH - INFO - [FASE 2] Criando features temporais e estatísticas...
2025-11-11 18:58:59,115 - LSTM_BR_DWGD_TORCH - INFO - Engenharia de features concluída. Total de colunas: 12
2025-11-11 18:58:59,115 - LSTM_BR_DWGD_TORCH - INFO - Colunas criadas: ['chuva', 'Tmax', 'Tmin', 'prcptot_w', 'wd_w', 'dd_w', 'sdii_w', 'rx1day_w', 'rx5days_w', 'r20mm_w', 'cwd_w', 'cdd_w']
2025-11-11 18:58:59,115 - LSTM_BR_DWGD_TORCH - INFO - Tempo total da Fase 2: 1.90 segundos.
2025-11-11 18:58:59,115 - LSTM_BR_DWGD_TORCH - INFO - Transformação log1p aplicada na variável 'chuva'.
2025-11-11 18:58:59,115 - LSTM_BR_DWGD_TORCH - INFO - [FASE 3] Normalizando e criando sequências...
2025-11-11 18:58:59,132 - LSTM_BR_DWGD_TORCH - INFO - Shape treino: torch.Size([5450, 30, 12]), teste: torch.Size([443, 30, 12])
2025-11-11 18:58:59,133 - LSTM_BR_DWGD_TORCH - INFO - Tempo total da Fase 3: 0.02s
2025-11-11 18:58:59,133 - LSTM_BR_DWGD_TORCH - INFO - [FASE 4] Iniciando treinamento do modelo PyTorch...
2025-11-11 19:05:21,740 - LSTM_BR_DWGD_TORCH - INFO - ==========================================================================================
2025-11-11 19:05:21,740 - LSTM_BR_DWGD_TORCH - INFO - Iniciando script LSTM (PyTorch) com suporte a GPU e logs detalhados.
2025-11-11 19:05:21,740 - LSTM_BR_DWGD_TORCH - INFO - ==========================================================================================
2025-11-11 19:05:21,740 - LSTM_BR_DWGD_TORCH - INFO - Dispositivo em uso: cpu
2025-11-11 19:05:21,740 - LSTM_BR_DWGD_TORCH - WARNING - Nenhuma GPU disponível. Rodando no CPU.
2025-11-11 19:05:21,740 - LSTM_BR_DWGD_TORCH - INFO - [FASE 1] Carregando e pré-processando dados...
2025-11-11 19:05:23,682 - LSTM_BR_DWGD_TORCH - INFO - Dados carregados com 5924 registros.
2025-11-11 19:05:23,682 - LSTM_BR_DWGD_TORCH - INFO - Período: 2008-01-01 00:00:00 → 2024-03-20 00:00:00
2025-11-11 19:05:23,685 - LSTM_BR_DWGD_TORCH - INFO - Primeiras linhas:
            chuva       Tmax       Tmin
2008-01-01    0.0  32.799999  23.500000
2008-01-02    0.0  33.200001  23.400000
2008-01-03    0.0  36.299999  22.200001
2008-01-04    0.0  37.900002  22.700001
2008-01-05    0.0  31.900000  23.100000
2025-11-11 19:05:23,685 - LSTM_BR_DWGD_TORCH - INFO - [FASE 2] Criando features temporais e estatísticas...
2025-11-11 19:05:23,731 - LSTM_BR_DWGD_TORCH - INFO - Engenharia de features concluída. Total de colunas: 12
2025-11-11 19:05:23,731 - LSTM_BR_DWGD_TORCH - INFO - Colunas criadas: ['chuva', 'Tmax', 'Tmin', 'prcptot_w', 'wd_w', 'dd_w', 'sdii_w', 'rx1day_w', 'rx5days_w', 'r20mm_w', 'cwd_w', 'cdd_w']
2025-11-11 19:05:23,731 - LSTM_BR_DWGD_TORCH - INFO - Tempo total da Fase 2: 1.99 segundos.
2025-11-11 19:05:23,732 - LSTM_BR_DWGD_TORCH - INFO - Transformação log1p aplicada na variável 'chuva'.
2025-11-11 19:05:23,732 - LSTM_BR_DWGD_TORCH - INFO - [FASE 3] Normalizando e criando sequências...
2025-11-11 19:05:23,749 - LSTM_BR_DWGD_TORCH - INFO - Shape treino: torch.Size([5450, 30, 12]), teste: torch.Size([443, 30, 12])
2025-11-11 19:05:23,750 - LSTM_BR_DWGD_TORCH - INFO - Tempo total da Fase 3: 0.02s
2025-11-11 19:05:23,750 - LSTM_BR_DWGD_TORCH - INFO - [FASE 4] Iniciando treinamento do modelo PyTorch...
2025-11-11 19:05:24,971 - LSTM_BR_DWGD_TORCH - INFO - Modelo criado com input_dim=12, hidden_dim=256, layers=2
2025-11-11 19:05:24,971 - LSTM_BR_DWGD_TORCH - INFO - Treinando por 10 épocas com batch_size=32
2025-11-11 19:05:28,841 - LSTM_BR_DWGD_TORCH - INFO - Época [1/10] - Loss: 0.163016
2025-11-11 19:06:03,583 - LSTM_BR_DWGD_TORCH - INFO - Treinamento concluído em 0.66 minutos
2025-11-11 19:06:03,583 - LSTM_BR_DWGD_TORCH - INFO - [FASE 5] Avaliando modelo no conjunto de teste...
2025-11-11 19:06:03,653 - LSTM_BR_DWGD_TORCH - INFO - RMSE: 14.0142
2025-11-11 19:06:03,653 - LSTM_BR_DWGD_TORCH - INFO - MSE : 196.3987
2025-11-11 19:06:03,653 - LSTM_BR_DWGD_TORCH - INFO - MAE : 4.4275
2025-11-11 19:06:03,653 - LSTM_BR_DWGD_TORCH - INFO - R2 : -0.1109
2025-11-11 19:06:03,653 - LSTM_BR_DWGD_TORCH - INFO - [FASE 6] Gerando gráfico de previsão...
2025-11-11 19:06:03,653 - LSTM_BR_DWGD_TORCH - INFO - [FASE 7] Gerando gráficos...
2025-11-11 19:06:03,793 - LSTM_BR_DWGD_TORCH - INFO - ==========================================================================================
2025-11-11 19:06:03,793 - LSTM_BR_DWGD_TORCH - INFO - Execução finalizada com sucesso.
2025-11-11 19:06:03,793 - LSTM_BR_DWGD_TORCH - INFO - Dispositivo utilizado: cpu
2025-11-11 19:06:03,793 - LSTM_BR_DWGD_TORCH - INFO - ==========================================================================================
2025-11-11 19:11:40,600 - LSTM_BR_DWGD_TORCH - INFO - ==========================================================================================
2025-11-11 19:11:40,600 - LSTM_BR_DWGD_TORCH - INFO - Iniciando script LSTM (PyTorch) com suporte a GPU e logs detalhados.
2025-11-11 19:11:40,600 - LSTM_BR_DWGD_TORCH - INFO - ==========================================================================================
2025-11-11 19:11:40,600 - LSTM_BR_DWGD_TORCH - INFO - Dispositivo em uso: cpu
2025-11-11 19:11:40,601 - LSTM_BR_DWGD_TORCH - WARNING - Nenhuma GPU disponível. Rodando no CPU.
2025-11-11 19:11:40,601 - LSTM_BR_DWGD_TORCH - INFO - [FASE 1] Carregando e pré-processando dados...
2025-11-11 19:11:42,468 - LSTM_BR_DWGD_TORCH - INFO - Dados carregados com 5924 registros.
2025-11-11 19:11:42,468 - LSTM_BR_DWGD_TORCH - INFO - Período: 2008-01-01 00:00:00 → 2024-03-20 00:00:00
2025-11-11 19:11:42,471 - LSTM_BR_DWGD_TORCH - INFO - Primeiras linhas:
            chuva       Tmax       Tmin
2008-01-01    0.0  32.799999  23.500000
2008-01-02    0.0  33.200001  23.400000
2008-01-03    0.0  36.299999  22.200001
2008-01-04    0.0  37.900002  22.700001
2008-01-05    0.0  31.900000  23.100000
2025-11-11 19:11:42,471 - LSTM_BR_DWGD_TORCH - INFO - [FASE 2] Criando features temporais e estatísticas...
2025-11-11 19:11:42,517 - LSTM_BR_DWGD_TORCH - INFO - Engenharia de features concluída. Total de colunas: 12
2025-11-11 19:11:42,517 - LSTM_BR_DWGD_TORCH - INFO - Colunas criadas: ['chuva', 'Tmax', 'Tmin', 'prcptot_w', 'wd_w', 'dd_w', 'sdii_w', 'rx1day_w', 'rx5days_w', 'r20mm_w', 'cwd_w', 'cdd_w']
2025-11-11 19:11:42,517 - LSTM_BR_DWGD_TORCH - INFO - Tempo total da Fase 2: 1.92 segundos.
2025-11-11 19:11:42,518 - LSTM_BR_DWGD_TORCH - INFO - Transformação log1p aplicada na variável 'chuva'.
2025-11-11 19:11:42,518 - LSTM_BR_DWGD_TORCH - INFO - [FASE 3] Normalizando e criando sequências...
2025-11-11 19:11:42,534 - LSTM_BR_DWGD_TORCH - INFO - Shape treino: torch.Size([5450, 30, 12]), teste: torch.Size([443, 30, 12])
2025-11-11 19:11:42,534 - LSTM_BR_DWGD_TORCH - INFO - Tempo total da Fase 3: 0.02s
2025-11-11 19:11:42,534 - LSTM_BR_DWGD_TORCH - INFO - [FASE 4] Iniciando treinamento do modelo PyTorch...
2025-11-11 19:11:43,175 - LSTM_BR_DWGD_TORCH - INFO - Modelo criado com input_dim=12, hidden_dim=256, layers=2
2025-11-11 19:11:43,175 - LSTM_BR_DWGD_TORCH - INFO - Treinando por 10 épocas com batch_size=32
2025-11-11 19:11:46,691 - LSTM_BR_DWGD_TORCH - INFO - Época [1/10] - Loss: 0.162191
2025-11-11 19:12:18,705 - LSTM_BR_DWGD_TORCH - INFO - Treinamento concluído em 0.60 minutos
2025-11-11 19:12:18,706 - LSTM_BR_DWGD_TORCH - INFO - [FASE 5] Avaliando modelo no conjunto de teste...
2025-11-11 19:12:18,776 - LSTM_BR_DWGD_TORCH - INFO - RMSE: 14.0142
2025-11-11 19:12:18,776 - LSTM_BR_DWGD_TORCH - INFO - MSE : 196.3987
2025-11-11 19:12:18,776 - LSTM_BR_DWGD_TORCH - INFO - MAE : 4.4275
2025-11-11 19:12:18,776 - LSTM_BR_DWGD_TORCH - INFO - R2 : -0.1109
2025-11-11 19:12:18,777 - LSTM_BR_DWGD_TORCH - INFO - [FASE 6] Gerando gráfico de previsão...
2025-11-11 19:12:18,777 - LSTM_BR_DWGD_TORCH - INFO - [FASE 7] Gerando gráficos...
2025-11-11 19:12:18,917 - LSTM_BR_DWGD_TORCH - INFO - ==========================================================================================
2025-11-11 19:12:18,917 - LSTM_BR_DWGD_TORCH - INFO - Execução finalizada com sucesso.
2025-11-11 19:12:18,917 - LSTM_BR_DWGD_TORCH - INFO - Dispositivo utilizado: cpu
2025-11-11 19:12:18,917 - LSTM_BR_DWGD_TORCH - INFO - ==========================================================================================
2025-11-11 19:55:41,889 - LSTM_BR_DWGD_TORCH - INFO - ==========================================================================================
2025-11-11 19:55:41,889 - LSTM_BR_DWGD_TORCH - INFO - Iniciando script LSTM (PyTorch) com suporte a GPU e logs detalhados.
2025-11-11 19:55:41,889 - LSTM_BR_DWGD_TORCH - INFO - ==========================================================================================
2025-11-11 19:55:41,890 - LSTM_BR_DWGD_TORCH - INFO - Dispositivo em uso: cpu
2025-11-11 19:55:41,890 - LSTM_BR_DWGD_TORCH - WARNING - Nenhuma GPU disponível. Rodando no CPU.
2025-11-11 19:55:41,890 - LSTM_BR_DWGD_TORCH - INFO - [FASE 1] Carregando e pré-processando dados...
2025-11-11 19:55:45,767 - LSTM_BR_DWGD_TORCH - INFO - Dados carregados com 5924 registros.
2025-11-11 19:55:45,767 - LSTM_BR_DWGD_TORCH - INFO - Período: 2008-01-01 00:00:00 → 2024-03-20 00:00:00
2025-11-11 19:55:45,771 - LSTM_BR_DWGD_TORCH - INFO - Primeiras linhas:
            chuva       Tmax       Tmin
2008-01-01    0.0  32.799999  23.500000
2008-01-02    0.0  33.200001  23.400000
2008-01-03    0.0  36.299999  22.200001
2008-01-04    0.0  37.900002  22.700001
2008-01-05    0.0  31.900000  23.100000
2025-11-11 19:55:45,771 - LSTM_BR_DWGD_TORCH - INFO - [FASE 2] Criando features temporais e estatísticas...
2025-11-11 19:55:45,822 - LSTM_BR_DWGD_TORCH - INFO - Engenharia de features concluída. Total de colunas: 12
2025-11-11 19:55:45,822 - LSTM_BR_DWGD_TORCH - INFO - Colunas criadas: ['chuva', 'Tmax', 'Tmin', 'prcptot_w', 'wd_w', 'dd_w', 'sdii_w', 'rx1day_w', 'rx5days_w', 'r20mm_w', 'cwd_w', 'cdd_w']
2025-11-11 19:55:45,822 - LSTM_BR_DWGD_TORCH - INFO - Tempo total da Fase 2: 3.93 segundos.
2025-11-11 19:55:45,822 - LSTM_BR_DWGD_TORCH - INFO - Transformação log1p aplicada na variável 'chuva'.
2025-11-11 19:55:45,822 - LSTM_BR_DWGD_TORCH - INFO - [FASE 3] Normalizando e criando sequências...
2025-11-11 19:55:45,868 - LSTM_BR_DWGD_TORCH - INFO - Shape treino: torch.Size([5450, 30, 12]), teste: torch.Size([443, 30, 12])
2025-11-11 19:55:45,868 - LSTM_BR_DWGD_TORCH - INFO - Tempo total da Fase 3: 0.05s
2025-11-11 19:55:45,868 - LSTM_BR_DWGD_TORCH - INFO - [FASE 4] Iniciando treinamento do modelo PyTorch...
2025-11-11 19:55:47,296 - LSTM_BR_DWGD_TORCH - INFO - Modelo criado com input_dim=12, hidden_dim=256, layers=2
2025-11-11 19:55:47,296 - LSTM_BR_DWGD_TORCH - INFO - Treinando por 10 épocas com batch_size=32
2025-11-11 19:55:52,334 - LSTM_BR_DWGD_TORCH - INFO - Época [1/10] - Loss: 0.162191
2025-11-11 19:56:30,121 - LSTM_BR_DWGD_TORCH - INFO - Treinamento concluído em 0.74 minutos
2025-11-11 19:56:30,121 - LSTM_BR_DWGD_TORCH - INFO - [FASE 5] Avaliando modelo no conjunto de teste...
2025-11-11 19:56:30,257 - LSTM_BR_DWGD_TORCH - INFO - RMSE: 0.3632
2025-11-11 19:56:30,257 - LSTM_BR_DWGD_TORCH - INFO - MSE : 0.1319
2025-11-11 19:56:30,257 - LSTM_BR_DWGD_TORCH - INFO - MAE : 0.1731
2025-11-11 19:56:30,257 - LSTM_BR_DWGD_TORCH - INFO - CSI (thr=1.0 mm): 0.0000  [TP=0, FP=0, FN=18]
2025-11-11 19:56:30,257 - LSTM_BR_DWGD_TORCH - INFO - [FASE 6] Gerando gráfico de previsão...
2025-11-11 19:56:30,257 - LSTM_BR_DWGD_TORCH - INFO - [FASE 7] Gerando gráficos...
2025-11-11 19:56:30,537 - LSTM_BR_DWGD_TORCH - INFO - ==========================================================================================
2025-11-11 19:56:30,537 - LSTM_BR_DWGD_TORCH - INFO - Execução finalizada com sucesso.
2025-11-11 19:56:30,537 - LSTM_BR_DWGD_TORCH - INFO - Dispositivo utilizado: cpu
2025-11-11 19:56:30,537 - LSTM_BR_DWGD_TORCH - INFO - ==========================================================================================
2025-11-11 19:58:18,623 - LSTM_BR_DWGD_TORCH - INFO - ==========================================================================================
2025-11-11 19:58:18,624 - LSTM_BR_DWGD_TORCH - INFO - Iniciando script LSTM (PyTorch) com suporte a GPU e logs detalhados.
2025-11-11 19:58:18,624 - LSTM_BR_DWGD_TORCH - INFO - ==========================================================================================
2025-11-11 19:58:18,624 - LSTM_BR_DWGD_TORCH - INFO - Dispositivo em uso: cpu
2025-11-11 19:58:18,624 - LSTM_BR_DWGD_TORCH - WARNING - Nenhuma GPU disponível. Rodando no CPU.
2025-11-11 19:58:18,624 - LSTM_BR_DWGD_TORCH - INFO - [FASE 1] Carregando e pré-processando dados...
2025-11-11 19:58:21,414 - LSTM_BR_DWGD_TORCH - INFO - Dados carregados com 5924 registros.
2025-11-11 19:58:21,414 - LSTM_BR_DWGD_TORCH - INFO - Período: 2008-01-01 00:00:00 → 2024-03-20 00:00:00
2025-11-11 19:58:21,417 - LSTM_BR_DWGD_TORCH - INFO - Primeiras linhas:
            chuva       Tmax       Tmin
2008-01-01    0.0  32.799999  23.500000
2008-01-02    0.0  33.200001  23.400000
2008-01-03    0.0  36.299999  22.200001
2008-01-04    0.0  37.900002  22.700001
2008-01-05    0.0  31.900000  23.100000
2025-11-11 19:58:21,417 - LSTM_BR_DWGD_TORCH - INFO - [FASE 2] Criando features temporais e estatísticas...
2025-11-11 19:58:21,469 - LSTM_BR_DWGD_TORCH - INFO - Engenharia de features concluída. Total de colunas: 12
2025-11-11 19:58:21,469 - LSTM_BR_DWGD_TORCH - INFO - Colunas criadas: ['chuva', 'Tmax', 'Tmin', 'prcptot_w', 'wd_w', 'dd_w', 'sdii_w', 'rx1day_w', 'rx5days_w', 'r20mm_w', 'cwd_w', 'cdd_w']
2025-11-11 19:58:21,469 - LSTM_BR_DWGD_TORCH - INFO - Tempo total da Fase 2: 2.85 segundos.
2025-11-11 19:58:21,470 - LSTM_BR_DWGD_TORCH - INFO - Transformação log1p aplicada na variável 'chuva'.
2025-11-11 19:58:21,470 - LSTM_BR_DWGD_TORCH - INFO - [FASE 3] Normalizando e criando sequências...
2025-11-11 19:58:21,491 - LSTM_BR_DWGD_TORCH - INFO - Shape treino: torch.Size([5450, 30, 12]), teste: torch.Size([443, 30, 12])
2025-11-11 19:58:21,491 - LSTM_BR_DWGD_TORCH - INFO - Tempo total da Fase 3: 0.02s
2025-11-11 19:58:21,491 - LSTM_BR_DWGD_TORCH - INFO - [FASE 4] Iniciando treinamento do modelo PyTorch...
2025-11-11 19:58:22,179 - LSTM_BR_DWGD_TORCH - INFO - Modelo criado com input_dim=12, hidden_dim=256, layers=2
2025-11-11 19:58:22,179 - LSTM_BR_DWGD_TORCH - INFO - Treinando por 10 épocas com batch_size=32
2025-11-11 19:58:26,665 - LSTM_BR_DWGD_TORCH - INFO - Época [1/10] - Loss: 0.162191
2025-11-11 19:59:05,003 - LSTM_BR_DWGD_TORCH - INFO - Treinamento concluído em 0.73 minutos
2025-11-11 19:59:05,003 - LSTM_BR_DWGD_TORCH - INFO - [FASE 5] Avaliando modelo no conjunto de teste...
2025-11-11 19:59:05,076 - LSTM_BR_DWGD_TORCH - INFO - RMSE: 1.3109
2025-11-11 19:59:05,076 - LSTM_BR_DWGD_TORCH - INFO - MSE : 1.7184
2025-11-11 19:59:05,076 - LSTM_BR_DWGD_TORCH - INFO - MAE : 0.6617
2025-11-11 19:59:05,076 - LSTM_BR_DWGD_TORCH - INFO - CSI (thr=1.0 mm): 0.0000  [TP=0, FP=0, FN=107]
2025-11-11 19:59:05,076 - LSTM_BR_DWGD_TORCH - INFO - [FASE 6] Gerando gráfico de previsão...
2025-11-11 19:59:05,076 - LSTM_BR_DWGD_TORCH - INFO - [FASE 7] Gerando gráficos...
2025-11-11 19:59:05,250 - LSTM_BR_DWGD_TORCH - INFO - ==========================================================================================
2025-11-11 19:59:05,250 - LSTM_BR_DWGD_TORCH - INFO - Execução finalizada com sucesso.
2025-11-11 19:59:05,250 - LSTM_BR_DWGD_TORCH - INFO - Dispositivo utilizado: cpu
2025-11-11 19:59:05,250 - LSTM_BR_DWGD_TORCH - INFO - ==========================================================================================
2025-11-11 20:17:15,905 - LSTM_BR_DWGD_TORCH - INFO - ==========================================================================================
2025-11-11 20:17:15,905 - LSTM_BR_DWGD_TORCH - INFO - Iniciando script LSTM (PyTorch) com suporte a GPU e logs detalhados.
2025-11-11 20:17:15,905 - LSTM_BR_DWGD_TORCH - INFO - ==========================================================================================
2025-11-11 20:17:15,906 - LSTM_BR_DWGD_TORCH - INFO - Dispositivo em uso: cpu
2025-11-11 20:17:15,906 - LSTM_BR_DWGD_TORCH - WARNING - Nenhuma GPU disponível. Rodando no CPU.
2025-11-11 20:17:15,906 - LSTM_BR_DWGD_TORCH - INFO - [FASE 1] Carregando e pré-processando dados...
2025-11-11 20:17:20,583 - LSTM_BR_DWGD_TORCH - INFO - Dados carregados com 5924 registros.
2025-11-11 20:17:20,583 - LSTM_BR_DWGD_TORCH - INFO - Período: 2008-01-01 00:00:00 → 2024-03-20 00:00:00
2025-11-11 20:17:20,588 - LSTM_BR_DWGD_TORCH - INFO - Primeiras linhas:
            chuva       Tmax       Tmin
2008-01-01    0.0  32.799999  23.500000
2008-01-02    0.0  33.200001  23.400000
2008-01-03    0.0  36.299999  22.200001
2008-01-04    0.0  37.900002  22.700001
2008-01-05    0.0  31.900000  23.100000
2025-11-11 20:17:20,588 - LSTM_BR_DWGD_TORCH - INFO - [FASE 2] Criando features temporais e estatísticas...
2025-11-11 20:17:20,640 - LSTM_BR_DWGD_TORCH - INFO - Engenharia de features concluída. Total de colunas: 12
2025-11-11 20:17:20,640 - LSTM_BR_DWGD_TORCH - INFO - Colunas criadas: ['chuva', 'Tmax', 'Tmin', 'prcptot_w', 'wd_w', 'dd_w', 'sdii_w', 'rx1day_w', 'rx5days_w', 'r20mm_w', 'cwd_w', 'cdd_w']
2025-11-11 20:17:20,640 - LSTM_BR_DWGD_TORCH - INFO - Tempo total da Fase 2: 4.73 segundos.
2025-11-11 20:17:20,640 - LSTM_BR_DWGD_TORCH - INFO - [FASE 3] Normalizando e criando sequências...
2025-11-11 20:17:20,700 - LSTM_BR_DWGD_TORCH - INFO - Shape treino: torch.Size([5331, 30, 12]), teste: torch.Size([562, 30, 12])
2025-11-11 20:17:20,701 - LSTM_BR_DWGD_TORCH - INFO - Tempo total da Fase 3: 0.06s
2025-11-11 20:17:20,701 - LSTM_BR_DWGD_TORCH - INFO - [FASE 4] Iniciando treinamento do modelo PyTorch...
2025-11-11 20:17:22,033 - LSTM_BR_DWGD_TORCH - INFO - Modelo criado com input_dim=12, hidden_dim=128, layers=2
2025-11-11 20:17:22,033 - LSTM_BR_DWGD_TORCH - INFO - Treinando por 10 épocas com batch_size=32
2025-11-11 20:17:23,651 - LSTM_BR_DWGD_TORCH - INFO - Época [1/10] - Loss: 91.357340
2025-11-11 20:17:36,960 - LSTM_BR_DWGD_TORCH - INFO - Treinamento concluído em 0.27 minutos
2025-11-11 20:17:36,961 - LSTM_BR_DWGD_TORCH - INFO - [FASE 5] Avaliando modelo no conjunto de teste...
2025-11-11 20:18:17,375 - LSTM_BR_DWGD_TORCH - INFO - ==========================================================================================
2025-11-11 20:18:17,376 - LSTM_BR_DWGD_TORCH - INFO - Iniciando script LSTM (PyTorch) com suporte a GPU e logs detalhados.
2025-11-11 20:18:17,376 - LSTM_BR_DWGD_TORCH - INFO - ==========================================================================================
2025-11-11 20:18:17,376 - LSTM_BR_DWGD_TORCH - INFO - Dispositivo em uso: cpu
2025-11-11 20:18:17,376 - LSTM_BR_DWGD_TORCH - WARNING - Nenhuma GPU disponível. Rodando no CPU.
2025-11-11 20:18:17,376 - LSTM_BR_DWGD_TORCH - INFO - [FASE 1] Carregando e pré-processando dados...
2025-11-11 20:18:19,397 - LSTM_BR_DWGD_TORCH - INFO - Dados carregados com 5924 registros.
2025-11-11 20:18:19,397 - LSTM_BR_DWGD_TORCH - INFO - Período: 2008-01-01 00:00:00 → 2024-03-20 00:00:00
2025-11-11 20:18:19,401 - LSTM_BR_DWGD_TORCH - INFO - Primeiras linhas:
            chuva       Tmax       Tmin
2008-01-01    0.0  32.799999  23.500000
2008-01-02    0.0  33.200001  23.400000
2008-01-03    0.0  36.299999  22.200001
2008-01-04    0.0  37.900002  22.700001
2008-01-05    0.0  31.900000  23.100000
2025-11-11 20:18:19,401 - LSTM_BR_DWGD_TORCH - INFO - [FASE 2] Criando features temporais e estatísticas...
2025-11-11 20:18:19,445 - LSTM_BR_DWGD_TORCH - INFO - Engenharia de features concluída. Total de colunas: 12
2025-11-11 20:18:19,445 - LSTM_BR_DWGD_TORCH - INFO - Colunas criadas: ['chuva', 'Tmax', 'Tmin', 'prcptot_w', 'wd_w', 'dd_w', 'sdii_w', 'rx1day_w', 'rx5days_w', 'r20mm_w', 'cwd_w', 'cdd_w']
2025-11-11 20:18:19,445 - LSTM_BR_DWGD_TORCH - INFO - Tempo total da Fase 2: 2.07 segundos.
2025-11-11 20:18:19,445 - LSTM_BR_DWGD_TORCH - INFO - [FASE 3] Normalizando e criando sequências...
2025-11-11 20:18:19,465 - LSTM_BR_DWGD_TORCH - INFO - Shape treino: torch.Size([5331, 30, 12]), teste: torch.Size([562, 30, 12])
2025-11-11 20:18:19,465 - LSTM_BR_DWGD_TORCH - INFO - Tempo total da Fase 3: 0.02s
2025-11-11 20:18:19,465 - LSTM_BR_DWGD_TORCH - INFO - [FASE 4] Iniciando treinamento do modelo PyTorch...
2025-11-11 20:18:20,123 - LSTM_BR_DWGD_TORCH - INFO - Modelo criado com input_dim=12, hidden_dim=128, layers=2
2025-11-11 20:18:20,123 - LSTM_BR_DWGD_TORCH - INFO - Treinando por 10 épocas com batch_size=32
2025-11-11 20:18:21,602 - LSTM_BR_DWGD_TORCH - INFO - Época [1/10] - Loss: 91.376036
2025-11-11 20:18:35,339 - LSTM_BR_DWGD_TORCH - INFO - Treinamento concluído em 0.26 minutos
2025-11-11 20:18:35,339 - LSTM_BR_DWGD_TORCH - INFO - [FASE 5] Avaliando modelo no conjunto de teste...
2025-11-11 20:21:06,489 - LSTM_BR_DWGD_TORCH - INFO - ==========================================================================================
2025-11-11 20:21:06,489 - LSTM_BR_DWGD_TORCH - INFO - Iniciando script LSTM (PyTorch) com suporte a GPU e logs detalhados.
2025-11-11 20:21:06,489 - LSTM_BR_DWGD_TORCH - INFO - ==========================================================================================
2025-11-11 20:21:06,489 - LSTM_BR_DWGD_TORCH - INFO - Dispositivo em uso: cpu
2025-11-11 20:21:06,489 - LSTM_BR_DWGD_TORCH - WARNING - Nenhuma GPU disponível. Rodando no CPU.
2025-11-11 20:21:06,489 - LSTM_BR_DWGD_TORCH - INFO - [FASE 1] Carregando e pré-processando dados...
2025-11-11 20:21:08,421 - LSTM_BR_DWGD_TORCH - INFO - Dados carregados com 5924 registros.
2025-11-11 20:21:08,421 - LSTM_BR_DWGD_TORCH - INFO - Período: 2008-01-01 00:00:00 → 2024-03-20 00:00:00
2025-11-11 20:21:08,424 - LSTM_BR_DWGD_TORCH - INFO - Primeiras linhas:
            chuva       Tmax       Tmin
2008-01-01    0.0  32.799999  23.500000
2008-01-02    0.0  33.200001  23.400000
2008-01-03    0.0  36.299999  22.200001
2008-01-04    0.0  37.900002  22.700001
2008-01-05    0.0  31.900000  23.100000
2025-11-11 20:21:08,424 - LSTM_BR_DWGD_TORCH - INFO - [FASE 2] Criando features temporais e estatísticas...
2025-11-11 20:21:08,474 - LSTM_BR_DWGD_TORCH - INFO - Engenharia de features concluída. Total de colunas: 12
2025-11-11 20:21:08,474 - LSTM_BR_DWGD_TORCH - INFO - Colunas criadas: ['chuva', 'Tmax', 'Tmin', 'prcptot_w', 'wd_w', 'dd_w', 'sdii_w', 'rx1day_w', 'rx5days_w', 'r20mm_w', 'cwd_w', 'cdd_w']
2025-11-11 20:21:08,475 - LSTM_BR_DWGD_TORCH - INFO - Tempo total da Fase 2: 1.99 segundos.
2025-11-11 20:21:08,475 - LSTM_BR_DWGD_TORCH - INFO - [FASE 3] Normalizando e criando sequências...
2025-11-11 20:21:08,499 - LSTM_BR_DWGD_TORCH - INFO - Shape treino: torch.Size([5331, 30, 12]), teste: torch.Size([562, 30, 12])
2025-11-11 20:21:08,500 - LSTM_BR_DWGD_TORCH - INFO - Tempo total da Fase 3: 0.02s
2025-11-11 20:21:08,500 - LSTM_BR_DWGD_TORCH - INFO - [FASE 4] Iniciando treinamento do modelo PyTorch...
2025-11-11 20:21:09,169 - LSTM_BR_DWGD_TORCH - INFO - Modelo criado com input_dim=12, hidden_dim=128, layers=2
2025-11-11 20:21:09,169 - LSTM_BR_DWGD_TORCH - INFO - Treinando por 10 épocas com batch_size=32
2025-11-11 20:21:10,479 - LSTM_BR_DWGD_TORCH - INFO - Época [1/10] - Loss: 91.251449
2025-11-11 20:21:24,162 - LSTM_BR_DWGD_TORCH - INFO - Treinamento concluído em 0.26 minutos
2025-11-11 20:21:24,162 - LSTM_BR_DWGD_TORCH - INFO - [FASE 5] Avaliando modelo no conjunto de teste...
2025-11-11 20:25:30,905 - LSTM_BR_DWGD_TORCH - INFO - ==========================================================================================
2025-11-11 20:25:30,905 - LSTM_BR_DWGD_TORCH - INFO - Iniciando script LSTM (PyTorch) com suporte a GPU e logs detalhados.
2025-11-11 20:25:30,905 - LSTM_BR_DWGD_TORCH - INFO - ==========================================================================================
2025-11-11 20:25:30,905 - LSTM_BR_DWGD_TORCH - INFO - Dispositivo em uso: cpu
2025-11-11 20:25:30,905 - LSTM_BR_DWGD_TORCH - WARNING - Nenhuma GPU disponível. Rodando no CPU.
2025-11-11 20:25:30,906 - LSTM_BR_DWGD_TORCH - INFO - [FASE 1] Carregando e pré-processando dados...
2025-11-11 20:25:33,390 - LSTM_BR_DWGD_TORCH - INFO - Dados carregados com 5924 registros.
2025-11-11 20:25:33,390 - LSTM_BR_DWGD_TORCH - INFO - Período: 2008-01-01 00:00:00 → 2024-03-20 00:00:00
2025-11-11 20:25:33,394 - LSTM_BR_DWGD_TORCH - INFO - Primeiras linhas:
            chuva       Tmax       Tmin
2008-01-01    0.0  32.799999  23.500000
2008-01-02    0.0  33.200001  23.400000
2008-01-03    0.0  36.299999  22.200001
2008-01-04    0.0  37.900002  22.700001
2008-01-05    0.0  31.900000  23.100000
2025-11-11 20:25:33,394 - LSTM_BR_DWGD_TORCH - INFO - [FASE 2] Criando features temporais e estatísticas...
2025-11-11 20:25:33,439 - LSTM_BR_DWGD_TORCH - INFO - Engenharia de features concluída. Total de colunas: 12
2025-11-11 20:25:33,439 - LSTM_BR_DWGD_TORCH - INFO - Colunas criadas: ['chuva', 'Tmax', 'Tmin', 'prcptot_w', 'wd_w', 'dd_w', 'sdii_w', 'rx1day_w', 'rx5days_w', 'r20mm_w', 'cwd_w', 'cdd_w']
2025-11-11 20:25:33,439 - LSTM_BR_DWGD_TORCH - INFO - Tempo total da Fase 2: 2.53 segundos.
2025-11-11 20:25:33,439 - LSTM_BR_DWGD_TORCH - INFO - [FASE 3] Normalizando e criando sequências...
2025-11-11 20:25:33,465 - LSTM_BR_DWGD_TORCH - INFO - Shape treino: torch.Size([5331, 30, 12]), teste: torch.Size([562, 30, 12])
2025-11-11 20:25:33,465 - LSTM_BR_DWGD_TORCH - INFO - Tempo total da Fase 3: 0.03s
2025-11-11 20:25:33,465 - LSTM_BR_DWGD_TORCH - INFO - [FASE 4] Iniciando treinamento do modelo PyTorch...
2025-11-11 20:25:34,174 - LSTM_BR_DWGD_TORCH - INFO - Modelo criado com input_dim=12, hidden_dim=128, layers=2
2025-11-11 20:25:34,174 - LSTM_BR_DWGD_TORCH - INFO - Treinando por 1 épocas com batch_size=32
2025-11-11 20:25:35,593 - LSTM_BR_DWGD_TORCH - INFO - Época [1/1] - Loss: 91.114639
2025-11-11 20:25:35,593 - LSTM_BR_DWGD_TORCH - INFO - Treinamento concluído em 0.04 minutos
2025-11-11 20:25:35,593 - LSTM_BR_DWGD_TORCH - INFO - [FASE 5] Avaliando modelo no conjunto de teste...
2025-11-11 20:25:35,657 - LSTM_BR_DWGD_TORCH - INFO - RMSE: 0.0000
2025-11-11 20:25:35,657 - LSTM_BR_DWGD_TORCH - INFO - MSE : 0.0000
2025-11-11 20:25:35,657 - LSTM_BR_DWGD_TORCH - INFO - MAE : 0.0000
2025-11-11 20:25:35,657 - LSTM_BR_DWGD_TORCH - INFO - CSI (thr=1.0 mm): 1.0000  [TP=1361, FP=0, FN=0]
2025-11-11 20:25:35,657 - LSTM_BR_DWGD_TORCH - INFO - [FASE 6] Gerando gráfico de previsão...
2025-11-11 20:25:35,657 - LSTM_BR_DWGD_TORCH - INFO - [FASE 7] Gerando gráficos...
2025-11-11 20:25:35,942 - LSTM_BR_DWGD_TORCH - INFO - ==========================================================================================
2025-11-11 20:25:35,942 - LSTM_BR_DWGD_TORCH - INFO - Execução finalizada com sucesso.
2025-11-11 20:25:35,942 - LSTM_BR_DWGD_TORCH - INFO - Dispositivo utilizado: cpu
2025-11-11 20:25:35,942 - LSTM_BR_DWGD_TORCH - INFO - ==========================================================================================
2025-11-11 20:26:14,525 - LSTM_BR_DWGD_TORCH - INFO - ==========================================================================================
2025-11-11 20:26:14,525 - LSTM_BR_DWGD_TORCH - INFO - Iniciando script LSTM (PyTorch) com suporte a GPU e logs detalhados.
2025-11-11 20:26:14,525 - LSTM_BR_DWGD_TORCH - INFO - ==========================================================================================
2025-11-11 20:26:14,526 - LSTM_BR_DWGD_TORCH - INFO - Dispositivo em uso: cpu
2025-11-11 20:26:14,526 - LSTM_BR_DWGD_TORCH - WARNING - Nenhuma GPU disponível. Rodando no CPU.
2025-11-11 20:26:14,526 - LSTM_BR_DWGD_TORCH - INFO - [FASE 1] Carregando e pré-processando dados...
2025-11-11 20:26:16,325 - LSTM_BR_DWGD_TORCH - INFO - Dados carregados com 5924 registros.
2025-11-11 20:26:16,326 - LSTM_BR_DWGD_TORCH - INFO - Período: 2008-01-01 00:00:00 → 2024-03-20 00:00:00
2025-11-11 20:26:16,329 - LSTM_BR_DWGD_TORCH - INFO - Primeiras linhas:
            chuva       Tmax       Tmin
2008-01-01    0.0  32.799999  23.500000
2008-01-02    0.0  33.200001  23.400000
2008-01-03    0.0  36.299999  22.200001
2008-01-04    0.0  37.900002  22.700001
2008-01-05    0.0  31.900000  23.100000
2025-11-11 20:26:16,329 - LSTM_BR_DWGD_TORCH - INFO - [FASE 2] Criando features temporais e estatísticas...
2025-11-11 20:26:16,375 - LSTM_BR_DWGD_TORCH - INFO - Engenharia de features concluída. Total de colunas: 12
2025-11-11 20:26:16,375 - LSTM_BR_DWGD_TORCH - INFO - Colunas criadas: ['chuva', 'Tmax', 'Tmin', 'prcptot_w', 'wd_w', 'dd_w', 'sdii_w', 'rx1day_w', 'rx5days_w', 'r20mm_w', 'cwd_w', 'cdd_w']
2025-11-11 20:26:16,375 - LSTM_BR_DWGD_TORCH - INFO - Tempo total da Fase 2: 1.85 segundos.
2025-11-11 20:26:16,375 - LSTM_BR_DWGD_TORCH - INFO - [FASE 3] Normalizando e criando sequências...
2025-11-11 20:26:16,398 - LSTM_BR_DWGD_TORCH - INFO - Shape treino: torch.Size([5331, 30, 12]), teste: torch.Size([562, 30, 12])
2025-11-11 20:26:16,399 - LSTM_BR_DWGD_TORCH - INFO - Tempo total da Fase 3: 0.02s
2025-11-11 20:26:16,399 - LSTM_BR_DWGD_TORCH - INFO - [FASE 4] Iniciando treinamento do modelo PyTorch...
2025-11-11 20:26:17,074 - LSTM_BR_DWGD_TORCH - INFO - Modelo criado com input_dim=12, hidden_dim=128, layers=2
2025-11-11 20:26:17,075 - LSTM_BR_DWGD_TORCH - INFO - Treinando por 1 épocas com batch_size=32
2025-11-11 20:26:19,326 - LSTM_BR_DWGD_TORCH - INFO - Época [1/1] - Loss: 91.321035
2025-11-11 20:26:19,326 - LSTM_BR_DWGD_TORCH - INFO - Treinamento concluído em 0.05 minutos
2025-11-11 20:26:19,326 - LSTM_BR_DWGD_TORCH - INFO - [FASE 5] Avaliando modelo no conjunto de teste...
2025-11-11 20:26:19,354 - LSTM_BR_DWGD_TORCH - INFO - RMSE: 0.0000
2025-11-11 20:26:19,354 - LSTM_BR_DWGD_TORCH - INFO - MSE : 0.0000
2025-11-11 20:26:19,354 - LSTM_BR_DWGD_TORCH - INFO - MAE : 0.0000
2025-11-11 20:26:19,354 - LSTM_BR_DWGD_TORCH - INFO - CSI (thr=1.0 mm): nan  [TP=0, FP=0, FN=0]
2025-11-11 20:26:19,354 - LSTM_BR_DWGD_TORCH - INFO - [FASE 6] Gerando gráfico de previsão...
2025-11-11 20:26:19,354 - LSTM_BR_DWGD_TORCH - INFO - [FASE 7] Gerando gráficos...
2025-11-11 20:26:19,503 - LSTM_BR_DWGD_TORCH - INFO - ==========================================================================================
2025-11-11 20:26:19,503 - LSTM_BR_DWGD_TORCH - INFO - Execução finalizada com sucesso.
2025-11-11 20:26:19,503 - LSTM_BR_DWGD_TORCH - INFO - Dispositivo utilizado: cpu
2025-11-11 20:26:19,503 - LSTM_BR_DWGD_TORCH - INFO - ==========================================================================================
2025-11-11 20:28:09,105 - LSTM_BR_DWGD_TORCH - INFO - ==========================================================================================
2025-11-11 20:28:09,105 - LSTM_BR_DWGD_TORCH - INFO - Iniciando script LSTM (PyTorch) com suporte a GPU e logs detalhados.
2025-11-11 20:28:09,105 - LSTM_BR_DWGD_TORCH - INFO - ==========================================================================================
2025-11-11 20:28:09,106 - LSTM_BR_DWGD_TORCH - INFO - Dispositivo em uso: cpu
2025-11-11 20:28:09,106 - LSTM_BR_DWGD_TORCH - WARNING - Nenhuma GPU disponível. Rodando no CPU.
2025-11-11 20:28:09,106 - LSTM_BR_DWGD_TORCH - INFO - [FASE 1] Carregando e pré-processando dados...
2025-11-11 20:28:11,277 - LSTM_BR_DWGD_TORCH - INFO - Dados carregados com 5924 registros.
2025-11-11 20:28:11,277 - LSTM_BR_DWGD_TORCH - INFO - Período: 2008-01-01 00:00:00 → 2024-03-20 00:00:00
2025-11-11 20:28:11,281 - LSTM_BR_DWGD_TORCH - INFO - Primeiras linhas:
            chuva       Tmax       Tmin
2008-01-01    0.0  32.799999  23.500000
2008-01-02    0.0  33.200001  23.400000
2008-01-03    0.0  36.299999  22.200001
2008-01-04    0.0  37.900002  22.700001
2008-01-05    0.0  31.900000  23.100000
2025-11-11 20:28:11,281 - LSTM_BR_DWGD_TORCH - INFO - [FASE 2] Criando features temporais e estatísticas...
2025-11-11 20:28:11,328 - LSTM_BR_DWGD_TORCH - INFO - Engenharia de features concluída. Total de colunas: 12
2025-11-11 20:28:11,328 - LSTM_BR_DWGD_TORCH - INFO - Colunas criadas: ['chuva', 'Tmax', 'Tmin', 'prcptot_w', 'wd_w', 'dd_w', 'sdii_w', 'rx1day_w', 'rx5days_w', 'r20mm_w', 'cwd_w', 'cdd_w']
2025-11-11 20:28:11,328 - LSTM_BR_DWGD_TORCH - INFO - Tempo total da Fase 2: 2.22 segundos.
2025-11-11 20:28:11,328 - LSTM_BR_DWGD_TORCH - INFO - [FASE 3] Normalizando e criando sequências...
2025-11-11 20:28:11,376 - LSTM_BR_DWGD_TORCH - INFO - Shape treino: torch.Size([5331, 30, 12]), teste: torch.Size([562, 30, 12])
2025-11-11 20:28:11,376 - LSTM_BR_DWGD_TORCH - INFO - Tempo total da Fase 3: 0.05s
2025-11-11 20:28:11,376 - LSTM_BR_DWGD_TORCH - INFO - [FASE 4] Iniciando treinamento do modelo PyTorch...
2025-11-11 20:28:12,112 - LSTM_BR_DWGD_TORCH - INFO - Modelo criado com input_dim=12, hidden_dim=128, layers=2
2025-11-11 20:28:12,112 - LSTM_BR_DWGD_TORCH - INFO - Treinando por 1 épocas com batch_size=32
2025-11-11 20:28:13,732 - LSTM_BR_DWGD_TORCH - INFO - Época [1/1] - Loss: 91.174285
2025-11-11 20:28:13,733 - LSTM_BR_DWGD_TORCH - INFO - Treinamento concluído em 0.04 minutos
2025-11-11 20:28:13,734 - LSTM_BR_DWGD_TORCH - INFO - [FASE 5] Avaliando modelo no conjunto de teste...
2025-11-11 20:28:13,785 - LSTM_BR_DWGD_TORCH - INFO - RMSE: 0.0000
2025-11-11 20:28:13,785 - LSTM_BR_DWGD_TORCH - INFO - MSE : 0.0000
2025-11-11 20:28:13,785 - LSTM_BR_DWGD_TORCH - INFO - MAE : 0.0000
2025-11-11 20:28:13,785 - LSTM_BR_DWGD_TORCH - INFO - CSI (thr=1.0 mm): nan  [TP=0, FP=0, FN=0]
2025-11-11 20:28:13,785 - LSTM_BR_DWGD_TORCH - INFO - [FASE 6] Gerando gráfico de previsão...
2025-11-11 20:28:13,785 - LSTM_BR_DWGD_TORCH - INFO - [FASE 7] Gerando gráficos...
2025-11-11 20:28:13,945 - LSTM_BR_DWGD_TORCH - INFO - ==========================================================================================
2025-11-11 20:28:13,945 - LSTM_BR_DWGD_TORCH - INFO - Execução finalizada com sucesso.
2025-11-11 20:28:13,945 - LSTM_BR_DWGD_TORCH - INFO - Dispositivo utilizado: cpu
2025-11-11 20:28:13,945 - LSTM_BR_DWGD_TORCH - INFO - ==========================================================================================
2025-11-11 20:28:22,742 - LSTM_BR_DWGD_TORCH - INFO - ==========================================================================================
2025-11-11 20:28:22,742 - LSTM_BR_DWGD_TORCH - INFO - Iniciando script LSTM (PyTorch) com suporte a GPU e logs detalhados.
2025-11-11 20:28:22,742 - LSTM_BR_DWGD_TORCH - INFO - ==========================================================================================
2025-11-11 20:28:22,742 - LSTM_BR_DWGD_TORCH - INFO - Dispositivo em uso: cpu
2025-11-11 20:28:22,742 - LSTM_BR_DWGD_TORCH - WARNING - Nenhuma GPU disponível. Rodando no CPU.
2025-11-11 20:28:22,742 - LSTM_BR_DWGD_TORCH - INFO - [FASE 1] Carregando e pré-processando dados...
2025-11-11 20:28:25,467 - LSTM_BR_DWGD_TORCH - INFO - Dados carregados com 5924 registros.
2025-11-11 20:28:25,468 - LSTM_BR_DWGD_TORCH - INFO - Período: 2008-01-01 00:00:00 → 2024-03-20 00:00:00
2025-11-11 20:28:25,471 - LSTM_BR_DWGD_TORCH - INFO - Primeiras linhas:
            chuva       Tmax       Tmin
2008-01-01    0.0  32.799999  23.500000
2008-01-02    0.0  33.200001  23.400000
2008-01-03    0.0  36.299999  22.200001
2008-01-04    0.0  37.900002  22.700001
2008-01-05    0.0  31.900000  23.100000
2025-11-11 20:28:25,471 - LSTM_BR_DWGD_TORCH - INFO - [FASE 2] Criando features temporais e estatísticas...
2025-11-11 20:28:25,517 - LSTM_BR_DWGD_TORCH - INFO - Engenharia de features concluída. Total de colunas: 12
2025-11-11 20:28:25,517 - LSTM_BR_DWGD_TORCH - INFO - Colunas criadas: ['chuva', 'Tmax', 'Tmin', 'prcptot_w', 'wd_w', 'dd_w', 'sdii_w', 'rx1day_w', 'rx5days_w', 'r20mm_w', 'cwd_w', 'cdd_w']
2025-11-11 20:28:25,517 - LSTM_BR_DWGD_TORCH - INFO - Tempo total da Fase 2: 2.77 segundos.
2025-11-11 20:28:25,517 - LSTM_BR_DWGD_TORCH - INFO - [FASE 3] Normalizando e criando sequências...
2025-11-11 20:28:25,538 - LSTM_BR_DWGD_TORCH - INFO - Shape treino: torch.Size([5331, 30, 12]), teste: torch.Size([562, 30, 12])
2025-11-11 20:28:25,538 - LSTM_BR_DWGD_TORCH - INFO - Tempo total da Fase 3: 0.02s
2025-11-11 20:28:25,538 - LSTM_BR_DWGD_TORCH - INFO - [FASE 4] Iniciando treinamento do modelo PyTorch...
2025-11-11 20:28:26,198 - LSTM_BR_DWGD_TORCH - INFO - Modelo criado com input_dim=12, hidden_dim=128, layers=2
2025-11-11 20:28:26,198 - LSTM_BR_DWGD_TORCH - INFO - Treinando por 1 épocas com batch_size=32
2025-11-11 20:28:27,468 - LSTM_BR_DWGD_TORCH - INFO - Época [1/1] - Loss: 91.383684
2025-11-11 20:28:27,468 - LSTM_BR_DWGD_TORCH - INFO - Treinamento concluído em 0.03 minutos
2025-11-11 20:28:27,468 - LSTM_BR_DWGD_TORCH - INFO - [FASE 5] Avaliando modelo no conjunto de teste...
2025-11-11 20:28:27,503 - LSTM_BR_DWGD_TORCH - INFO - RMSE: 0.0000
2025-11-11 20:28:27,503 - LSTM_BR_DWGD_TORCH - INFO - MSE : 0.0000
2025-11-11 20:28:27,503 - LSTM_BR_DWGD_TORCH - INFO - MAE : 0.0000
2025-11-11 20:28:27,503 - LSTM_BR_DWGD_TORCH - INFO - CSI (thr=1.0 mm): nan  [TP=0, FP=0, FN=0]
2025-11-11 20:28:27,503 - LSTM_BR_DWGD_TORCH - INFO - [FASE 6] Gerando gráfico de previsão...
2025-11-11 20:28:27,503 - LSTM_BR_DWGD_TORCH - INFO - [FASE 7] Gerando gráficos...
2025-11-11 20:28:27,653 - LSTM_BR_DWGD_TORCH - INFO - ==========================================================================================
2025-11-11 20:28:27,653 - LSTM_BR_DWGD_TORCH - INFO - Execução finalizada com sucesso.
2025-11-11 20:28:27,653 - LSTM_BR_DWGD_TORCH - INFO - Dispositivo utilizado: cpu
2025-11-11 20:28:27,653 - LSTM_BR_DWGD_TORCH - INFO - ==========================================================================================
2025-11-11 20:29:50,342 - LSTM_BR_DWGD_TORCH - INFO - ==========================================================================================
2025-11-11 20:29:50,342 - LSTM_BR_DWGD_TORCH - INFO - Iniciando script LSTM (PyTorch) com suporte a GPU e logs detalhados.
2025-11-11 20:29:50,342 - LSTM_BR_DWGD_TORCH - INFO - ==========================================================================================
2025-11-11 20:29:50,343 - LSTM_BR_DWGD_TORCH - INFO - Dispositivo em uso: cpu
2025-11-11 20:29:50,343 - LSTM_BR_DWGD_TORCH - WARNING - Nenhuma GPU disponível. Rodando no CPU.
2025-11-11 20:29:50,343 - LSTM_BR_DWGD_TORCH - INFO - [FASE 1] Carregando e pré-processando dados...
2025-11-11 20:29:52,220 - LSTM_BR_DWGD_TORCH - INFO - Dados carregados com 5924 registros.
2025-11-11 20:29:52,220 - LSTM_BR_DWGD_TORCH - INFO - Período: 2008-01-01 00:00:00 → 2024-03-20 00:00:00
2025-11-11 20:29:52,224 - LSTM_BR_DWGD_TORCH - INFO - Primeiras linhas:
            chuva       Tmax       Tmin
2008-01-01    0.0  32.799999  23.500000
2008-01-02    0.0  33.200001  23.400000
2008-01-03    0.0  36.299999  22.200001
2008-01-04    0.0  37.900002  22.700001
2008-01-05    0.0  31.900000  23.100000
2025-11-11 20:29:52,224 - LSTM_BR_DWGD_TORCH - INFO - [FASE 2] Criando features temporais e estatísticas...
2025-11-11 20:29:52,269 - LSTM_BR_DWGD_TORCH - INFO - Engenharia de features concluída. Total de colunas: 12
2025-11-11 20:29:52,269 - LSTM_BR_DWGD_TORCH - INFO - Colunas criadas: ['chuva', 'Tmax', 'Tmin', 'prcptot_w', 'wd_w', 'dd_w', 'sdii_w', 'rx1day_w', 'rx5days_w', 'r20mm_w', 'cwd_w', 'cdd_w']
2025-11-11 20:29:52,269 - LSTM_BR_DWGD_TORCH - INFO - Tempo total da Fase 2: 1.93 segundos.
2025-11-11 20:29:52,270 - LSTM_BR_DWGD_TORCH - INFO - [FASE 3] Normalizando e criando sequências...
2025-11-11 20:29:52,291 - LSTM_BR_DWGD_TORCH - INFO - Shape treino: torch.Size([5331, 30, 12]), teste: torch.Size([562, 30, 12])
2025-11-11 20:29:52,291 - LSTM_BR_DWGD_TORCH - INFO - Tempo total da Fase 3: 0.02s
2025-11-11 20:29:52,291 - LSTM_BR_DWGD_TORCH - INFO - [FASE 4] Iniciando treinamento do modelo PyTorch...
2025-11-11 20:29:53,028 - LSTM_BR_DWGD_TORCH - INFO - Modelo criado com input_dim=12, hidden_dim=128, layers=2
2025-11-11 20:29:53,029 - LSTM_BR_DWGD_TORCH - INFO - Treinando por 1 épocas com batch_size=32
2025-11-11 20:29:54,582 - LSTM_BR_DWGD_TORCH - INFO - Época [1/1] - Loss: 91.264707
2025-11-11 20:29:54,582 - LSTM_BR_DWGD_TORCH - INFO - Treinamento concluído em 0.04 minutos
2025-11-11 20:29:54,582 - LSTM_BR_DWGD_TORCH - INFO - [FASE 5] Avaliando modelo no conjunto de teste...
2025-11-11 20:32:26,884 - LSTM_BR_DWGD_TORCH - INFO - ==========================================================================================
2025-11-11 20:32:26,884 - LSTM_BR_DWGD_TORCH - INFO - Iniciando script LSTM (PyTorch) com suporte a GPU e logs detalhados.
2025-11-11 20:32:26,884 - LSTM_BR_DWGD_TORCH - INFO - ==========================================================================================
2025-11-11 20:32:26,885 - LSTM_BR_DWGD_TORCH - INFO - Dispositivo em uso: cpu
2025-11-11 20:32:26,885 - LSTM_BR_DWGD_TORCH - WARNING - Nenhuma GPU disponível. Rodando no CPU.
2025-11-11 20:32:26,885 - LSTM_BR_DWGD_TORCH - INFO - [FASE 1] Carregando e pré-processando dados...
2025-11-11 20:32:28,718 - LSTM_BR_DWGD_TORCH - INFO - Dados carregados com 5924 registros.
2025-11-11 20:32:28,718 - LSTM_BR_DWGD_TORCH - INFO - Período: 2008-01-01 00:00:00 → 2024-03-20 00:00:00
2025-11-11 20:32:28,721 - LSTM_BR_DWGD_TORCH - INFO - Primeiras linhas:
            chuva       Tmax       Tmin
2008-01-01    0.0  32.799999  23.500000
2008-01-02    0.0  33.200001  23.400000
2008-01-03    0.0  36.299999  22.200001
2008-01-04    0.0  37.900002  22.700001
2008-01-05    0.0  31.900000  23.100000
2025-11-11 20:32:28,722 - LSTM_BR_DWGD_TORCH - INFO - [FASE 2] Criando features temporais e estatísticas...
2025-11-11 20:32:28,768 - LSTM_BR_DWGD_TORCH - INFO - Engenharia de features concluída. Total de colunas: 12
2025-11-11 20:32:28,768 - LSTM_BR_DWGD_TORCH - INFO - Colunas criadas: ['chuva', 'Tmax', 'Tmin', 'prcptot_w', 'wd_w', 'dd_w', 'sdii_w', 'rx1day_w', 'rx5days_w', 'r20mm_w', 'cwd_w', 'cdd_w']
2025-11-11 20:32:28,768 - LSTM_BR_DWGD_TORCH - INFO - Tempo total da Fase 2: 1.88 segundos.
2025-11-11 20:32:28,768 - LSTM_BR_DWGD_TORCH - INFO - [FASE 3] Normalizando e criando sequências...
2025-11-11 20:32:28,792 - LSTM_BR_DWGD_TORCH - INFO - Shape treino: torch.Size([5331, 30, 12]), teste: torch.Size([562, 30, 12])
2025-11-11 20:32:28,793 - LSTM_BR_DWGD_TORCH - INFO - Tempo total da Fase 3: 0.02s
2025-11-11 20:32:28,793 - LSTM_BR_DWGD_TORCH - INFO - [FASE 4] Iniciando treinamento do modelo PyTorch...
2025-11-11 20:32:29,447 - LSTM_BR_DWGD_TORCH - INFO - Modelo criado com input_dim=12, hidden_dim=128, layers=2
2025-11-11 20:32:29,447 - LSTM_BR_DWGD_TORCH - INFO - Treinando por 1 épocas com batch_size=32
2025-11-11 20:32:30,641 - LSTM_BR_DWGD_TORCH - INFO - Época [1/1] - Loss: 98.961082
2025-11-11 20:32:30,641 - LSTM_BR_DWGD_TORCH - INFO - Treinamento concluído em 0.03 minutos
2025-11-11 20:32:30,641 - LSTM_BR_DWGD_TORCH - INFO - [FASE 5] Avaliando modelo no conjunto de teste...
2025-11-11 20:33:05,957 - LSTM_BR_DWGD_TORCH - INFO - ==========================================================================================
2025-11-11 20:33:05,958 - LSTM_BR_DWGD_TORCH - INFO - Iniciando script LSTM (PyTorch) com suporte a GPU e logs detalhados.
2025-11-11 20:33:05,958 - LSTM_BR_DWGD_TORCH - INFO - ==========================================================================================
2025-11-11 20:33:05,958 - LSTM_BR_DWGD_TORCH - INFO - Dispositivo em uso: cpu
2025-11-11 20:33:05,958 - LSTM_BR_DWGD_TORCH - WARNING - Nenhuma GPU disponível. Rodando no CPU.
2025-11-11 20:33:05,958 - LSTM_BR_DWGD_TORCH - INFO - [FASE 1] Carregando e pré-processando dados...
2025-11-11 20:33:08,047 - LSTM_BR_DWGD_TORCH - INFO - Dados carregados com 5924 registros.
2025-11-11 20:33:08,047 - LSTM_BR_DWGD_TORCH - INFO - Período: 2008-01-01 00:00:00 → 2024-03-20 00:00:00
2025-11-11 20:33:08,050 - LSTM_BR_DWGD_TORCH - INFO - Primeiras linhas:
            chuva       Tmax       Tmin
2008-01-01    0.0  32.799999  23.500000
2008-01-02    0.0  33.200001  23.400000
2008-01-03    0.0  36.299999  22.200001
2008-01-04    0.0  37.900002  22.700001
2008-01-05    0.0  31.900000  23.100000
2025-11-11 20:33:08,050 - LSTM_BR_DWGD_TORCH - INFO - [FASE 2] Criando features temporais e estatísticas...
2025-11-11 20:33:08,097 - LSTM_BR_DWGD_TORCH - INFO - Engenharia de features concluída. Total de colunas: 12
2025-11-11 20:33:08,097 - LSTM_BR_DWGD_TORCH - INFO - Colunas criadas: ['chuva', 'Tmax', 'Tmin', 'prcptot_w', 'wd_w', 'dd_w', 'sdii_w', 'rx1day_w', 'rx5days_w', 'r20mm_w', 'cwd_w', 'cdd_w']
2025-11-11 20:33:08,097 - LSTM_BR_DWGD_TORCH - INFO - Tempo total da Fase 2: 2.14 segundos.
2025-11-11 20:33:08,097 - LSTM_BR_DWGD_TORCH - INFO - [FASE 3] Normalizando e criando sequências...
2025-11-11 20:33:08,118 - LSTM_BR_DWGD_TORCH - INFO - Shape treino: torch.Size([5331, 30, 12]), teste: torch.Size([562, 30, 12])
2025-11-11 20:33:08,118 - LSTM_BR_DWGD_TORCH - INFO - Tempo total da Fase 3: 0.02s
2025-11-11 20:33:08,119 - LSTM_BR_DWGD_TORCH - INFO - [FASE 4] Iniciando treinamento do modelo PyTorch...
2025-11-11 20:33:08,771 - LSTM_BR_DWGD_TORCH - INFO - Modelo criado com input_dim=12, hidden_dim=128, layers=2
2025-11-11 20:33:08,771 - LSTM_BR_DWGD_TORCH - INFO - Treinando por 1 épocas com batch_size=32
2025-11-11 20:33:10,000 - LSTM_BR_DWGD_TORCH - INFO - Época [1/1] - Loss: 91.165197
2025-11-11 20:33:10,000 - LSTM_BR_DWGD_TORCH - INFO - Treinamento concluído em 0.03 minutos
2025-11-11 20:33:10,000 - LSTM_BR_DWGD_TORCH - INFO - [FASE 5] Avaliando modelo no conjunto de teste...
2025-11-11 20:39:54,110 - LSTM_BR_DWGD_TORCH - INFO - ==========================================================================================
2025-11-11 20:39:54,110 - LSTM_BR_DWGD_TORCH - INFO - Iniciando script LSTM (PyTorch) com suporte a GPU e logs detalhados.
2025-11-11 20:39:54,110 - LSTM_BR_DWGD_TORCH - INFO - ==========================================================================================
2025-11-11 20:39:54,110 - LSTM_BR_DWGD_TORCH - INFO - Dispositivo em uso: cpu
2025-11-11 20:39:54,110 - LSTM_BR_DWGD_TORCH - WARNING - Nenhuma GPU disponível. Rodando no CPU.
2025-11-11 20:39:54,111 - LSTM_BR_DWGD_TORCH - INFO - [FASE 1] Carregando e pré-processando dados...
2025-11-11 20:39:56,621 - LSTM_BR_DWGD_TORCH - INFO - Dados carregados com 5924 registros.
2025-11-11 20:39:56,621 - LSTM_BR_DWGD_TORCH - INFO - Período: 2008-01-01 00:00:00 → 2024-03-20 00:00:00
2025-11-11 20:39:56,624 - LSTM_BR_DWGD_TORCH - INFO - Primeiras linhas:
            chuva       Tmax       Tmin
2008-01-01    0.0  32.799999  23.500000
2008-01-02    0.0  33.200001  23.400000
2008-01-03    0.0  36.299999  22.200001
2008-01-04    0.0  37.900002  22.700001
2008-01-05    0.0  31.900000  23.100000
2025-11-11 20:39:56,624 - LSTM_BR_DWGD_TORCH - INFO - [FASE 2] Criando features temporais e estatísticas...
2025-11-11 20:39:56,670 - LSTM_BR_DWGD_TORCH - INFO - Engenharia de features concluída. Total de colunas: 12
2025-11-11 20:39:56,670 - LSTM_BR_DWGD_TORCH - INFO - Colunas criadas: ['chuva', 'Tmax', 'Tmin', 'prcptot_w', 'wd_w', 'dd_w', 'sdii_w', 'rx1day_w', 'rx5days_w', 'r20mm_w', 'cwd_w', 'cdd_w']
2025-11-11 20:39:56,670 - LSTM_BR_DWGD_TORCH - INFO - Tempo total da Fase 2: 2.56 segundos.
2025-11-11 20:39:56,670 - LSTM_BR_DWGD_TORCH - INFO - [FASE 3] Normalizando e criando sequências...
2025-11-11 20:40:14,322 - LSTM_BR_DWGD_TORCH - INFO - ==========================================================================================
2025-11-11 20:40:14,323 - LSTM_BR_DWGD_TORCH - INFO - Iniciando script LSTM (PyTorch) com suporte a GPU e logs detalhados.
2025-11-11 20:40:14,323 - LSTM_BR_DWGD_TORCH - INFO - ==========================================================================================
2025-11-11 20:40:14,323 - LSTM_BR_DWGD_TORCH - INFO - Dispositivo em uso: cpu
2025-11-11 20:40:14,323 - LSTM_BR_DWGD_TORCH - WARNING - Nenhuma GPU disponível. Rodando no CPU.
2025-11-11 20:40:14,323 - LSTM_BR_DWGD_TORCH - INFO - [FASE 1] Carregando e pré-processando dados...
2025-11-11 20:40:16,314 - LSTM_BR_DWGD_TORCH - INFO - Dados carregados com 5924 registros.
2025-11-11 20:40:16,314 - LSTM_BR_DWGD_TORCH - INFO - Período: 2008-01-01 00:00:00 → 2024-03-20 00:00:00
2025-11-11 20:40:16,318 - LSTM_BR_DWGD_TORCH - INFO - Primeiras linhas:
            chuva       Tmax       Tmin
2008-01-01    0.0  32.799999  23.500000
2008-01-02    0.0  33.200001  23.400000
2008-01-03    0.0  36.299999  22.200001
2008-01-04    0.0  37.900002  22.700001
2008-01-05    0.0  31.900000  23.100000
2025-11-11 20:40:16,318 - LSTM_BR_DWGD_TORCH - INFO - [FASE 2] Criando features temporais e estatísticas...
2025-11-11 20:40:16,363 - LSTM_BR_DWGD_TORCH - INFO - Engenharia de features concluída. Total de colunas: 12
2025-11-11 20:40:16,363 - LSTM_BR_DWGD_TORCH - INFO - Colunas criadas: ['chuva', 'Tmax', 'Tmin', 'prcptot_w', 'wd_w', 'dd_w', 'sdii_w', 'rx1day_w', 'rx5days_w', 'r20mm_w', 'cwd_w', 'cdd_w']
2025-11-11 20:40:16,363 - LSTM_BR_DWGD_TORCH - INFO - Tempo total da Fase 2: 2.04 segundos.
2025-11-11 20:40:16,363 - LSTM_BR_DWGD_TORCH - INFO - [FASE 3] Normalizando e criando sequências...
2025-11-11 20:40:16,367 - LSTM_BR_DWGD_TORCH - INFO - Shape treino: torch.Size([562, 30, 12]), teste: torch.Size([0, 30, 12])
2025-11-11 20:40:16,367 - LSTM_BR_DWGD_TORCH - INFO - Tempo total da Fase 3: 0.00s
2025-11-11 20:40:16,367 - LSTM_BR_DWGD_TORCH - INFO - [FASE 4] Iniciando treinamento do modelo PyTorch...
2025-11-11 20:40:17,024 - LSTM_BR_DWGD_TORCH - INFO - Modelo criado com input_dim=12, hidden_dim=128, layers=2
2025-11-11 20:40:17,024 - LSTM_BR_DWGD_TORCH - INFO - Treinando por 1 épocas com batch_size=32
2025-11-11 20:40:17,164 - LSTM_BR_DWGD_TORCH - INFO - Época [1/1] - Loss: 0.039885
2025-11-11 20:40:17,165 - LSTM_BR_DWGD_TORCH - INFO - Treinamento concluído em 0.01 minutos
2025-11-11 20:40:17,165 - LSTM_BR_DWGD_TORCH - INFO - [FASE 5] Avaliando modelo no conjunto de teste...
2025-11-11 20:40:55,307 - LSTM_BR_DWGD_TORCH - INFO - ==========================================================================================
2025-11-11 20:40:55,307 - LSTM_BR_DWGD_TORCH - INFO - Iniciando script LSTM (PyTorch) com suporte a GPU e logs detalhados.
2025-11-11 20:40:55,307 - LSTM_BR_DWGD_TORCH - INFO - ==========================================================================================
2025-11-11 20:40:55,308 - LSTM_BR_DWGD_TORCH - INFO - Dispositivo em uso: cpu
2025-11-11 20:40:55,308 - LSTM_BR_DWGD_TORCH - WARNING - Nenhuma GPU disponível. Rodando no CPU.
2025-11-11 20:40:55,308 - LSTM_BR_DWGD_TORCH - INFO - [FASE 1] Carregando e pré-processando dados...
2025-11-11 20:40:57,305 - LSTM_BR_DWGD_TORCH - INFO - Dados carregados com 5924 registros.
2025-11-11 20:40:57,305 - LSTM_BR_DWGD_TORCH - INFO - Período: 2008-01-01 00:00:00 → 2024-03-20 00:00:00
2025-11-11 20:40:57,308 - LSTM_BR_DWGD_TORCH - INFO - Primeiras linhas:
            chuva       Tmax       Tmin
2008-01-01    0.0  32.799999  23.500000
2008-01-02    0.0  33.200001  23.400000
2008-01-03    0.0  36.299999  22.200001
2008-01-04    0.0  37.900002  22.700001
2008-01-05    0.0  31.900000  23.100000
2025-11-11 20:40:57,308 - LSTM_BR_DWGD_TORCH - INFO - [FASE 2] Criando features temporais e estatísticas...
2025-11-11 20:40:57,353 - LSTM_BR_DWGD_TORCH - INFO - Engenharia de features concluída. Total de colunas: 12
2025-11-11 20:40:57,353 - LSTM_BR_DWGD_TORCH - INFO - Colunas criadas: ['chuva', 'Tmax', 'Tmin', 'prcptot_w', 'wd_w', 'dd_w', 'sdii_w', 'rx1day_w', 'rx5days_w', 'r20mm_w', 'cwd_w', 'cdd_w']
2025-11-11 20:40:57,353 - LSTM_BR_DWGD_TORCH - INFO - Tempo total da Fase 2: 2.05 segundos.
2025-11-11 20:40:57,353 - LSTM_BR_DWGD_TORCH - INFO - [FASE 3] Normalizando e criando sequências...
2025-11-11 20:40:57,368 - LSTM_BR_DWGD_TORCH - INFO - Shape treino: torch.Size([5331, 30, 12]), teste: torch.Size([562, 30, 12])
2025-11-11 20:40:57,368 - LSTM_BR_DWGD_TORCH - INFO - Tempo total da Fase 3: 0.01s
2025-11-11 20:40:57,368 - LSTM_BR_DWGD_TORCH - INFO - [FASE 4] Iniciando treinamento do modelo PyTorch...
2025-11-11 20:40:58,052 - LSTM_BR_DWGD_TORCH - INFO - Modelo criado com input_dim=12, hidden_dim=128, layers=2
2025-11-11 20:40:58,053 - LSTM_BR_DWGD_TORCH - INFO - Treinando por 1 épocas com batch_size=32
2025-11-11 20:40:59,242 - LSTM_BR_DWGD_TORCH - INFO - Época [1/1] - Loss: 0.023607
2025-11-11 20:40:59,242 - LSTM_BR_DWGD_TORCH - INFO - Treinamento concluído em 0.03 minutos
2025-11-11 20:40:59,242 - LSTM_BR_DWGD_TORCH - INFO - [FASE 5] Avaliando modelo no conjunto de teste...
2025-11-11 20:40:59,273 - LSTM_BR_DWGD_TORCH - INFO - RMSE: 13.1978
2025-11-11 20:40:59,273 - LSTM_BR_DWGD_TORCH - INFO - MSE : 174.1816
2025-11-11 20:40:59,273 - LSTM_BR_DWGD_TORCH - INFO - MAE : 4.2961
2025-11-11 20:40:59,273 - LSTM_BR_DWGD_TORCH - INFO - CSI (thr=1.0 mm): 0.0000  [TP=0, FP=0, FN=162]
2025-11-11 20:40:59,273 - LSTM_BR_DWGD_TORCH - INFO - [FASE 6] Gerando gráfico de previsão...
2025-11-11 20:40:59,273 - LSTM_BR_DWGD_TORCH - INFO - [FASE 7] Gerando gráficos...
2025-11-11 20:40:59,409 - LSTM_BR_DWGD_TORCH - INFO - ==========================================================================================
2025-11-11 20:40:59,409 - LSTM_BR_DWGD_TORCH - INFO - Execução finalizada com sucesso.
2025-11-11 20:40:59,409 - LSTM_BR_DWGD_TORCH - INFO - Dispositivo utilizado: cpu
2025-11-11 20:40:59,409 - LSTM_BR_DWGD_TORCH - INFO - ==========================================================================================
2025-11-11 20:44:24,235 - LSTM_BR_DWGD_TORCH - INFO - ==========================================================================================
2025-11-11 20:44:24,235 - LSTM_BR_DWGD_TORCH - INFO - Iniciando script LSTM (PyTorch) com suporte a GPU e logs detalhados.
2025-11-11 20:44:24,235 - LSTM_BR_DWGD_TORCH - INFO - ==========================================================================================
2025-11-11 20:44:24,235 - LSTM_BR_DWGD_TORCH - INFO - Dispositivo em uso: cpu
2025-11-11 20:44:24,235 - LSTM_BR_DWGD_TORCH - WARNING - Nenhuma GPU disponível. Rodando no CPU.
2025-11-11 20:44:24,235 - LSTM_BR_DWGD_TORCH - INFO - [FASE 1] Carregando e pré-processando dados...
2025-11-11 20:44:28,635 - LSTM_BR_DWGD_TORCH - INFO - Dados carregados com 5924 registros.
2025-11-11 20:44:28,636 - LSTM_BR_DWGD_TORCH - INFO - Período: 2008-01-01 00:00:00 → 2024-03-20 00:00:00
2025-11-11 20:44:28,645 - LSTM_BR_DWGD_TORCH - INFO - Primeiras linhas:
            chuva       Tmax       Tmin
2008-01-01    0.0  32.799999  23.500000
2008-01-02    0.0  33.200001  23.400000
2008-01-03    0.0  36.299999  22.200001
2008-01-04    0.0  37.900002  22.700001
2008-01-05    0.0  31.900000  23.100000
2025-11-11 20:44:28,645 - LSTM_BR_DWGD_TORCH - INFO - [FASE 2] Criando features temporais e estatísticas...
2025-11-11 20:44:28,705 - LSTM_BR_DWGD_TORCH - INFO - Engenharia de features concluída. Total de colunas: 12
2025-11-11 20:44:28,705 - LSTM_BR_DWGD_TORCH - INFO - Colunas criadas: ['chuva', 'Tmax', 'Tmin', 'prcptot_w', 'wd_w', 'dd_w', 'sdii_w', 'rx1day_w', 'rx5days_w', 'r20mm_w', 'cwd_w', 'cdd_w']
2025-11-11 20:44:28,705 - LSTM_BR_DWGD_TORCH - INFO - Tempo total da Fase 2: 4.47 segundos.
2025-11-11 20:44:28,705 - LSTM_BR_DWGD_TORCH - INFO - [FASE 3] Normalizando e criando sequências...
2025-11-11 20:44:28,750 - LSTM_BR_DWGD_TORCH - INFO - Shape treino: torch.Size([5331, 30, 12]), teste: torch.Size([562, 30, 12])
2025-11-11 20:44:28,750 - LSTM_BR_DWGD_TORCH - INFO - Tempo total da Fase 3: 0.04s
2025-11-11 20:44:28,750 - LSTM_BR_DWGD_TORCH - INFO - [FASE 4] Iniciando treinamento do modelo PyTorch...
2025-11-11 20:44:30,125 - LSTM_BR_DWGD_TORCH - INFO - Modelo criado com input_dim=12, hidden_dim=128, layers=2
2025-11-11 20:44:30,125 - LSTM_BR_DWGD_TORCH - INFO - Treinando por 1 épocas com batch_size=32
2025-11-11 20:44:31,626 - LSTM_BR_DWGD_TORCH - INFO - Época [1/1] - Loss: 0.023346
2025-11-11 20:44:31,626 - LSTM_BR_DWGD_TORCH - INFO - Treinamento concluído em 0.05 minutos
2025-11-11 20:44:31,626 - LSTM_BR_DWGD_TORCH - INFO - [FASE 5] Avaliando modelo no conjunto de teste...
2025-11-11 20:44:31,721 - LSTM_BR_DWGD_TORCH - INFO - RMSE: 13.1978
2025-11-11 20:44:31,721 - LSTM_BR_DWGD_TORCH - INFO - MSE : 174.1816
2025-11-11 20:44:31,721 - LSTM_BR_DWGD_TORCH - INFO - MAE : 4.2961
2025-11-11 20:44:31,722 - LSTM_BR_DWGD_TORCH - INFO - CSI (thr=1.0 mm): 0.0000  [TP=0, FP=0, FN=162]
2025-11-11 20:44:31,722 - LSTM_BR_DWGD_TORCH - INFO - [FASE 6] Gerando gráfico de previsão...
2025-11-11 20:44:31,722 - LSTM_BR_DWGD_TORCH - INFO - [FASE 7] Gerando gráficos...
2025-11-11 20:44:31,901 - LSTM_BR_DWGD_TORCH - INFO - ==========================================================================================
2025-11-11 20:44:31,901 - LSTM_BR_DWGD_TORCH - INFO - Execução finalizada com sucesso.
2025-11-11 20:44:31,901 - LSTM_BR_DWGD_TORCH - INFO - Dispositivo utilizado: cpu
2025-11-11 20:44:31,901 - LSTM_BR_DWGD_TORCH - INFO - ==========================================================================================
2025-11-11 20:44:59,913 - LSTM_BR_DWGD_TORCH - INFO - ==========================================================================================
2025-11-11 20:44:59,913 - LSTM_BR_DWGD_TORCH - INFO - Iniciando script LSTM (PyTorch) com suporte a GPU e logs detalhados.
2025-11-11 20:44:59,913 - LSTM_BR_DWGD_TORCH - INFO - ==========================================================================================
2025-11-11 20:44:59,913 - LSTM_BR_DWGD_TORCH - INFO - Dispositivo em uso: cpu
2025-11-11 20:44:59,913 - LSTM_BR_DWGD_TORCH - WARNING - Nenhuma GPU disponível. Rodando no CPU.
2025-11-11 20:44:59,913 - LSTM_BR_DWGD_TORCH - INFO - [FASE 1] Carregando e pré-processando dados...
2025-11-11 20:45:02,120 - LSTM_BR_DWGD_TORCH - INFO - Dados carregados com 5924 registros.
2025-11-11 20:45:02,120 - LSTM_BR_DWGD_TORCH - INFO - Período: 2008-01-01 00:00:00 → 2024-03-20 00:00:00
2025-11-11 20:45:02,124 - LSTM_BR_DWGD_TORCH - INFO - Primeiras linhas:
            chuva       Tmax       Tmin
2008-01-01    0.0  32.799999  23.500000
2008-01-02    0.0  33.200001  23.400000
2008-01-03    0.0  36.299999  22.200001
2008-01-04    0.0  37.900002  22.700001
2008-01-05    0.0  31.900000  23.100000
2025-11-11 20:45:02,124 - LSTM_BR_DWGD_TORCH - INFO - [FASE 2] Criando features temporais e estatísticas...
2025-11-11 20:45:02,170 - LSTM_BR_DWGD_TORCH - INFO - Engenharia de features concluída. Total de colunas: 12
2025-11-11 20:45:02,170 - LSTM_BR_DWGD_TORCH - INFO - Colunas criadas: ['chuva', 'Tmax', 'Tmin', 'prcptot_w', 'wd_w', 'dd_w', 'sdii_w', 'rx1day_w', 'rx5days_w', 'r20mm_w', 'cwd_w', 'cdd_w']
2025-11-11 20:45:02,170 - LSTM_BR_DWGD_TORCH - INFO - Tempo total da Fase 2: 2.26 segundos.
2025-11-11 20:45:02,170 - LSTM_BR_DWGD_TORCH - INFO - [FASE 3] Normalizando e criando sequências...
2025-11-11 20:45:02,181 - LSTM_BR_DWGD_TORCH - INFO - Shape treino: torch.Size([5331, 30, 12]), teste: torch.Size([562, 30, 12])
2025-11-11 20:45:02,182 - LSTM_BR_DWGD_TORCH - INFO - Tempo total da Fase 3: 0.01s
2025-11-11 20:45:02,182 - LSTM_BR_DWGD_TORCH - INFO - [FASE 4] Iniciando treinamento do modelo PyTorch...
2025-11-11 20:45:02,878 - LSTM_BR_DWGD_TORCH - INFO - Modelo criado com input_dim=12, hidden_dim=128, layers=2
2025-11-11 20:45:02,878 - LSTM_BR_DWGD_TORCH - INFO - Treinando por 50 épocas com batch_size=32
2025-11-11 20:45:04,180 - LSTM_BR_DWGD_TORCH - INFO - Época [1/50] - Loss: 0.023348
2025-11-11 20:46:11,758 - LSTM_BR_DWGD_TORCH - INFO - Treinamento concluído em 1.16 minutos
2025-11-11 20:46:11,758 - LSTM_BR_DWGD_TORCH - INFO - [FASE 5] Avaliando modelo no conjunto de teste...
2025-11-11 20:46:11,788 - LSTM_BR_DWGD_TORCH - INFO - RMSE: 13.1978
2025-11-11 20:46:11,788 - LSTM_BR_DWGD_TORCH - INFO - MSE : 174.1816
2025-11-11 20:46:11,788 - LSTM_BR_DWGD_TORCH - INFO - MAE : 4.2961
2025-11-11 20:46:11,788 - LSTM_BR_DWGD_TORCH - INFO - CSI (thr=1.0 mm): 0.0000  [TP=0, FP=0, FN=162]
2025-11-11 20:46:11,788 - LSTM_BR_DWGD_TORCH - INFO - [FASE 6] Gerando gráfico de previsão...
2025-11-11 20:46:11,788 - LSTM_BR_DWGD_TORCH - INFO - [FASE 7] Gerando gráficos...
2025-11-11 20:46:11,929 - LSTM_BR_DWGD_TORCH - INFO - ==========================================================================================
2025-11-11 20:46:11,929 - LSTM_BR_DWGD_TORCH - INFO - Execução finalizada com sucesso.
2025-11-11 20:46:11,929 - LSTM_BR_DWGD_TORCH - INFO - Dispositivo utilizado: cpu
2025-11-11 20:46:11,929 - LSTM_BR_DWGD_TORCH - INFO - ==========================================================================================
2025-11-11 20:59:37,106 - LSTM_BR_DWGD_TORCH - INFO - ==========================================================================================
2025-11-11 20:59:37,106 - LSTM_BR_DWGD_TORCH - INFO - Iniciando script LSTM (PyTorch) com suporte a GPU e logs detalhados.
2025-11-11 20:59:37,106 - LSTM_BR_DWGD_TORCH - INFO - ==========================================================================================
2025-11-11 20:59:37,108 - LSTM_BR_DWGD_TORCH - INFO - Dispositivo em uso: cpu
2025-11-11 20:59:37,108 - LSTM_BR_DWGD_TORCH - WARNING - Nenhuma GPU disponível. Rodando no CPU.
2025-11-11 20:59:37,108 - LSTM_BR_DWGD_TORCH - INFO - [FASE 1] Carregando e pré-processando dados...
2025-11-11 20:59:41,085 - LSTM_BR_DWGD_TORCH - INFO - Dados carregados com 5924 registros.
2025-11-11 20:59:41,085 - LSTM_BR_DWGD_TORCH - INFO - Período: 2008-01-01 00:00:00 → 2024-03-20 00:00:00
2025-11-11 20:59:41,089 - LSTM_BR_DWGD_TORCH - INFO - Primeiras linhas:
            chuva       Tmax       Tmin
2008-01-01    0.0  32.799999  23.500000
2008-01-02    0.0  33.200001  23.400000
2008-01-03    0.0  36.299999  22.200001
2008-01-04    0.0  37.900002  22.700001
2008-01-05    0.0  31.900000  23.100000
2025-11-11 20:59:41,089 - LSTM_BR_DWGD_TORCH - INFO - [FASE 2] Criando features temporais e estatísticas...
2025-11-11 20:59:41,145 - LSTM_BR_DWGD_TORCH - INFO - Engenharia de features concluída. Total de colunas: 12
2025-11-11 20:59:41,146 - LSTM_BR_DWGD_TORCH - INFO - Colunas criadas: ['chuva', 'Tmax', 'Tmin', 'prcptot_w', 'wd_w', 'dd_w', 'sdii_w', 'rx1day_w', 'rx5days_w', 'r20mm_w', 'cwd_w', 'cdd_w']
2025-11-11 20:59:41,146 - LSTM_BR_DWGD_TORCH - INFO - Tempo total da Fase 2: 4.04 segundos.
2025-11-11 20:59:41,146 - LSTM_BR_DWGD_TORCH - INFO - [FASE 3] Normalizando e criando sequências...
2025-11-11 20:59:41,176 - LSTM_BR_DWGD_TORCH - INFO - Shape treino: torch.Size([5331, 30, 12]), teste: torch.Size([562, 30, 12])
2025-11-11 20:59:41,176 - LSTM_BR_DWGD_TORCH - INFO - Tempo total da Fase 3: 0.03s
2025-11-11 20:59:41,176 - LSTM_BR_DWGD_TORCH - INFO - [FASE 4] Iniciando treinamento do modelo PyTorch...
2025-11-11 20:59:42,443 - LSTM_BR_DWGD_TORCH - INFO - Modelo criado com input_dim=12, hidden_dim=128, layers=2
2025-11-11 20:59:42,443 - LSTM_BR_DWGD_TORCH - INFO - Treinando por 50 épocas com batch_size=32
2025-11-11 21:01:57,606 - LSTM_BR_DWGD_TORCH - INFO - ==========================================================================================
2025-11-11 21:01:57,606 - LSTM_BR_DWGD_TORCH - INFO - Iniciando script LSTM (PyTorch) com suporte a GPU e logs detalhados.
2025-11-11 21:01:57,606 - LSTM_BR_DWGD_TORCH - INFO - ==========================================================================================
2025-11-11 21:01:57,607 - LSTM_BR_DWGD_TORCH - INFO - Dispositivo em uso: cpu
2025-11-11 21:01:57,607 - LSTM_BR_DWGD_TORCH - WARNING - Nenhuma GPU disponível. Rodando no CPU.
2025-11-11 21:01:57,607 - LSTM_BR_DWGD_TORCH - INFO - [FASE 1] Carregando e pré-processando dados...
2025-11-11 21:02:01,250 - LSTM_BR_DWGD_TORCH - INFO - Dados carregados com 5924 registros.
2025-11-11 21:02:01,251 - LSTM_BR_DWGD_TORCH - INFO - Período: 2008-01-01 00:00:00 → 2024-03-20 00:00:00
2025-11-11 21:02:01,255 - LSTM_BR_DWGD_TORCH - INFO - Primeiras linhas:
            chuva       Tmax       Tmin
2008-01-01    0.0  32.799999  23.500000
2008-01-02    0.0  33.200001  23.400000
2008-01-03    0.0  36.299999  22.200001
2008-01-04    0.0  37.900002  22.700001
2008-01-05    0.0  31.900000  23.100000
2025-11-11 21:02:01,255 - LSTM_BR_DWGD_TORCH - INFO - [FASE 2] Criando features temporais e estatísticas...
2025-11-11 21:02:01,322 - LSTM_BR_DWGD_TORCH - INFO - Engenharia de features concluída. Total de colunas: 12
2025-11-11 21:02:01,322 - LSTM_BR_DWGD_TORCH - INFO - Colunas criadas: ['chuva', 'Tmax', 'Tmin', 'prcptot_w', 'wd_w', 'dd_w', 'sdii_w', 'rx1day_w', 'rx5days_w', 'r20mm_w', 'cwd_w', 'cdd_w']
2025-11-11 21:02:01,322 - LSTM_BR_DWGD_TORCH - INFO - Tempo total da Fase 2: 3.71 segundos.
2025-11-11 21:02:01,322 - LSTM_BR_DWGD_TORCH - INFO - [FASE 3] Normalizando e criando sequências...
2025-11-11 21:02:01,356 - LSTM_BR_DWGD_TORCH - INFO - Shape treino: torch.Size([5331, 30, 12]), teste: torch.Size([562, 30, 12])
2025-11-11 21:02:01,356 - LSTM_BR_DWGD_TORCH - INFO - Tempo total da Fase 3: 0.03s
2025-11-11 21:02:01,356 - LSTM_BR_DWGD_TORCH - INFO - [FASE 4] Iniciando treinamento do modelo PyTorch...
2025-11-11 21:02:02,662 - LSTM_BR_DWGD_TORCH - INFO - Modelo criado com input_dim=12, hidden_dim=128, layers=2
2025-11-11 21:02:02,662 - LSTM_BR_DWGD_TORCH - INFO - Treinando por 50 épocas com batch_size=32
2025-11-11 21:02:25,941 - LSTM_BR_DWGD_TORCH - INFO - ==========================================================================================
2025-11-11 21:02:25,942 - LSTM_BR_DWGD_TORCH - INFO - Iniciando script LSTM (PyTorch) com suporte a GPU e logs detalhados.
2025-11-11 21:02:25,942 - LSTM_BR_DWGD_TORCH - INFO - ==========================================================================================
2025-11-11 21:02:25,942 - LSTM_BR_DWGD_TORCH - INFO - Dispositivo em uso: cpu
2025-11-11 21:02:25,942 - LSTM_BR_DWGD_TORCH - WARNING - Nenhuma GPU disponível. Rodando no CPU.
2025-11-11 21:02:25,942 - LSTM_BR_DWGD_TORCH - INFO - [FASE 1] Carregando e pré-processando dados...
2025-11-11 21:02:28,090 - LSTM_BR_DWGD_TORCH - INFO - Dados carregados com 5924 registros.
2025-11-11 21:02:28,090 - LSTM_BR_DWGD_TORCH - INFO - Período: 2008-01-01 00:00:00 → 2024-03-20 00:00:00
2025-11-11 21:02:28,093 - LSTM_BR_DWGD_TORCH - INFO - Primeiras linhas:
            chuva       Tmax       Tmin
2008-01-01    0.0  32.799999  23.500000
2008-01-02    0.0  33.200001  23.400000
2008-01-03    0.0  36.299999  22.200001
2008-01-04    0.0  37.900002  22.700001
2008-01-05    0.0  31.900000  23.100000
2025-11-11 21:02:28,094 - LSTM_BR_DWGD_TORCH - INFO - [FASE 2] Criando features temporais e estatísticas...
2025-11-11 21:02:28,140 - LSTM_BR_DWGD_TORCH - INFO - Engenharia de features concluída. Total de colunas: 12
2025-11-11 21:02:28,141 - LSTM_BR_DWGD_TORCH - INFO - Colunas criadas: ['chuva', 'Tmax', 'Tmin', 'prcptot_w', 'wd_w', 'dd_w', 'sdii_w', 'rx1day_w', 'rx5days_w', 'r20mm_w', 'cwd_w', 'cdd_w']
2025-11-11 21:02:28,141 - LSTM_BR_DWGD_TORCH - INFO - Tempo total da Fase 2: 2.20 segundos.
2025-11-11 21:02:28,141 - LSTM_BR_DWGD_TORCH - INFO - [FASE 3] Normalizando e criando sequências...
2025-11-11 21:02:28,151 - LSTM_BR_DWGD_TORCH - INFO - Shape treino: torch.Size([5331, 30, 12]), teste: torch.Size([562, 30, 12])
2025-11-11 21:02:28,151 - LSTM_BR_DWGD_TORCH - INFO - Tempo total da Fase 3: 0.01s
2025-11-11 21:02:28,151 - LSTM_BR_DWGD_TORCH - INFO - [FASE 4] Iniciando treinamento do modelo PyTorch...
2025-11-11 21:02:28,889 - LSTM_BR_DWGD_TORCH - INFO - Modelo criado com input_dim=12, hidden_dim=128, layers=2
2025-11-11 21:02:28,889 - LSTM_BR_DWGD_TORCH - INFO - Treinando por 50 épocas com batch_size=32
2025-11-11 21:02:44,610 - LSTM_BR_DWGD_TORCH - INFO - ==========================================================================================
2025-11-11 21:02:44,610 - LSTM_BR_DWGD_TORCH - INFO - Iniciando script LSTM (PyTorch) com suporte a GPU e logs detalhados.
2025-11-11 21:02:44,610 - LSTM_BR_DWGD_TORCH - INFO - ==========================================================================================
2025-11-11 21:02:44,610 - LSTM_BR_DWGD_TORCH - INFO - Dispositivo em uso: cpu
2025-11-11 21:02:44,610 - LSTM_BR_DWGD_TORCH - WARNING - Nenhuma GPU disponível. Rodando no CPU.
2025-11-11 21:02:44,610 - LSTM_BR_DWGD_TORCH - INFO - [FASE 1] Carregando e pré-processando dados...
2025-11-11 21:02:46,413 - LSTM_BR_DWGD_TORCH - INFO - Dados carregados com 5924 registros.
2025-11-11 21:02:46,414 - LSTM_BR_DWGD_TORCH - INFO - Período: 2008-01-01 00:00:00 → 2024-03-20 00:00:00
2025-11-11 21:02:46,417 - LSTM_BR_DWGD_TORCH - INFO - Primeiras linhas:
            chuva       Tmax       Tmin
2008-01-01    0.0  32.799999  23.500000
2008-01-02    0.0  33.200001  23.400000
2008-01-03    0.0  36.299999  22.200001
2008-01-04    0.0  37.900002  22.700001
2008-01-05    0.0  31.900000  23.100000
2025-11-11 21:02:46,417 - LSTM_BR_DWGD_TORCH - INFO - [FASE 2] Criando features temporais e estatísticas...
2025-11-11 21:02:46,464 - LSTM_BR_DWGD_TORCH - INFO - Engenharia de features concluída. Total de colunas: 12
2025-11-11 21:02:46,464 - LSTM_BR_DWGD_TORCH - INFO - Colunas criadas: ['chuva', 'Tmax', 'Tmin', 'prcptot_w', 'wd_w', 'dd_w', 'sdii_w', 'rx1day_w', 'rx5days_w', 'r20mm_w', 'cwd_w', 'cdd_w']
2025-11-11 21:02:46,464 - LSTM_BR_DWGD_TORCH - INFO - Tempo total da Fase 2: 1.85 segundos.
2025-11-11 21:02:46,464 - LSTM_BR_DWGD_TORCH - INFO - [FASE 3] Normalizando e criando sequências...
2025-11-11 21:02:46,474 - LSTM_BR_DWGD_TORCH - INFO - Shape treino: torch.Size([5331, 30, 12]), teste: torch.Size([562, 30, 12])
2025-11-11 21:02:46,474 - LSTM_BR_DWGD_TORCH - INFO - Tempo total da Fase 3: 0.01s
2025-11-11 21:02:46,474 - LSTM_BR_DWGD_TORCH - INFO - [FASE 4] Iniciando treinamento do modelo PyTorch...
2025-11-11 21:02:47,147 - LSTM_BR_DWGD_TORCH - INFO - Modelo criado com input_dim=12, hidden_dim=128, layers=2
2025-11-11 21:02:47,147 - LSTM_BR_DWGD_TORCH - INFO - Treinando por 50 épocas com batch_size=32
2025-11-11 21:06:26,037 - LSTM_BR_DWGD_TORCH - INFO - ==========================================================================================
2025-11-11 21:06:26,037 - LSTM_BR_DWGD_TORCH - INFO - Iniciando script LSTM (PyTorch) com suporte a GPU e logs detalhados.
2025-11-11 21:06:26,038 - LSTM_BR_DWGD_TORCH - INFO - ==========================================================================================
2025-11-11 21:06:26,038 - LSTM_BR_DWGD_TORCH - INFO - Dispositivo em uso: cpu
2025-11-11 21:06:26,038 - LSTM_BR_DWGD_TORCH - WARNING - Nenhuma GPU disponível. Rodando no CPU.
2025-11-11 21:06:26,038 - LSTM_BR_DWGD_TORCH - INFO - [FASE 1] Carregando e pré-processando dados...
2025-11-11 21:06:30,122 - LSTM_BR_DWGD_TORCH - INFO - Dados carregados com 5924 registros.
2025-11-11 21:06:30,122 - LSTM_BR_DWGD_TORCH - INFO - Período: 2008-01-01 00:00:00 → 2024-03-20 00:00:00
2025-11-11 21:06:30,126 - LSTM_BR_DWGD_TORCH - INFO - Primeiras linhas:
            chuva       Tmax       Tmin
2008-01-01    0.0  32.799999  23.500000
2008-01-02    0.0  33.200001  23.400000
2008-01-03    0.0  36.299999  22.200001
2008-01-04    0.0  37.900002  22.700001
2008-01-05    0.0  31.900000  23.100000
2025-11-11 21:06:30,126 - LSTM_BR_DWGD_TORCH - INFO - [FASE 2] Criando features temporais e estatísticas...
2025-11-11 21:06:30,179 - LSTM_BR_DWGD_TORCH - INFO - Engenharia de features concluída. Total de colunas: 12
2025-11-11 21:06:30,179 - LSTM_BR_DWGD_TORCH - INFO - Colunas criadas: ['chuva', 'Tmax', 'Tmin', 'prcptot_w', 'wd_w', 'dd_w', 'sdii_w', 'rx1day_w', 'rx5days_w', 'r20mm_w', 'cwd_w', 'cdd_w']
2025-11-11 21:06:30,179 - LSTM_BR_DWGD_TORCH - INFO - Tempo total da Fase 2: 4.14 segundos.
2025-11-11 21:06:30,179 - LSTM_BR_DWGD_TORCH - INFO - [FASE 3] Normalizando e criando sequências...
2025-11-11 21:06:30,193 - LSTM_BR_DWGD_TORCH - INFO - Shape treino: torch.Size([5331, 30, 12]), teste: torch.Size([562, 30, 12])
2025-11-11 21:06:30,193 - LSTM_BR_DWGD_TORCH - INFO - Tempo total da Fase 3: 0.01s
2025-11-11 21:06:30,194 - LSTM_BR_DWGD_TORCH - INFO - [FASE 4] Iniciando treinamento do modelo PyTorch...
2025-11-11 21:06:31,018 - LSTM_BR_DWGD_TORCH - INFO - Modelo criado com input_dim=12, hidden_dim=128, layers=2
2025-11-11 21:06:31,018 - LSTM_BR_DWGD_TORCH - INFO - Treinando por 50 épocas com batch_size=32
2025-11-11 21:06:32,417 - LSTM_BR_DWGD_TORCH - INFO - Época [1/50] - Loss: 0.028549
2025-11-11 21:07:33,995 - LSTM_BR_DWGD_TORCH - INFO - Treinamento concluído em 1.06 minutos
2025-11-11 21:07:33,995 - LSTM_BR_DWGD_TORCH - INFO - [FASE 5] Avaliando modelo no conjunto de teste...
2025-11-11 21:07:34,106 - LSTM_BR_DWGD_TORCH - INFO - RMSE: 13.0743
2025-11-11 21:07:34,106 - LSTM_BR_DWGD_TORCH - INFO - MSE : 170.9375
2025-11-11 21:07:34,106 - LSTM_BR_DWGD_TORCH - INFO - MAE : 4.5263
2025-11-11 21:07:34,106 - LSTM_BR_DWGD_TORCH - INFO - CSI (thr=1.0 mm): 0.2607  [TP=55, FP=49, FN=107]
2025-11-11 21:07:34,106 - LSTM_BR_DWGD_TORCH - INFO - [FASE 6] Gerando gráfico de previsão...
2025-11-11 21:07:34,107 - LSTM_BR_DWGD_TORCH - INFO - [FASE 7] Gerando gráficos...
2025-11-11 21:07:34,359 - LSTM_BR_DWGD_TORCH - INFO - ==========================================================================================
2025-11-11 21:07:34,359 - LSTM_BR_DWGD_TORCH - INFO - Execução finalizada com sucesso.
2025-11-11 21:07:34,359 - LSTM_BR_DWGD_TORCH - INFO - Dispositivo utilizado: cpu
2025-11-11 21:07:34,359 - LSTM_BR_DWGD_TORCH - INFO - ==========================================================================================
2025-11-11 21:09:55,268 - LSTM_BR_DWGD_TORCH - INFO - ==========================================================================================
2025-11-11 21:09:55,268 - LSTM_BR_DWGD_TORCH - INFO - Iniciando script LSTM (PyTorch) com suporte a GPU e logs detalhados.
2025-11-11 21:09:55,268 - LSTM_BR_DWGD_TORCH - INFO - ==========================================================================================
2025-11-11 21:09:55,268 - LSTM_BR_DWGD_TORCH - INFO - Dispositivo em uso: cpu
2025-11-11 21:09:55,268 - LSTM_BR_DWGD_TORCH - WARNING - Nenhuma GPU disponível. Rodando no CPU.
2025-11-11 21:09:55,268 - LSTM_BR_DWGD_TORCH - INFO - [FASE 1] Carregando e pré-processando dados...
2025-11-11 21:09:57,252 - LSTM_BR_DWGD_TORCH - INFO - Dados carregados com 5924 registros.
2025-11-11 21:09:57,253 - LSTM_BR_DWGD_TORCH - INFO - Período: 2008-01-01 00:00:00 → 2024-03-20 00:00:00
2025-11-11 21:09:57,256 - LSTM_BR_DWGD_TORCH - INFO - Primeiras linhas:
            chuva       Tmax       Tmin
2008-01-01    0.0  32.799999  23.500000
2008-01-02    0.0  33.200001  23.400000
2008-01-03    0.0  36.299999  22.200001
2008-01-04    0.0  37.900002  22.700001
2008-01-05    0.0  31.900000  23.100000
2025-11-11 21:09:57,256 - LSTM_BR_DWGD_TORCH - INFO - [FASE 2] Criando features temporais e estatísticas...
2025-11-11 21:09:57,302 - LSTM_BR_DWGD_TORCH - INFO - Engenharia de features concluída. Total de colunas: 12
2025-11-11 21:09:57,302 - LSTM_BR_DWGD_TORCH - INFO - Colunas criadas: ['chuva', 'Tmax', 'Tmin', 'prcptot_w', 'wd_w', 'dd_w', 'sdii_w', 'rx1day_w', 'rx5days_w', 'r20mm_w', 'cwd_w', 'cdd_w']
2025-11-11 21:09:57,302 - LSTM_BR_DWGD_TORCH - INFO - Tempo total da Fase 2: 2.03 segundos.
2025-11-11 21:09:57,302 - LSTM_BR_DWGD_TORCH - INFO - [FASE 3] Normalizando e criando sequências...
2025-11-11 21:09:57,312 - LSTM_BR_DWGD_TORCH - INFO - Shape treino: torch.Size([5331, 30, 12]), teste: torch.Size([562, 30, 12])
2025-11-11 21:09:57,312 - LSTM_BR_DWGD_TORCH - INFO - Tempo total da Fase 3: 0.01s
2025-11-11 21:09:57,312 - LSTM_BR_DWGD_TORCH - INFO - [FASE 4] Iniciando treinamento do modelo PyTorch...
2025-11-11 21:09:57,983 - LSTM_BR_DWGD_TORCH - INFO - Modelo criado com input_dim=12, hidden_dim=256, layers=2
2025-11-11 21:09:57,983 - LSTM_BR_DWGD_TORCH - INFO - Treinando por 1000 épocas com batch_size=32
2025-11-11 21:10:02,321 - LSTM_BR_DWGD_TORCH - INFO - Época [1/1000] - Loss: 0.028422
2025-11-13 19:34:05,785 - LSTM_BR_DWGD_TORCH - INFO - ==========================================================================================
2025-11-13 19:34:05,786 - LSTM_BR_DWGD_TORCH - INFO - Iniciando script LSTM (PyTorch) com suporte a GPU e logs detalhados.
2025-11-13 19:34:05,786 - LSTM_BR_DWGD_TORCH - INFO - ==========================================================================================
2025-11-13 19:34:05,787 - LSTM_BR_DWGD_TORCH - INFO - Dispositivo em uso: cpu
2025-11-13 19:34:05,787 - LSTM_BR_DWGD_TORCH - WARNING - Nenhuma GPU disponível. Rodando no CPU.
2025-11-13 19:34:05,787 - LSTM_BR_DWGD_TORCH - INFO - [FASE 1] Carregando e pré-processando dados...
2025-11-13 19:34:09,644 - LSTM_BR_DWGD_TORCH - INFO - Dados carregados com 5924 registros.
2025-11-13 19:34:09,645 - LSTM_BR_DWGD_TORCH - INFO - Período: 2008-01-01 00:00:00 → 2024-03-20 00:00:00
2025-11-13 19:34:09,648 - LSTM_BR_DWGD_TORCH - INFO - Primeiras linhas:
            chuva       Tmax       Tmin
2008-01-01    0.0  32.799999  23.500000
2008-01-02    0.0  33.200001  23.400000
2008-01-03    0.0  36.299999  22.200001
2008-01-04    0.0  37.900002  22.700001
2008-01-05    0.0  31.900000  23.100000
2025-11-13 19:34:09,648 - LSTM_BR_DWGD_TORCH - INFO - [FASE 2] Criando features temporais e estatísticas...
2025-11-13 19:34:09,696 - LSTM_BR_DWGD_TORCH - INFO - Engenharia de features concluída. Total de colunas: 12
2025-11-13 19:34:09,697 - LSTM_BR_DWGD_TORCH - INFO - Colunas criadas: ['chuva', 'Tmax', 'Tmin', 'prcptot_w', 'wd_w', 'dd_w', 'sdii_w', 'rx1day_w', 'rx5days_w', 'r20mm_w', 'cwd_w', 'cdd_w']
2025-11-13 19:34:09,697 - LSTM_BR_DWGD_TORCH - INFO - Tempo total da Fase 2: 3.91 segundos.
2025-11-13 19:34:09,697 - LSTM_BR_DWGD_TORCH - INFO - [FASE 3] Normalizando e criando sequências...
2025-11-13 19:34:09,726 - LSTM_BR_DWGD_TORCH - INFO - Shape treino: torch.Size([5879, 14, 12]), teste: torch.Size([30, 14, 12])
2025-11-13 19:34:09,726 - LSTM_BR_DWGD_TORCH - INFO - Tempo total da Fase 3: 0.03s
2025-11-13 19:34:09,726 - LSTM_BR_DWGD_TORCH - INFO - [FASE 4] Iniciando treinamento do modelo PyTorch...
2025-11-13 19:34:10,932 - LSTM_BR_DWGD_TORCH - INFO - Modelo criado com input_dim=12, hidden_dim=256, layers=2
2025-11-13 19:34:10,932 - LSTM_BR_DWGD_TORCH - INFO - Treinando por 1 épocas com batch_size=32
2025-11-13 19:34:13,371 - LSTM_BR_DWGD_TORCH - INFO - Época [1/1] - Loss: 0.029234
2025-11-13 19:34:13,372 - LSTM_BR_DWGD_TORCH - INFO - Treinamento concluído em 0.06 minutos
2025-11-13 19:34:13,372 - LSTM_BR_DWGD_TORCH - INFO - [FASE 5] Avaliando modelo no conjunto de teste...
2025-11-13 19:34:13,416 - LSTM_BR_DWGD_TORCH - INFO - RMSE: 14.4672
2025-11-13 19:34:13,416 - LSTM_BR_DWGD_TORCH - INFO - MSE : 209.3006
2025-11-13 19:34:13,416 - LSTM_BR_DWGD_TORCH - INFO - MAE : 5.3283
2025-11-13 19:34:13,416 - LSTM_BR_DWGD_TORCH - INFO - CSI (thr=1.0 mm): 0.0000  [TP=0, FP=0, FN=6]
2025-11-13 19:34:13,416 - LSTM_BR_DWGD_TORCH - INFO - [FASE 6] Gerando gráfico de previsão...
2025-11-13 19:34:13,416 - LSTM_BR_DWGD_TORCH - INFO - [FASE 7] Gerando gráficos...
2025-11-13 19:34:13,746 - LSTM_BR_DWGD_TORCH - INFO - ==========================================================================================
2025-11-13 19:34:13,746 - LSTM_BR_DWGD_TORCH - INFO - Execução finalizada com sucesso.
2025-11-13 19:34:13,746 - LSTM_BR_DWGD_TORCH - INFO - Dispositivo utilizado: cpu
2025-11-13 19:34:13,747 - LSTM_BR_DWGD_TORCH - INFO - ==========================================================================================
