2025-11-24 10:40:02,677 - MAIN_MERGE - WARNING - Nenhuma GPU disponível. Rodando no CPU.
2025-11-24 10:40:02,677 - MAIN_MERGE - INFO - [FASE 1] Carregando e pré-processando dados...
2025-11-24 10:40:06,417 - MAIN_MERGE - INFO - Dados carregados com 100 registros.
2025-11-24 10:40:06,417 - MAIN_MERGE - INFO - Período: 1998-01-02 00:00:00 → 1998-04-11 00:00:00
2025-11-24 10:40:06,419 - MAIN_MERGE - INFO - Primeiras linhas:
             chuva
data              
1998-01-02   0.000
1998-01-03   0.000
1998-01-04  32.625
1998-01-05   1.875
1998-01-06   1.000
2025-11-24 10:40:06,419 - MAIN_MERGE - INFO - [FASE 2] Criando features temporais e estatísticas...
2025-11-24 10:40:06,419 - MAIN_MERGE - INFO - Engenharia de features concluída. Total de colunas: 1
2025-11-24 10:40:06,419 - MAIN_MERGE - INFO - Colunas criadas: ['chuva']
2025-11-24 10:40:06,419 - MAIN_MERGE - INFO - Tempo total da Fase 2: 3.74 segundos.
2025-11-24 10:40:06,420 - MAIN_MERGE - INFO - [FASE 3] Normalizando e criando sequências...
2025-11-24 10:40:06,421 - LSTM_MERGE_TORCH - INFO - ==========================================================================================
2025-11-24 10:40:06,421 - LSTM_MERGE_TORCH - INFO - Iniciando script LSTM (PyTorch) MERGE com suporte a GPU e logs detalhados.
2025-11-24 10:40:06,421 - LSTM_MERGE_TORCH - INFO - ==========================================================================================
2025-11-24 10:40:06,421 - LSTM_MERGE_TORCH - INFO - [FASE 4] Experimentando com várias variações....
2025-11-24 10:40:06,421 - LSTM_MERGE_TORCH - INFO - ======================================================================
2025-11-24 10:40:06,421 - LSTM_MERGE_TORCH - INFO - Iniciando experimento: lookback=30, hidden_dim=32, layers=2, lr=0.001, drop=0.5
2025-11-24 10:40:06,444 - LSTM_MERGE_TORCH - INFO - Shape treino: torch.Size([39, 30, 1]), teste: torch.Size([30, 30, 1])
2025-11-24 10:40:07,688 - LSTM_MERGE_TORCH - INFO - Treinando por 10 épocas...
2025-11-24 10:40:07,807 - LSTM_MERGE_TORCH - INFO - [EXP] Época 1/10 - Loss: 69.168175
2025-11-24 10:40:07,851 - LSTM_MERGE_TORCH - INFO - Treinamento concluído em 0.00 minutos
2025-11-24 10:40:07,861 - LSTM_MERGE_TORCH - INFO - Calculando erro para o train
2025-11-24 10:40:07,862 - LSTM_MERGE_TORCH - INFO - RMSE: 9.3370
2025-11-24 10:40:07,862 - LSTM_MERGE_TORCH - INFO - MSE : 87.1789
2025-11-24 10:40:07,862 - LSTM_MERGE_TORCH - INFO - MAE : 3.6647
2025-11-24 10:40:07,862 - LSTM_MERGE_TORCH - INFO - CSI (thr=1.0 mm): 0.0000  [TP=0, FP=0, FN=15]
2025-11-24 10:40:07,863 - LSTM_MERGE_TORCH - INFO - train_pred TRAIN mm min/max: 0.2788708508014679, 0.7359013557434082
2025-11-24 10:40:07,863 - LSTM_MERGE_TORCH - INFO - train_TRUE TRAIN mm min/max: 0.0, 50.25
2025-11-24 10:40:07,863 - LSTM_MERGE_TORCH - INFO -  Gerando gráficos...
2025-11-24 10:40:08,150 - LSTM_MERGE_TORCH - INFO -  Gráficos gerados...
2025-11-24 10:40:08,150 - LSTM_MERGE_TORCH - INFO - Calculando erro para parte de teste
2025-11-24 10:40:08,150 - LSTM_MERGE_TORCH - INFO - RMSE: 10.5602
2025-11-24 10:40:08,150 - LSTM_MERGE_TORCH - INFO - MSE : 111.5185
2025-11-24 10:40:08,151 - LSTM_MERGE_TORCH - INFO - MAE : 4.9528
2025-11-24 10:40:08,151 - LSTM_MERGE_TORCH - INFO - CSI (thr=1.0 mm): 0.0000  [TP=0, FP=0, FN=11]
2025-11-24 10:40:08,151 - LSTM_MERGE_TORCH - INFO - y_pred mm min/max: 0.2962028682231903, 0.6678757667541504
2025-11-24 10:40:08,151 - LSTM_MERGE_TORCH - INFO - y_TRUE mm min/max: 0.0, 37.625
2025-11-24 10:40:08,151 - LSTM_MERGE_TORCH - INFO -  Gerando gráficos...
2025-11-24 10:40:08,242 - LSTM_MERGE_TORCH - INFO -  Gráficos gerados...
2025-11-24 10:40:08,242 - LSTM_MERGE_TORCH - INFO - ==========================================================================================
2025-11-24 10:40:08,242 - LSTM_MERGE_TORCH - INFO - Execução finalizada com sucesso.
2025-11-24 10:40:08,242 - LSTM_MERGE_TORCH - INFO - Dispositivo utilizado: cpu
2025-11-24 10:40:08,242 - LSTM_MERGE_TORCH - INFO - ==========================================================================================
2025-11-24 10:40:08,243 - LSTM_MERGE_TORCH - INFO - ======================================================================
2025-11-24 10:40:08,243 - LSTM_MERGE_TORCH - INFO - Iniciando experimento: lookback=30, hidden_dim=64, layers=2, lr=0.001, drop=0.5
2025-11-24 10:40:08,243 - LSTM_MERGE_TORCH - INFO - Shape treino: torch.Size([39, 30, 1]), teste: torch.Size([30, 30, 1])
2025-11-24 10:40:08,244 - LSTM_MERGE_TORCH - INFO - Treinando por 10 épocas...
2025-11-24 10:40:08,256 - LSTM_MERGE_TORCH - INFO - [EXP] Época 1/10 - Loss: 214.264668
2025-11-24 10:40:08,335 - LSTM_MERGE_TORCH - INFO - Treinamento concluído em 0.00 minutos
2025-11-24 10:40:08,340 - LSTM_MERGE_TORCH - INFO - Calculando erro para o train
2025-11-24 10:40:08,341 - LSTM_MERGE_TORCH - INFO - RMSE: 9.0227
2025-11-24 10:40:08,341 - LSTM_MERGE_TORCH - INFO - MSE : 81.4085
2025-11-24 10:40:08,341 - LSTM_MERGE_TORCH - INFO - MAE : 3.9019
2025-11-24 10:40:08,341 - LSTM_MERGE_TORCH - INFO - CSI (thr=1.0 mm): 0.3714  [TP=13, FP=20, FN=2]
2025-11-24 10:40:08,341 - LSTM_MERGE_TORCH - INFO - train_pred TRAIN mm min/max: 0.9167559742927551, 2.149935007095337
2025-11-24 10:40:08,341 - LSTM_MERGE_TORCH - INFO - train_TRUE TRAIN mm min/max: 0.0, 50.25
2025-11-24 10:40:08,341 - LSTM_MERGE_TORCH - INFO -  Gerando gráficos...
2025-11-24 10:40:08,428 - LSTM_MERGE_TORCH - INFO -  Gráficos gerados...
2025-11-24 10:40:08,429 - LSTM_MERGE_TORCH - INFO - Calculando erro para parte de teste
2025-11-24 10:40:08,429 - LSTM_MERGE_TORCH - INFO - RMSE: 10.1262
2025-11-24 10:40:08,429 - LSTM_MERGE_TORCH - INFO - MSE : 102.5398
2025-11-24 10:40:08,429 - LSTM_MERGE_TORCH - INFO - MAE : 5.3085
2025-11-24 10:40:08,429 - LSTM_MERGE_TORCH - INFO - CSI (thr=1.0 mm): 0.3667  [TP=11, FP=19, FN=0]
2025-11-24 10:40:08,430 - LSTM_MERGE_TORCH - INFO - y_pred mm min/max: 1.2393873929977417, 2.044978380203247
2025-11-24 10:40:08,430 - LSTM_MERGE_TORCH - INFO - y_TRUE mm min/max: 0.0, 37.625
2025-11-24 10:40:08,430 - LSTM_MERGE_TORCH - INFO -  Gerando gráficos...
2025-11-24 10:40:08,600 - LSTM_MERGE_TORCH - INFO -  Gráficos gerados...
2025-11-24 10:40:08,600 - LSTM_MERGE_TORCH - INFO - ==========================================================================================
2025-11-24 10:40:08,600 - LSTM_MERGE_TORCH - INFO - Execução finalizada com sucesso.
2025-11-24 10:40:08,600 - LSTM_MERGE_TORCH - INFO - Dispositivo utilizado: cpu
2025-11-24 10:40:08,600 - LSTM_MERGE_TORCH - INFO - ==========================================================================================
2025-11-24 10:40:08,600 - LSTM_MERGE_TORCH - INFO - ======================================================================
2025-11-24 10:40:08,600 - LSTM_MERGE_TORCH - INFO - Iniciando experimento: lookback=30, hidden_dim=128, layers=2, lr=0.001, drop=0.5
2025-11-24 10:40:08,601 - LSTM_MERGE_TORCH - INFO - Shape treino: torch.Size([39, 30, 1]), teste: torch.Size([30, 30, 1])
2025-11-24 10:40:08,602 - LSTM_MERGE_TORCH - INFO - Treinando por 10 épocas...
2025-11-24 10:40:08,619 - LSTM_MERGE_TORCH - INFO - [EXP] Época 1/10 - Loss: 62.787469
2025-11-24 10:40:08,759 - LSTM_MERGE_TORCH - INFO - Treinamento concluído em 0.00 minutos
2025-11-24 10:40:08,768 - LSTM_MERGE_TORCH - INFO - Calculando erro para o train
2025-11-24 10:40:08,769 - LSTM_MERGE_TORCH - INFO - RMSE: 8.7316
2025-11-24 10:40:08,770 - LSTM_MERGE_TORCH - INFO - MSE : 76.2403
2025-11-24 10:40:08,770 - LSTM_MERGE_TORCH - INFO - MAE : 4.1720
2025-11-24 10:40:08,770 - LSTM_MERGE_TORCH - INFO - CSI (thr=1.0 mm): 0.3846  [TP=15, FP=24, FN=0]
2025-11-24 10:40:08,770 - LSTM_MERGE_TORCH - INFO - train_pred TRAIN mm min/max: 1.8141720294952393, 3.6228203773498535
2025-11-24 10:40:08,770 - LSTM_MERGE_TORCH - INFO - train_TRUE TRAIN mm min/max: 0.0, 50.25
2025-11-24 10:40:08,770 - LSTM_MERGE_TORCH - INFO -  Gerando gráficos...
2025-11-24 10:40:08,864 - LSTM_MERGE_TORCH - INFO -  Gráficos gerados...
2025-11-24 10:40:08,864 - LSTM_MERGE_TORCH - INFO - Calculando erro para parte de teste
2025-11-24 10:40:08,865 - LSTM_MERGE_TORCH - INFO - RMSE: 9.9194
2025-11-24 10:40:08,866 - LSTM_MERGE_TORCH - INFO - MSE : 98.3949
2025-11-24 10:40:08,866 - LSTM_MERGE_TORCH - INFO - MAE : 5.7577
2025-11-24 10:40:08,866 - LSTM_MERGE_TORCH - INFO - CSI (thr=1.0 mm): 0.3667  [TP=11, FP=19, FN=0]
2025-11-24 10:40:08,866 - LSTM_MERGE_TORCH - INFO - y_pred mm min/max: 1.8585608005523682, 3.4378156661987305
2025-11-24 10:40:08,866 - LSTM_MERGE_TORCH - INFO - y_TRUE mm min/max: 0.0, 37.625
2025-11-24 10:40:08,866 - LSTM_MERGE_TORCH - INFO -  Gerando gráficos...
2025-11-24 10:40:08,954 - LSTM_MERGE_TORCH - INFO -  Gráficos gerados...
2025-11-24 10:40:08,955 - LSTM_MERGE_TORCH - INFO - ==========================================================================================
2025-11-24 10:40:08,955 - LSTM_MERGE_TORCH - INFO - Execução finalizada com sucesso.
2025-11-24 10:40:08,955 - LSTM_MERGE_TORCH - INFO - Dispositivo utilizado: cpu
2025-11-24 10:40:08,955 - LSTM_MERGE_TORCH - INFO - ==========================================================================================
2025-11-24 10:40:08,955 - LSTM_MERGE_TORCH - INFO - ======================================================================
2025-11-24 10:40:08,955 - LSTM_MERGE_TORCH - INFO - Iniciando experimento: lookback=30, hidden_dim=256, layers=2, lr=0.001, drop=0.5
2025-11-24 10:40:08,955 - LSTM_MERGE_TORCH - INFO - Shape treino: torch.Size([39, 30, 1]), teste: torch.Size([30, 30, 1])
2025-11-24 10:40:08,958 - LSTM_MERGE_TORCH - INFO - Treinando por 10 épocas...
2025-11-24 10:40:09,000 - LSTM_MERGE_TORCH - INFO - [EXP] Época 1/10 - Loss: 202.884346
2025-11-24 10:40:09,318 - LSTM_MERGE_TORCH - INFO - Treinamento concluído em 0.01 minutos
2025-11-24 10:40:09,332 - LSTM_MERGE_TORCH - INFO - Calculando erro para o train
2025-11-24 10:40:09,333 - LSTM_MERGE_TORCH - INFO - RMSE: 8.2906
2025-11-24 10:40:09,333 - LSTM_MERGE_TORCH - INFO - MSE : 68.7341
2025-11-24 10:40:09,333 - LSTM_MERGE_TORCH - INFO - MAE : 4.3201
2025-11-24 10:40:09,334 - LSTM_MERGE_TORCH - INFO - CSI (thr=1.0 mm): 0.3947  [TP=15, FP=23, FN=0]
2025-11-24 10:40:09,334 - LSTM_MERGE_TORCH - INFO - train_pred TRAIN mm min/max: 0.9841852188110352, 6.9961771965026855
2025-11-24 10:40:09,334 - LSTM_MERGE_TORCH - INFO - train_TRUE TRAIN mm min/max: 0.0, 50.25
2025-11-24 10:40:09,334 - LSTM_MERGE_TORCH - INFO -  Gerando gráficos...
2025-11-24 10:40:09,421 - LSTM_MERGE_TORCH - INFO -  Gráficos gerados...
2025-11-24 10:40:09,422 - LSTM_MERGE_TORCH - INFO - Calculando erro para parte de teste
2025-11-24 10:40:09,422 - LSTM_MERGE_TORCH - INFO - RMSE: 10.1780
2025-11-24 10:40:09,422 - LSTM_MERGE_TORCH - INFO - MSE : 103.5912
2025-11-24 10:40:09,422 - LSTM_MERGE_TORCH - INFO - MAE : 6.7652
2025-11-24 10:40:09,422 - LSTM_MERGE_TORCH - INFO - CSI (thr=1.0 mm): 0.3667  [TP=11, FP=19, FN=0]
2025-11-24 10:40:09,423 - LSTM_MERGE_TORCH - INFO - y_pred mm min/max: 1.726070523262024, 6.452837944030762
2025-11-24 10:40:09,423 - LSTM_MERGE_TORCH - INFO - y_TRUE mm min/max: 0.0, 37.625
2025-11-24 10:40:09,423 - LSTM_MERGE_TORCH - INFO -  Gerando gráficos...
2025-11-24 10:40:09,514 - LSTM_MERGE_TORCH - INFO -  Gráficos gerados...
2025-11-24 10:40:09,514 - LSTM_MERGE_TORCH - INFO - ==========================================================================================
2025-11-24 10:40:09,514 - LSTM_MERGE_TORCH - INFO - Execução finalizada com sucesso.
2025-11-24 10:40:09,514 - LSTM_MERGE_TORCH - INFO - Dispositivo utilizado: cpu
2025-11-24 10:40:09,514 - LSTM_MERGE_TORCH - INFO - ==========================================================================================
2025-11-24 10:40:09,514 - LSTM_MERGE_TORCH - INFO - ======================================================================
2025-11-24 10:40:09,514 - LSTM_MERGE_TORCH - INFO - Iniciando experimento: lookback=30, hidden_dim=256, layers=3, lr=0.001, drop=0.5
2025-11-24 10:40:09,515 - LSTM_MERGE_TORCH - INFO - Shape treino: torch.Size([39, 30, 1]), teste: torch.Size([30, 30, 1])
2025-11-24 10:40:09,519 - LSTM_MERGE_TORCH - INFO - Treinando por 10 épocas...
2025-11-24 10:40:09,570 - LSTM_MERGE_TORCH - INFO - [EXP] Época 1/10 - Loss: 67.857327
2025-11-24 10:40:10,073 - LSTM_MERGE_TORCH - INFO - Treinamento concluído em 0.01 minutos
2025-11-24 10:40:10,091 - LSTM_MERGE_TORCH - INFO - Calculando erro para o train
2025-11-24 10:40:10,092 - LSTM_MERGE_TORCH - INFO - RMSE: 8.6305
2025-11-24 10:40:10,092 - LSTM_MERGE_TORCH - INFO - MSE : 74.4860
2025-11-24 10:40:10,092 - LSTM_MERGE_TORCH - INFO - MAE : 3.6523
2025-11-24 10:40:10,092 - LSTM_MERGE_TORCH - INFO - CSI (thr=1.0 mm): 0.4286  [TP=15, FP=20, FN=0]
2025-11-24 10:40:10,092 - LSTM_MERGE_TORCH - INFO - train_pred TRAIN mm min/max: 0.9234059453010559, 4.495155334472656
2025-11-24 10:40:10,092 - LSTM_MERGE_TORCH - INFO - train_TRUE TRAIN mm min/max: 0.0, 50.25
2025-11-24 10:40:10,092 - LSTM_MERGE_TORCH - INFO -  Gerando gráficos...
2025-11-24 10:40:10,182 - LSTM_MERGE_TORCH - INFO -  Gráficos gerados...
2025-11-24 10:40:10,182 - LSTM_MERGE_TORCH - INFO - Calculando erro para parte de teste
2025-11-24 10:40:10,183 - LSTM_MERGE_TORCH - INFO - RMSE: 10.3899
2025-11-24 10:40:10,183 - LSTM_MERGE_TORCH - INFO - MSE : 107.9493
2025-11-24 10:40:10,183 - LSTM_MERGE_TORCH - INFO - MAE : 5.8625
2025-11-24 10:40:10,183 - LSTM_MERGE_TORCH - INFO - CSI (thr=1.0 mm): 0.3448  [TP=10, FP=18, FN=1]
2025-11-24 10:40:10,183 - LSTM_MERGE_TORCH - INFO - y_pred mm min/max: 0.2807186543941498, 3.9750263690948486
2025-11-24 10:40:10,183 - LSTM_MERGE_TORCH - INFO - y_TRUE mm min/max: 0.0, 37.625
2025-11-24 10:40:10,183 - LSTM_MERGE_TORCH - INFO -  Gerando gráficos...
2025-11-24 10:40:10,270 - LSTM_MERGE_TORCH - INFO -  Gráficos gerados...
2025-11-24 10:40:10,270 - LSTM_MERGE_TORCH - INFO - ==========================================================================================
2025-11-24 10:40:10,270 - LSTM_MERGE_TORCH - INFO - Execução finalizada com sucesso.
2025-11-24 10:40:10,270 - LSTM_MERGE_TORCH - INFO - Dispositivo utilizado: cpu
2025-11-24 10:40:10,270 - LSTM_MERGE_TORCH - INFO - ==========================================================================================
2025-11-24 10:40:10,270 - LSTM_MERGE_TORCH - INFO - Fim experimentos....
2025-11-24 10:40:10,270 - LSTM_MERGE_TORCH - INFO - *** MELHOR CONFIG: {'lookback': 30, 'hidden_dim': 128, 'layer_dim': 2, 'learning_rate': 0.001, 'drop_rate': 0.5, 'rmse': np.float64(9.919420987120496), 'mse': 98.39491271972656, 'mae': 5.757656574249268, 'csi': 0.36666666666666664, 'tempoTreinamento': 0.002620359261830648}
2025-11-24 10:40:10,273 - BILSTM_MERGE_TORCH - INFO - ==========================================================================================
2025-11-24 10:40:10,273 - BILSTM_MERGE_TORCH - INFO - Iniciando script BILSTM (PyTorch) MERGE com suporte a GPU e logs detalhados.
2025-11-24 10:40:10,273 - BILSTM_MERGE_TORCH - INFO - ==========================================================================================
2025-11-24 10:40:10,273 - BILSTM_MERGE_TORCH - INFO - [FASE 4] Experimentando com várias variações....
2025-11-24 10:40:10,273 - BILSTM_MERGE_TORCH - INFO - ======================================================================
2025-11-24 10:40:10,273 - BILSTM_MERGE_TORCH - INFO - Iniciando experimento: lookback=30, hidden_dim=32, layers=2, lr=0.001, drop=0.5
2025-11-24 10:40:10,274 - BILSTM_MERGE_TORCH - INFO - Shape treino: torch.Size([39, 30, 1]), teste: torch.Size([30, 30, 1])
2025-11-24 10:40:10,274 - BILSTM_MERGE_TORCH - INFO - Treinando por 500 épocas...
2025-11-24 10:40:10,289 - BILSTM_MERGE_TORCH - INFO - [EXP] Época 1/500 - Loss: 96.557968
2025-11-24 10:40:10,728 - BILSTM_MERGE_TORCH - INFO - [EXP] Época 50/500 - Loss: 47.847356
2025-11-24 10:40:11,196 - BILSTM_MERGE_TORCH - INFO - [EXP] Época 100/500 - Loss: 45.145864
2025-11-24 10:40:11,636 - BILSTM_MERGE_TORCH - INFO - [EXP] Época 150/500 - Loss: 47.757188
2025-11-24 10:40:12,083 - BILSTM_MERGE_TORCH - INFO - [EXP] Época 200/500 - Loss: 38.623701
2025-11-24 10:40:15,459 - BILSTM_MERGE_TORCH - INFO - [EXP] Época 250/500 - Loss: 34.590441
2025-11-24 10:40:15,900 - BILSTM_MERGE_TORCH - INFO - [EXP] Época 300/500 - Loss: 33.755697
2025-11-24 10:40:16,334 - BILSTM_MERGE_TORCH - INFO - [EXP] Época 350/500 - Loss: 21.569941
2025-11-24 10:40:16,769 - BILSTM_MERGE_TORCH - INFO - [EXP] Época 400/500 - Loss: 26.377440
2025-11-24 10:40:17,222 - BILSTM_MERGE_TORCH - INFO - [EXP] Época 450/500 - Loss: 85.957628
2025-11-24 10:40:17,695 - BILSTM_MERGE_TORCH - INFO - [EXP] Época 500/500 - Loss: 27.775770
2025-11-24 10:40:17,695 - BILSTM_MERGE_TORCH - INFO - Treinamento concluído em 0.12 minutos
2025-11-24 10:40:17,702 - BILSTM_MERGE_TORCH - INFO - Calculando erro para o train
2025-11-24 10:40:17,704 - BILSTM_MERGE_TORCH - INFO - RMSE: 5.2823
2025-11-24 10:40:17,704 - BILSTM_MERGE_TORCH - INFO - MSE : 27.9025
2025-11-24 10:40:17,704 - BILSTM_MERGE_TORCH - INFO - MAE : 1.8315
2025-11-24 10:40:17,704 - BILSTM_MERGE_TORCH - INFO - CSI (thr=1.0 mm): 0.6316  [TP=12, FP=4, FN=3]
2025-11-24 10:40:17,704 - BILSTM_MERGE_TORCH - INFO - train_pred TRAIN mm min/max: 0.0, 19.83873176574707
2025-11-24 10:40:17,704 - BILSTM_MERGE_TORCH - INFO - train_TRUE TRAIN mm min/max: 0.0, 50.25
2025-11-24 10:40:17,704 - BILSTM_MERGE_TORCH - INFO -  Gerando gráficos...
2025-11-24 10:40:17,796 - BILSTM_MERGE_TORCH - INFO -  Gráficos gerados...
2025-11-24 10:40:17,796 - BILSTM_MERGE_TORCH - INFO - Calculando erro para parte de teste
2025-11-24 10:40:17,797 - BILSTM_MERGE_TORCH - INFO - RMSE: 11.7433
2025-11-24 10:40:17,797 - BILSTM_MERGE_TORCH - INFO - MSE : 137.9054
2025-11-24 10:40:17,797 - BILSTM_MERGE_TORCH - INFO - MAE : 7.9289
2025-11-24 10:40:17,797 - BILSTM_MERGE_TORCH - INFO - CSI (thr=1.0 mm): 0.2174  [TP=5, FP=12, FN=6]
2025-11-24 10:40:17,797 - BILSTM_MERGE_TORCH - INFO - y_pred mm min/max: 0.0, 18.819414138793945
2025-11-24 10:40:17,797 - BILSTM_MERGE_TORCH - INFO - y_TRUE mm min/max: 0.0, 37.625
2025-11-24 10:40:17,797 - BILSTM_MERGE_TORCH - INFO -  Gerando gráficos...
2025-11-24 10:40:17,887 - BILSTM_MERGE_TORCH - INFO -  Gráficos gerados...
2025-11-24 10:40:17,887 - BILSTM_MERGE_TORCH - INFO - ==========================================================================================
2025-11-24 10:40:17,887 - BILSTM_MERGE_TORCH - INFO - Execução finalizada com sucesso.
2025-11-24 10:40:17,887 - BILSTM_MERGE_TORCH - INFO - Dispositivo utilizado: cpu
2025-11-24 10:40:17,887 - BILSTM_MERGE_TORCH - INFO - ==========================================================================================
2025-11-24 10:40:17,887 - BILSTM_MERGE_TORCH - INFO - ======================================================================
2025-11-24 10:40:17,887 - BILSTM_MERGE_TORCH - INFO - Iniciando experimento: lookback=30, hidden_dim=64, layers=2, lr=0.001, drop=0.5
2025-11-24 10:40:17,888 - BILSTM_MERGE_TORCH - INFO - Shape treino: torch.Size([39, 30, 1]), teste: torch.Size([30, 30, 1])
2025-11-24 10:40:17,889 - BILSTM_MERGE_TORCH - INFO - Treinando por 500 épocas...
2025-11-24 10:40:17,906 - BILSTM_MERGE_TORCH - INFO - [EXP] Época 1/500 - Loss: 59.453236
2025-11-24 10:40:18,572 - BILSTM_MERGE_TORCH - INFO - [EXP] Época 50/500 - Loss: 151.737939
2025-11-24 10:40:19,240 - BILSTM_MERGE_TORCH - INFO - [EXP] Época 100/500 - Loss: 49.566208
2025-11-24 17:01:29,245 - MAIN_MERGE - WARNING - Nenhuma GPU disponível. Rodando no CPU.
2025-11-24 17:01:29,246 - MAIN_MERGE - INFO - [FASE 1] Carregando e pré-processando dados...
2025-11-24 17:01:35,686 - MAIN_MERGE - INFO - Dados carregados com 100 registros.
2025-11-24 17:01:35,686 - MAIN_MERGE - INFO - Período: 1998-01-02 00:00:00 → 1998-04-11 00:00:00
2025-11-24 17:01:35,689 - MAIN_MERGE - INFO - Primeiras linhas:
             chuva
data              
1998-01-02   0.000
1998-01-03   0.000
1998-01-04  32.625
1998-01-05   1.875
1998-01-06   1.000
2025-11-24 17:01:35,689 - MAIN_MERGE - INFO - [FASE 2] Criando features temporais e estatísticas...
2025-11-24 17:01:35,689 - MAIN_MERGE - INFO - Engenharia de features concluída. Total de colunas: 1
2025-11-24 17:01:35,689 - MAIN_MERGE - INFO - Colunas criadas: ['chuva']
2025-11-24 17:01:35,689 - MAIN_MERGE - INFO - Tempo total da Fase 2: 6.44 segundos.
2025-11-24 17:01:35,689 - MAIN_MERGE - INFO - [FASE 3] Normalizando e criando sequências...
2025-11-24 17:01:35,691 - ARIMA_MERGE - INFO - ==========================================================================================
2025-11-24 17:01:35,691 - ARIMA_MERGE - INFO - Iniciando script ARIMA/ARIMAX MERGE com 1 feature (chuva).
2025-11-24 17:01:35,691 - ARIMA_MERGE - INFO - ==========================================================================================
2025-11-24 17:01:35,691 - ARIMA_MERGE - INFO - Tamanho treino: 70 | teste: 30
2025-11-24 17:01:35,691 - ARIMA_MERGE - INFO - [FASE 4] Iniciando busca manual por hiperparâmetros (AIC).
2025-11-24 17:01:53,035 - MAIN_MERGE - WARNING - Nenhuma GPU disponível. Rodando no CPU.
2025-11-24 17:01:53,035 - MAIN_MERGE - INFO - [FASE 1] Carregando e pré-processando dados...
2025-11-24 17:01:55,951 - MAIN_MERGE - INFO - Dados carregados com 100 registros.
2025-11-24 17:01:55,951 - MAIN_MERGE - INFO - Período: 1998-01-02 00:00:00 → 1998-04-11 00:00:00
2025-11-24 17:01:55,953 - MAIN_MERGE - INFO - Primeiras linhas:
             chuva
data              
1998-01-02   0.000
1998-01-03   0.000
1998-01-04  32.625
1998-01-05   1.875
1998-01-06   1.000
2025-11-24 17:01:55,953 - MAIN_MERGE - INFO - [FASE 2] Criando features temporais e estatísticas...
2025-11-24 17:01:55,953 - MAIN_MERGE - INFO - Engenharia de features concluída. Total de colunas: 1
2025-11-24 17:01:55,953 - MAIN_MERGE - INFO - Colunas criadas: ['chuva']
2025-11-24 17:01:55,953 - MAIN_MERGE - INFO - Tempo total da Fase 2: 2.92 segundos.
2025-11-24 17:01:55,953 - MAIN_MERGE - INFO - [FASE 3] Normalizando e criando sequências...
2025-11-24 17:01:55,955 - LSTM_MERGE_TORCH - INFO - ==========================================================================================
2025-11-24 17:01:55,955 - LSTM_MERGE_TORCH - INFO - Iniciando script LSTM (PyTorch) MERGE com suporte a GPU e logs detalhados.
2025-11-24 17:01:55,955 - LSTM_MERGE_TORCH - INFO - ==========================================================================================
2025-11-24 17:01:55,955 - LSTM_MERGE_TORCH - INFO - [FASE 4] Experimentando com várias variações....
2025-11-24 17:01:55,955 - LSTM_MERGE_TORCH - INFO - ======================================================================
2025-11-24 17:01:55,955 - LSTM_MERGE_TORCH - INFO - Iniciando experimento: lookback=30, hidden_dim=32, layers=2, lr=0.001, drop=0.5
2025-11-24 17:01:56,025 - LSTM_MERGE_TORCH - INFO - Shape treino: torch.Size([39, 30, 1]), teste: torch.Size([30, 30, 1])
2025-11-24 17:01:57,200 - LSTM_MERGE_TORCH - INFO - Treinando por 10 épocas...
2025-11-24 17:01:57,310 - LSTM_MERGE_TORCH - INFO - [EXP] Época 1/10 - Loss: 0.086291
2025-11-24 17:01:57,353 - LSTM_MERGE_TORCH - INFO - Treinamento concluído em 0.00 minutos
2025-11-24 17:01:57,364 - LSTM_MERGE_TORCH - INFO - Calculando erro para o train
2025-11-24 17:01:57,366 - LSTM_MERGE_TORCH - INFO - RMSE: 0.1809
2025-11-24 17:01:57,366 - LSTM_MERGE_TORCH - INFO - MSE : 0.0327
2025-11-24 17:01:57,366 - LSTM_MERGE_TORCH - INFO - MAE : 0.0718
2025-11-24 17:01:57,366 - LSTM_MERGE_TORCH - INFO - CSI (thr=1.0 mm): nan  [TP=0, FP=0, FN=0]
2025-11-24 17:01:57,366 - LSTM_MERGE_TORCH - INFO - train_pred TRAIN mm min/max: 0.008472397923469543, 0.010399334132671356
2025-11-24 17:01:57,366 - LSTM_MERGE_TORCH - INFO - train_TRUE TRAIN mm min/max: 0.0, 0.9710144996643066
2025-11-24 17:01:57,366 - LSTM_MERGE_TORCH - INFO -  Gerando gráficos...
2025-11-24 17:01:57,641 - LSTM_MERGE_TORCH - INFO -  Gráficos gerados...
2025-11-24 17:01:57,642 - LSTM_MERGE_TORCH - INFO - Calculando erro para parte de teste
2025-11-24 17:01:57,642 - LSTM_MERGE_TORCH - INFO - RMSE: 0.2039
2025-11-24 17:01:57,643 - LSTM_MERGE_TORCH - INFO - MSE : 0.0416
2025-11-24 17:01:57,643 - LSTM_MERGE_TORCH - INFO - MAE : 0.0951
2025-11-24 17:01:57,643 - LSTM_MERGE_TORCH - INFO - CSI (thr=1.0 mm): nan  [TP=0, FP=0, FN=0]
2025-11-24 17:01:57,643 - LSTM_MERGE_TORCH - INFO - y_pred mm min/max: 0.008690286427736282, 0.010133970528841019
2025-11-24 17:01:57,643 - LSTM_MERGE_TORCH - INFO - y_TRUE mm min/max: 0.0, 0.727053165435791
2025-11-24 17:01:57,643 - LSTM_MERGE_TORCH - INFO -  Gerando gráficos...
2025-11-24 17:01:57,741 - LSTM_MERGE_TORCH - INFO -  Gráficos gerados...
2025-11-24 17:01:57,742 - LSTM_MERGE_TORCH - INFO - ==========================================================================================
2025-11-24 17:01:57,742 - LSTM_MERGE_TORCH - INFO - Execução finalizada com sucesso.
2025-11-24 17:01:57,742 - LSTM_MERGE_TORCH - INFO - Dispositivo utilizado: cpu
2025-11-24 17:01:57,742 - LSTM_MERGE_TORCH - INFO - ==========================================================================================
2025-11-24 17:01:57,742 - LSTM_MERGE_TORCH - INFO - ======================================================================
2025-11-24 17:01:57,742 - LSTM_MERGE_TORCH - INFO - Iniciando experimento: lookback=30, hidden_dim=64, layers=2, lr=0.001, drop=0.5
2025-11-24 17:01:57,742 - LSTM_MERGE_TORCH - INFO - Shape treino: torch.Size([39, 30, 1]), teste: torch.Size([30, 30, 1])
2025-11-24 17:01:57,743 - LSTM_MERGE_TORCH - INFO - Treinando por 10 épocas...
2025-11-24 17:01:57,753 - LSTM_MERGE_TORCH - INFO - [EXP] Época 1/10 - Loss: 0.088687
2025-11-24 17:01:57,825 - LSTM_MERGE_TORCH - INFO - Treinamento concluído em 0.00 minutos
2025-11-24 17:01:57,829 - LSTM_MERGE_TORCH - INFO - Calculando erro para o train
2025-11-24 17:01:57,830 - LSTM_MERGE_TORCH - INFO - RMSE: 0.1812
2025-11-24 17:01:57,830 - LSTM_MERGE_TORCH - INFO - MSE : 0.0328
2025-11-24 17:01:57,830 - LSTM_MERGE_TORCH - INFO - MAE : 0.0708
2025-11-24 17:01:57,830 - LSTM_MERGE_TORCH - INFO - CSI (thr=1.0 mm): nan  [TP=0, FP=0, FN=0]
2025-11-24 17:01:57,831 - LSTM_MERGE_TORCH - INFO - train_pred TRAIN mm min/max: 0.0060509368777275085, 0.012338660657405853
2025-11-24 17:01:57,831 - LSTM_MERGE_TORCH - INFO - train_TRUE TRAIN mm min/max: 0.0, 0.9710144996643066
2025-11-24 17:01:57,831 - LSTM_MERGE_TORCH - INFO -  Gerando gráficos...
2025-11-24 17:01:57,917 - LSTM_MERGE_TORCH - INFO -  Gráficos gerados...
2025-11-24 17:01:57,917 - LSTM_MERGE_TORCH - INFO - Calculando erro para parte de teste
2025-11-24 17:01:57,918 - LSTM_MERGE_TORCH - INFO - RMSE: 0.2047
2025-11-24 17:01:57,918 - LSTM_MERGE_TORCH - INFO - MSE : 0.0419
2025-11-24 17:01:57,918 - LSTM_MERGE_TORCH - INFO - MAE : 0.0948
2025-11-24 17:01:57,918 - LSTM_MERGE_TORCH - INFO - CSI (thr=1.0 mm): nan  [TP=0, FP=0, FN=0]
2025-11-24 17:01:57,918 - LSTM_MERGE_TORCH - INFO - y_pred mm min/max: 0.00606415793299675, 0.010726485401391983
2025-11-24 17:01:57,918 - LSTM_MERGE_TORCH - INFO - y_TRUE mm min/max: 0.0, 0.727053165435791
2025-11-24 17:01:57,918 - LSTM_MERGE_TORCH - INFO -  Gerando gráficos...
2025-11-24 17:01:58,085 - LSTM_MERGE_TORCH - INFO -  Gráficos gerados...
2025-11-24 17:01:58,086 - LSTM_MERGE_TORCH - INFO - ==========================================================================================
2025-11-24 17:01:58,086 - LSTM_MERGE_TORCH - INFO - Execução finalizada com sucesso.
2025-11-24 17:01:58,086 - LSTM_MERGE_TORCH - INFO - Dispositivo utilizado: cpu
2025-11-24 17:01:58,086 - LSTM_MERGE_TORCH - INFO - ==========================================================================================
2025-11-24 17:01:58,086 - LSTM_MERGE_TORCH - INFO - ======================================================================
2025-11-24 17:01:58,086 - LSTM_MERGE_TORCH - INFO - Iniciando experimento: lookback=30, hidden_dim=128, layers=2, lr=0.001, drop=0.5
2025-11-24 17:01:58,086 - LSTM_MERGE_TORCH - INFO - Shape treino: torch.Size([39, 30, 1]), teste: torch.Size([30, 30, 1])
2025-11-24 17:01:58,088 - LSTM_MERGE_TORCH - INFO - Treinando por 10 épocas...
2025-11-24 17:01:58,112 - LSTM_MERGE_TORCH - INFO - [EXP] Época 1/10 - Loss: 0.134327
2025-11-24 17:01:58,234 - LSTM_MERGE_TORCH - INFO - Treinamento concluído em 0.00 minutos
2025-11-24 17:01:58,242 - LSTM_MERGE_TORCH - INFO - Calculando erro para o train
2025-11-24 17:01:58,243 - LSTM_MERGE_TORCH - INFO - RMSE: 0.1742
2025-11-24 17:01:58,243 - LSTM_MERGE_TORCH - INFO - MSE : 0.0304
2025-11-24 17:01:58,243 - LSTM_MERGE_TORCH - INFO - MAE : 0.0769
2025-11-24 17:01:58,243 - LSTM_MERGE_TORCH - INFO - CSI (thr=1.0 mm): nan  [TP=0, FP=0, FN=0]
2025-11-24 17:01:58,243 - LSTM_MERGE_TORCH - INFO - train_pred TRAIN mm min/max: 0.03136155381798744, 0.034162286669015884
2025-11-24 17:01:58,243 - LSTM_MERGE_TORCH - INFO - train_TRUE TRAIN mm min/max: 0.0, 0.9710144996643066
2025-11-24 17:01:58,243 - LSTM_MERGE_TORCH - INFO -  Gerando gráficos...
2025-11-24 17:01:58,329 - LSTM_MERGE_TORCH - INFO -  Gráficos gerados...
2025-11-24 17:01:58,329 - LSTM_MERGE_TORCH - INFO - Calculando erro para parte de teste
2025-11-24 17:01:58,330 - LSTM_MERGE_TORCH - INFO - RMSE: 0.1956
2025-11-24 17:01:58,330 - LSTM_MERGE_TORCH - INFO - MSE : 0.0383
2025-11-24 17:01:58,330 - LSTM_MERGE_TORCH - INFO - MAE : 0.1004
2025-11-24 17:01:58,330 - LSTM_MERGE_TORCH - INFO - CSI (thr=1.0 mm): nan  [TP=0, FP=0, FN=0]
2025-11-24 17:01:58,330 - LSTM_MERGE_TORCH - INFO - y_pred mm min/max: 0.03136279806494713, 0.033393170684576035
2025-11-24 17:01:58,330 - LSTM_MERGE_TORCH - INFO - y_TRUE mm min/max: 0.0, 0.727053165435791
2025-11-24 17:01:58,330 - LSTM_MERGE_TORCH - INFO -  Gerando gráficos...
2025-11-24 17:01:58,418 - LSTM_MERGE_TORCH - INFO -  Gráficos gerados...
2025-11-24 17:01:58,418 - LSTM_MERGE_TORCH - INFO - ==========================================================================================
2025-11-24 17:01:58,418 - LSTM_MERGE_TORCH - INFO - Execução finalizada com sucesso.
2025-11-24 17:01:58,418 - LSTM_MERGE_TORCH - INFO - Dispositivo utilizado: cpu
2025-11-24 17:01:58,418 - LSTM_MERGE_TORCH - INFO - ==========================================================================================
2025-11-24 17:01:58,418 - LSTM_MERGE_TORCH - INFO - ======================================================================
2025-11-24 17:01:58,419 - LSTM_MERGE_TORCH - INFO - Iniciando experimento: lookback=30, hidden_dim=256, layers=2, lr=0.001, drop=0.5
2025-11-24 17:01:58,419 - LSTM_MERGE_TORCH - INFO - Shape treino: torch.Size([39, 30, 1]), teste: torch.Size([30, 30, 1])
2025-11-24 17:01:58,421 - LSTM_MERGE_TORCH - INFO - Treinando por 10 épocas...
2025-11-24 17:01:58,459 - LSTM_MERGE_TORCH - INFO - [EXP] Época 1/10 - Loss: 0.110481
2025-11-24 17:01:58,743 - LSTM_MERGE_TORCH - INFO - Treinamento concluído em 0.01 minutos
2025-11-24 17:01:58,757 - LSTM_MERGE_TORCH - INFO - Calculando erro para o train
2025-11-24 17:01:58,759 - LSTM_MERGE_TORCH - INFO - RMSE: 0.1816
2025-11-24 17:01:58,759 - LSTM_MERGE_TORCH - INFO - MSE : 0.0330
2025-11-24 17:01:58,759 - LSTM_MERGE_TORCH - INFO - MAE : 0.0696
2025-11-24 17:01:58,759 - LSTM_MERGE_TORCH - INFO - CSI (thr=1.0 mm): nan  [TP=0, FP=0, FN=0]
2025-11-24 17:01:58,759 - LSTM_MERGE_TORCH - INFO - train_pred TRAIN mm min/max: 0.0008566305041313171, 0.0193409975618124
2025-11-24 17:01:58,759 - LSTM_MERGE_TORCH - INFO - train_TRUE TRAIN mm min/max: 0.0, 0.9710144996643066
2025-11-24 17:01:58,759 - LSTM_MERGE_TORCH - INFO -  Gerando gráficos...
2025-11-24 17:01:58,847 - LSTM_MERGE_TORCH - INFO -  Gráficos gerados...
2025-11-24 17:01:58,847 - LSTM_MERGE_TORCH - INFO - Calculando erro para parte de teste
2025-11-24 17:01:58,848 - LSTM_MERGE_TORCH - INFO - RMSE: 0.2059
2025-11-24 17:01:58,848 - LSTM_MERGE_TORCH - INFO - MSE : 0.0424
2025-11-24 17:01:58,848 - LSTM_MERGE_TORCH - INFO - MAE : 0.0948
2025-11-24 17:01:58,848 - LSTM_MERGE_TORCH - INFO - CSI (thr=1.0 mm): nan  [TP=0, FP=0, FN=0]
2025-11-24 17:01:58,848 - LSTM_MERGE_TORCH - INFO - y_pred mm min/max: 0.0008693821728229523, 0.014651574194431305
2025-11-24 17:01:58,849 - LSTM_MERGE_TORCH - INFO - y_TRUE mm min/max: 0.0, 0.727053165435791
2025-11-24 17:01:58,849 - LSTM_MERGE_TORCH - INFO -  Gerando gráficos...
2025-11-24 17:01:58,935 - LSTM_MERGE_TORCH - INFO -  Gráficos gerados...
2025-11-24 17:01:58,935 - LSTM_MERGE_TORCH - INFO - ==========================================================================================
2025-11-24 17:01:58,935 - LSTM_MERGE_TORCH - INFO - Execução finalizada com sucesso.
2025-11-24 17:01:58,935 - LSTM_MERGE_TORCH - INFO - Dispositivo utilizado: cpu
2025-11-24 17:01:58,935 - LSTM_MERGE_TORCH - INFO - ==========================================================================================
2025-11-24 17:01:58,935 - LSTM_MERGE_TORCH - INFO - ======================================================================
2025-11-24 17:01:58,935 - LSTM_MERGE_TORCH - INFO - Iniciando experimento: lookback=30, hidden_dim=256, layers=3, lr=0.001, drop=0.5
2025-11-24 17:01:58,936 - LSTM_MERGE_TORCH - INFO - Shape treino: torch.Size([39, 30, 1]), teste: torch.Size([30, 30, 1])
2025-11-24 17:01:58,940 - LSTM_MERGE_TORCH - INFO - Treinando por 10 épocas...
2025-11-24 17:01:58,988 - LSTM_MERGE_TORCH - INFO - [EXP] Época 1/10 - Loss: 0.121931
2025-11-24 17:01:59,436 - LSTM_MERGE_TORCH - INFO - Treinamento concluído em 0.01 minutos
2025-11-24 17:01:59,457 - LSTM_MERGE_TORCH - INFO - Calculando erro para o train
2025-11-24 17:01:59,458 - LSTM_MERGE_TORCH - INFO - RMSE: 0.1792
2025-11-24 17:01:59,458 - LSTM_MERGE_TORCH - INFO - MSE : 0.0321
2025-11-24 17:01:59,458 - LSTM_MERGE_TORCH - INFO - MAE : 0.0723
2025-11-24 17:01:59,458 - LSTM_MERGE_TORCH - INFO - CSI (thr=1.0 mm): nan  [TP=0, FP=0, FN=0]
2025-11-24 17:01:59,458 - LSTM_MERGE_TORCH - INFO - train_pred TRAIN mm min/max: 0.013818824663758278, 0.015409896150231361
2025-11-24 17:01:59,458 - LSTM_MERGE_TORCH - INFO - train_TRUE TRAIN mm min/max: 0.0, 0.9710144996643066
2025-11-24 17:01:59,458 - LSTM_MERGE_TORCH - INFO -  Gerando gráficos...
2025-11-24 17:01:59,548 - LSTM_MERGE_TORCH - INFO -  Gráficos gerados...
2025-11-24 17:01:59,549 - LSTM_MERGE_TORCH - INFO - Calculando erro para parte de teste
2025-11-24 17:01:59,550 - LSTM_MERGE_TORCH - INFO - RMSE: 0.2020
2025-11-24 17:01:59,550 - LSTM_MERGE_TORCH - INFO - MSE : 0.0408
2025-11-24 17:01:59,550 - LSTM_MERGE_TORCH - INFO - MAE : 0.0960
2025-11-24 17:01:59,550 - LSTM_MERGE_TORCH - INFO - CSI (thr=1.0 mm): nan  [TP=0, FP=0, FN=0]
2025-11-24 17:01:59,550 - LSTM_MERGE_TORCH - INFO - y_pred mm min/max: 0.013820823282003403, 0.014994768425822258
2025-11-24 17:01:59,550 - LSTM_MERGE_TORCH - INFO - y_TRUE mm min/max: 0.0, 0.727053165435791
2025-11-24 17:01:59,550 - LSTM_MERGE_TORCH - INFO -  Gerando gráficos...
2025-11-24 17:01:59,636 - LSTM_MERGE_TORCH - INFO -  Gráficos gerados...
2025-11-24 17:01:59,637 - LSTM_MERGE_TORCH - INFO - ==========================================================================================
2025-11-24 17:01:59,637 - LSTM_MERGE_TORCH - INFO - Execução finalizada com sucesso.
2025-11-24 17:01:59,637 - LSTM_MERGE_TORCH - INFO - Dispositivo utilizado: cpu
2025-11-24 17:01:59,637 - LSTM_MERGE_TORCH - INFO - ==========================================================================================
2025-11-24 17:01:59,637 - LSTM_MERGE_TORCH - INFO - Fim experimentos....
2025-11-24 17:01:59,637 - LSTM_MERGE_TORCH - INFO - *** MELHOR CONFIG: {'lookback': 30, 'hidden_dim': 128, 'layer_dim': 2, 'learning_rate': 0.001, 'drop_rate': 0.5, 'rmse': np.float64(0.19560272588154198), 'mse': 0.03826042637228966, 'mae': 0.10042805969715118, 'csi': nan, 'tempoTreinamento': 0.002444668610890706}
2025-11-24 17:01:59,640 - BILSTM_MERGE_TORCH - INFO - ==========================================================================================
2025-11-24 17:01:59,640 - BILSTM_MERGE_TORCH - INFO - Iniciando script BILSTM (PyTorch) MERGE com suporte a GPU e logs detalhados.
2025-11-24 17:01:59,640 - BILSTM_MERGE_TORCH - INFO - ==========================================================================================
2025-11-24 17:01:59,640 - BILSTM_MERGE_TORCH - INFO - [FASE 4] Experimentando com várias variações....
2025-11-24 17:01:59,640 - BILSTM_MERGE_TORCH - INFO - ======================================================================
2025-11-24 17:01:59,640 - BILSTM_MERGE_TORCH - INFO - Iniciando experimento: lookback=30, hidden_dim=32, layers=2, lr=0.001, drop=0.5
2025-11-24 17:01:59,640 - BILSTM_MERGE_TORCH - INFO - Shape treino: torch.Size([39, 30, 1]), teste: torch.Size([30, 30, 1])
2025-11-24 17:01:59,641 - BILSTM_MERGE_TORCH - INFO - Treinando por 500 épocas...
2025-11-24 17:01:59,654 - BILSTM_MERGE_TORCH - INFO - [EXP] Época 1/500 - Loss: 0.212988
2025-11-24 17:02:00,070 - BILSTM_MERGE_TORCH - INFO - [EXP] Época 50/500 - Loss: 0.078027
2025-11-24 17:02:00,564 - BILSTM_MERGE_TORCH - INFO - [EXP] Época 100/500 - Loss: 0.079448
2025-11-24 17:02:01,033 - BILSTM_MERGE_TORCH - INFO - [EXP] Época 150/500 - Loss: 0.066367
2025-11-24 17:02:01,500 - BILSTM_MERGE_TORCH - INFO - [EXP] Época 200/500 - Loss: 0.086391
2025-11-24 17:02:01,965 - BILSTM_MERGE_TORCH - INFO - [EXP] Época 250/500 - Loss: 0.091629
2025-11-24 17:02:02,415 - BILSTM_MERGE_TORCH - INFO - [EXP] Época 300/500 - Loss: 0.166100
2025-11-24 17:02:02,852 - BILSTM_MERGE_TORCH - INFO - [EXP] Época 350/500 - Loss: 0.066928
2025-11-24 17:02:03,277 - BILSTM_MERGE_TORCH - INFO - [EXP] Época 400/500 - Loss: 0.072542
2025-11-24 17:02:03,733 - BILSTM_MERGE_TORCH - INFO - [EXP] Época 450/500 - Loss: 0.064895
2025-11-24 17:02:04,155 - BILSTM_MERGE_TORCH - INFO - [EXP] Época 500/500 - Loss: 0.161894
2025-11-24 17:02:04,155 - BILSTM_MERGE_TORCH - INFO - Treinamento concluído em 0.08 minutos
2025-11-24 17:02:04,162 - BILSTM_MERGE_TORCH - INFO - Calculando erro para o train
2025-11-24 17:02:04,213 - BILSTM_MERGE_TORCH - INFO - RMSE: 8.9129
2025-11-24 17:02:04,213 - BILSTM_MERGE_TORCH - INFO - MSE : 79.4393
2025-11-24 17:02:04,213 - BILSTM_MERGE_TORCH - INFO - MAE : 4.1331
2025-11-24 17:02:04,213 - BILSTM_MERGE_TORCH - INFO - CSI (thr=1.0 mm): 0.3500  [TP=7, FP=9, FN=4]
2025-11-24 17:02:04,213 - BILSTM_MERGE_TORCH - INFO - train_pred TRAIN mm min/max: 0.07747840136289597, 9.670003890991211
2025-11-24 17:02:04,213 - BILSTM_MERGE_TORCH - INFO - train_TRUE TRAIN mm min/max: 0.0, 37.624999999890285
2025-11-24 17:02:04,213 - BILSTM_MERGE_TORCH - INFO -  Gerando gráficos...
2025-11-24 17:02:04,299 - BILSTM_MERGE_TORCH - INFO -  Gráficos gerados...
2025-11-24 17:02:04,299 - BILSTM_MERGE_TORCH - INFO - Calculando erro para parte de teste
2025-11-24 17:02:04,301 - BILSTM_MERGE_TORCH - INFO - RMSE: 0.1954
2025-11-24 17:02:04,301 - BILSTM_MERGE_TORCH - INFO - MSE : 0.0382
2025-11-24 17:02:04,301 - BILSTM_MERGE_TORCH - INFO - MAE : 0.1021
2025-11-24 17:02:04,301 - BILSTM_MERGE_TORCH - INFO - CSI (thr=1.0 mm): nan  [TP=0, FP=0, FN=0]
2025-11-24 17:02:04,301 - BILSTM_MERGE_TORCH - INFO - y_pred mm min/max: 0.0036940635181963444, 0.12631836533546448
2025-11-24 17:02:04,301 - BILSTM_MERGE_TORCH - INFO - y_TRUE mm min/max: 0.0, 0.727053165435791
2025-11-24 17:02:04,301 - BILSTM_MERGE_TORCH - INFO -  Gerando gráficos...
2025-11-24 17:02:04,395 - BILSTM_MERGE_TORCH - INFO -  Gráficos gerados...
2025-11-24 17:02:04,395 - BILSTM_MERGE_TORCH - INFO - ==========================================================================================
2025-11-24 17:02:04,395 - BILSTM_MERGE_TORCH - INFO - Execução finalizada com sucesso.
2025-11-24 17:02:04,395 - BILSTM_MERGE_TORCH - INFO - Dispositivo utilizado: cpu
2025-11-24 17:02:04,395 - BILSTM_MERGE_TORCH - INFO - ==========================================================================================
2025-11-24 17:02:04,395 - BILSTM_MERGE_TORCH - INFO - ======================================================================
2025-11-24 17:02:04,395 - BILSTM_MERGE_TORCH - INFO - Iniciando experimento: lookback=30, hidden_dim=64, layers=2, lr=0.001, drop=0.5
2025-11-24 17:02:04,396 - BILSTM_MERGE_TORCH - INFO - Shape treino: torch.Size([39, 30, 1]), teste: torch.Size([30, 30, 1])
2025-11-24 17:02:04,397 - BILSTM_MERGE_TORCH - INFO - Treinando por 500 épocas...
2025-11-24 17:02:04,415 - BILSTM_MERGE_TORCH - INFO - [EXP] Época 1/500 - Loss: 0.182987
2025-11-24 17:02:05,047 - BILSTM_MERGE_TORCH - INFO - [EXP] Época 50/500 - Loss: 0.068434
2025-11-24 17:02:05,785 - BILSTM_MERGE_TORCH - INFO - [EXP] Época 100/500 - Loss: 0.070260
2025-11-24 17:02:06,521 - BILSTM_MERGE_TORCH - INFO - [EXP] Época 150/500 - Loss: 0.061001
2025-11-24 17:02:10,167 - BILSTM_MERGE_TORCH - INFO - [EXP] Época 200/500 - Loss: 0.063680
2025-11-24 17:02:10,813 - BILSTM_MERGE_TORCH - INFO - [EXP] Época 250/500 - Loss: 0.066025
2025-11-24 17:02:11,442 - BILSTM_MERGE_TORCH - INFO - [EXP] Época 300/500 - Loss: 0.056317
2025-11-24 17:02:12,115 - BILSTM_MERGE_TORCH - INFO - [EXP] Época 350/500 - Loss: 0.156262
2025-11-24 17:02:12,805 - BILSTM_MERGE_TORCH - INFO - [EXP] Época 400/500 - Loss: 0.047170
2025-11-24 17:02:13,467 - BILSTM_MERGE_TORCH - INFO - [EXP] Época 450/500 - Loss: 0.145653
2025-11-24 17:02:14,074 - BILSTM_MERGE_TORCH - INFO - [EXP] Época 500/500 - Loss: 0.048573
2025-11-24 17:02:14,074 - BILSTM_MERGE_TORCH - INFO - Treinamento concluído em 0.16 minutos
2025-11-24 17:02:14,083 - BILSTM_MERGE_TORCH - INFO - Calculando erro para o train
2025-11-24 17:02:14,085 - BILSTM_MERGE_TORCH - INFO - RMSE: 9.6095
2025-11-24 17:02:14,085 - BILSTM_MERGE_TORCH - INFO - MSE : 92.3425
2025-11-24 17:02:14,085 - BILSTM_MERGE_TORCH - INFO - MAE : 4.6614
2025-11-24 17:02:14,085 - BILSTM_MERGE_TORCH - INFO - CSI (thr=1.0 mm): 0.1579  [TP=3, FP=8, FN=8]
2025-11-24 17:02:14,085 - BILSTM_MERGE_TORCH - INFO - train_pred TRAIN mm min/max: 0.0, 16.869199752807617
2025-11-24 17:02:14,085 - BILSTM_MERGE_TORCH - INFO - train_TRUE TRAIN mm min/max: 0.0, 37.624999999890285
2025-11-24 17:02:14,085 - BILSTM_MERGE_TORCH - INFO -  Gerando gráficos...
2025-11-24 17:02:14,176 - BILSTM_MERGE_TORCH - INFO -  Gráficos gerados...
2025-11-24 17:02:14,176 - BILSTM_MERGE_TORCH - INFO - Calculando erro para parte de teste
2025-11-24 17:02:14,178 - BILSTM_MERGE_TORCH - INFO - RMSE: 0.2003
2025-11-24 17:02:14,178 - BILSTM_MERGE_TORCH - INFO - MSE : 0.0401
2025-11-24 17:02:14,178 - BILSTM_MERGE_TORCH - INFO - MAE : 0.1147
2025-11-24 17:02:14,178 - BILSTM_MERGE_TORCH - INFO - CSI (thr=1.0 mm): nan  [TP=0, FP=0, FN=0]
2025-11-24 17:02:14,178 - BILSTM_MERGE_TORCH - INFO - y_pred mm min/max: 0.0, 0.15071776509284973
2025-11-24 17:02:14,178 - BILSTM_MERGE_TORCH - INFO - y_TRUE mm min/max: 0.0, 0.727053165435791
2025-11-24 17:02:14,178 - BILSTM_MERGE_TORCH - INFO -  Gerando gráficos...
2025-11-24 17:02:14,264 - BILSTM_MERGE_TORCH - INFO -  Gráficos gerados...
2025-11-24 17:02:14,264 - BILSTM_MERGE_TORCH - INFO - ==========================================================================================
2025-11-24 17:02:14,264 - BILSTM_MERGE_TORCH - INFO - Execução finalizada com sucesso.
2025-11-24 17:02:14,264 - BILSTM_MERGE_TORCH - INFO - Dispositivo utilizado: cpu
2025-11-24 17:02:14,264 - BILSTM_MERGE_TORCH - INFO - ==========================================================================================
2025-11-24 17:02:14,264 - BILSTM_MERGE_TORCH - INFO - ======================================================================
2025-11-24 17:02:14,264 - BILSTM_MERGE_TORCH - INFO - Iniciando experimento: lookback=30, hidden_dim=128, layers=2, lr=0.001, drop=0.5
2025-11-24 17:02:14,264 - BILSTM_MERGE_TORCH - INFO - Shape treino: torch.Size([39, 30, 1]), teste: torch.Size([30, 30, 1])
2025-11-24 17:02:14,267 - BILSTM_MERGE_TORCH - INFO - Treinando por 500 épocas...
2025-11-24 17:02:14,299 - BILSTM_MERGE_TORCH - INFO - [EXP] Época 1/500 - Loss: 0.092978
2025-11-24 17:02:15,731 - BILSTM_MERGE_TORCH - INFO - [EXP] Época 50/500 - Loss: 0.183498
2025-11-24 17:02:17,157 - BILSTM_MERGE_TORCH - INFO - [EXP] Época 100/500 - Loss: 0.082159
2025-11-24 17:02:18,610 - BILSTM_MERGE_TORCH - INFO - [EXP] Época 150/500 - Loss: 0.182027
2025-11-24 17:02:19,977 - BILSTM_MERGE_TORCH - INFO - [EXP] Época 200/500 - Loss: 0.086817
2025-11-24 17:02:21,463 - BILSTM_MERGE_TORCH - INFO - [EXP] Época 250/500 - Loss: 0.068374
2025-11-24 17:02:22,898 - BILSTM_MERGE_TORCH - INFO - [EXP] Época 300/500 - Loss: 0.062087
2025-11-24 17:02:24,313 - BILSTM_MERGE_TORCH - INFO - [EXP] Época 350/500 - Loss: 0.069095
2025-11-24 17:02:25,797 - BILSTM_MERGE_TORCH - INFO - [EXP] Época 400/500 - Loss: 0.048086
2025-11-24 17:02:27,273 - BILSTM_MERGE_TORCH - INFO - [EXP] Época 450/500 - Loss: 0.064486
2025-11-24 17:02:28,692 - BILSTM_MERGE_TORCH - INFO - [EXP] Época 500/500 - Loss: 0.051527
2025-11-24 17:02:28,692 - BILSTM_MERGE_TORCH - INFO - Treinamento concluído em 0.24 minutos
2025-11-24 17:02:28,707 - BILSTM_MERGE_TORCH - INFO - Calculando erro para o train
2025-11-24 17:02:28,710 - BILSTM_MERGE_TORCH - INFO - RMSE: 9.3385
2025-11-24 17:02:28,710 - BILSTM_MERGE_TORCH - INFO - MSE : 87.2079
2025-11-24 17:02:28,710 - BILSTM_MERGE_TORCH - INFO - MAE : 4.5768
2025-11-24 17:02:28,710 - BILSTM_MERGE_TORCH - INFO - CSI (thr=1.0 mm): 0.2632  [TP=5, FP=8, FN=6]
2025-11-24 17:02:28,710 - BILSTM_MERGE_TORCH - INFO - train_pred TRAIN mm min/max: 0.0, 17.315099716186523
2025-11-24 17:02:28,710 - BILSTM_MERGE_TORCH - INFO - train_TRUE TRAIN mm min/max: 0.0, 37.624999999890285
2025-11-24 17:02:28,710 - BILSTM_MERGE_TORCH - INFO -  Gerando gráficos...
2025-11-24 17:02:28,797 - BILSTM_MERGE_TORCH - INFO -  Gráficos gerados...
2025-11-24 17:02:28,798 - BILSTM_MERGE_TORCH - INFO - Calculando erro para parte de teste
2025-11-24 17:02:28,800 - BILSTM_MERGE_TORCH - INFO - RMSE: 0.2102
2025-11-24 17:02:28,800 - BILSTM_MERGE_TORCH - INFO - MSE : 0.0442
2025-11-24 17:02:28,800 - BILSTM_MERGE_TORCH - INFO - MAE : 0.1226
2025-11-24 17:02:28,800 - BILSTM_MERGE_TORCH - INFO - CSI (thr=1.0 mm): nan  [TP=0, FP=0, FN=0]
2025-11-24 17:02:28,800 - BILSTM_MERGE_TORCH - INFO - y_pred mm min/max: 0.0, 0.1741822063922882
2025-11-24 17:02:28,800 - BILSTM_MERGE_TORCH - INFO - y_TRUE mm min/max: 0.0, 0.727053165435791
2025-11-24 17:02:28,800 - BILSTM_MERGE_TORCH - INFO -  Gerando gráficos...
2025-11-24 17:02:28,887 - BILSTM_MERGE_TORCH - INFO -  Gráficos gerados...
2025-11-24 17:02:28,887 - BILSTM_MERGE_TORCH - INFO - ==========================================================================================
2025-11-24 17:02:28,887 - BILSTM_MERGE_TORCH - INFO - Execução finalizada com sucesso.
2025-11-24 17:02:28,887 - BILSTM_MERGE_TORCH - INFO - Dispositivo utilizado: cpu
2025-11-24 17:02:28,887 - BILSTM_MERGE_TORCH - INFO - ==========================================================================================
2025-11-24 17:02:28,888 - BILSTM_MERGE_TORCH - INFO - ======================================================================
2025-11-24 17:02:28,888 - BILSTM_MERGE_TORCH - INFO - Iniciando experimento: lookback=30, hidden_dim=256, layers=2, lr=0.001, drop=0.5
2025-11-24 17:02:28,888 - BILSTM_MERGE_TORCH - INFO - Shape treino: torch.Size([39, 30, 1]), teste: torch.Size([30, 30, 1])
2025-11-24 17:02:28,894 - BILSTM_MERGE_TORCH - INFO - Treinando por 500 épocas...
2025-11-24 17:02:28,976 - BILSTM_MERGE_TORCH - INFO - [EXP] Época 1/500 - Loss: 0.117871
2025-11-24 17:03:47,421 - MAIN_MERGE - WARNING - Nenhuma GPU disponível. Rodando no CPU.
2025-11-24 17:03:47,422 - MAIN_MERGE - INFO - [FASE 1] Carregando e pré-processando dados...
2025-11-24 17:03:50,427 - MAIN_MERGE - INFO - Dados carregados com 100 registros.
2025-11-24 17:03:50,427 - MAIN_MERGE - INFO - Período: 1998-01-02 00:00:00 → 1998-04-11 00:00:00
2025-11-24 17:03:50,429 - MAIN_MERGE - INFO - Primeiras linhas:
             chuva
data              
1998-01-02   0.000
1998-01-03   0.000
1998-01-04  32.625
1998-01-05   1.875
1998-01-06   1.000
2025-11-24 17:03:50,430 - MAIN_MERGE - INFO - [FASE 2] Criando features temporais e estatísticas...
2025-11-24 17:03:50,430 - MAIN_MERGE - INFO - Engenharia de features concluída. Total de colunas: 1
2025-11-24 17:03:50,430 - MAIN_MERGE - INFO - Colunas criadas: ['chuva']
2025-11-24 17:03:50,430 - MAIN_MERGE - INFO - Tempo total da Fase 2: 3.01 segundos.
2025-11-24 17:03:50,430 - MAIN_MERGE - INFO - [FASE 3] Normalizando e criando sequências...
2025-11-24 17:03:50,431 - LSTM_MERGE_TORCH - INFO - ==========================================================================================
2025-11-24 17:03:50,431 - LSTM_MERGE_TORCH - INFO - Iniciando script LSTM (PyTorch) MERGE com suporte a GPU e logs detalhados.
2025-11-24 17:03:50,431 - LSTM_MERGE_TORCH - INFO - ==========================================================================================
2025-11-24 17:03:50,431 - LSTM_MERGE_TORCH - INFO - [FASE 4] Experimentando com várias variações....
2025-11-24 17:03:50,431 - LSTM_MERGE_TORCH - INFO - ======================================================================
2025-11-24 17:03:50,431 - LSTM_MERGE_TORCH - INFO - Iniciando experimento: lookback=30, hidden_dim=32, layers=2, lr=0.001, drop=0.5
2025-11-24 17:03:50,432 - LSTM_MERGE_TORCH - INFO - Shape treino: torch.Size([39, 30, 1]), teste: torch.Size([30, 30, 1])
2025-11-24 17:03:51,005 - LSTM_MERGE_TORCH - INFO - Treinando por 10 épocas...
2025-11-24 17:03:51,036 - LSTM_MERGE_TORCH - INFO - [EXP] Época 1/10 - Loss: 0.210060
2025-11-24 17:03:51,077 - LSTM_MERGE_TORCH - INFO - Treinamento concluído em 0.00 minutos
2025-11-24 17:03:51,081 - LSTM_MERGE_TORCH - INFO - Calculando erro para o train
2025-11-24 17:03:51,084 - LSTM_MERGE_TORCH - INFO - RMSE: 8.7223
2025-11-24 17:03:51,084 - LSTM_MERGE_TORCH - INFO - MSE : 76.0788
2025-11-24 17:03:51,084 - LSTM_MERGE_TORCH - INFO - MAE : 4.8305
2025-11-24 17:03:51,084 - LSTM_MERGE_TORCH - INFO - CSI (thr=1.0 mm): 0.2821  [TP=11, FP=28, FN=0]
2025-11-24 17:03:51,085 - LSTM_MERGE_TORCH - INFO - train_pred TRAIN mm min/max: 2.478273868560791, 2.7387826442718506
2025-11-24 17:03:51,085 - LSTM_MERGE_TORCH - INFO - train_TRUE TRAIN mm min/max: 0.0, 37.624999999890285
2025-11-24 17:03:51,085 - LSTM_MERGE_TORCH - INFO -  Gerando gráficos...
2025-11-24 17:03:51,223 - LSTM_MERGE_TORCH - INFO -  Gráficos gerados...
2025-11-24 17:03:51,223 - LSTM_MERGE_TORCH - INFO - Calculando erro para parte de teste
2025-11-24 17:03:51,225 - LSTM_MERGE_TORCH - INFO - RMSE: 9.8939
2025-11-24 17:03:51,225 - LSTM_MERGE_TORCH - INFO - MSE : 97.8886
2025-11-24 17:03:51,225 - LSTM_MERGE_TORCH - INFO - MAE : 5.6148
2025-11-24 17:03:51,225 - LSTM_MERGE_TORCH - INFO - CSI (thr=1.0 mm): 0.3333  [TP=10, FP=20, FN=0]
2025-11-24 17:03:51,225 - LSTM_MERGE_TORCH - INFO - y_pred mm min/max: 2.4803290367126465, 2.6805388927459717
2025-11-24 17:03:51,225 - LSTM_MERGE_TORCH - INFO - y_TRUE mm min/max: 0.0, 37.624999999890285
2025-11-24 17:03:51,225 - LSTM_MERGE_TORCH - INFO -  Gerando gráficos...
2025-11-24 17:03:51,313 - LSTM_MERGE_TORCH - INFO -  Gráficos gerados...
2025-11-24 17:03:51,313 - LSTM_MERGE_TORCH - INFO - ==========================================================================================
2025-11-24 17:03:51,313 - LSTM_MERGE_TORCH - INFO - Execução finalizada com sucesso.
2025-11-24 17:03:51,313 - LSTM_MERGE_TORCH - INFO - Dispositivo utilizado: cpu
2025-11-24 17:03:51,314 - LSTM_MERGE_TORCH - INFO - ==========================================================================================
2025-11-24 17:03:51,314 - LSTM_MERGE_TORCH - INFO - ======================================================================
2025-11-24 17:03:51,314 - LSTM_MERGE_TORCH - INFO - Iniciando experimento: lookback=30, hidden_dim=64, layers=2, lr=0.001, drop=0.5
2025-11-24 17:03:51,314 - LSTM_MERGE_TORCH - INFO - Shape treino: torch.Size([39, 30, 1]), teste: torch.Size([30, 30, 1])
2025-11-24 17:03:51,315 - LSTM_MERGE_TORCH - INFO - Treinando por 10 épocas...
2025-11-24 17:03:51,325 - LSTM_MERGE_TORCH - INFO - [EXP] Época 1/10 - Loss: 0.093297
2025-11-24 17:03:51,399 - LSTM_MERGE_TORCH - INFO - Treinamento concluído em 0.00 minutos
2025-11-24 17:03:51,403 - LSTM_MERGE_TORCH - INFO - Calculando erro para o train
2025-11-24 17:03:51,405 - LSTM_MERGE_TORCH - INFO - RMSE: 9.0462
2025-11-24 17:03:51,405 - LSTM_MERGE_TORCH - INFO - MSE : 81.8331
2025-11-24 17:03:51,405 - LSTM_MERGE_TORCH - INFO - MAE : 4.1000
2025-11-24 17:03:51,405 - LSTM_MERGE_TORCH - INFO - CSI (thr=1.0 mm): 0.2821  [TP=11, FP=28, FN=0]
2025-11-24 17:03:51,405 - LSTM_MERGE_TORCH - INFO - train_pred TRAIN mm min/max: 1.008941411972046, 1.3499614000320435
2025-11-24 17:03:51,406 - LSTM_MERGE_TORCH - INFO - train_TRUE TRAIN mm min/max: 0.0, 37.624999999890285
2025-11-24 17:03:51,406 - LSTM_MERGE_TORCH - INFO -  Gerando gráficos...
2025-11-24 17:03:51,493 - LSTM_MERGE_TORCH - INFO -  Gráficos gerados...
2025-11-24 17:03:51,493 - LSTM_MERGE_TORCH - INFO - Calculando erro para parte de teste
2025-11-24 17:03:51,495 - LSTM_MERGE_TORCH - INFO - RMSE: 10.3251
2025-11-24 17:03:51,495 - LSTM_MERGE_TORCH - INFO - MSE : 106.6078
2025-11-24 17:03:51,495 - LSTM_MERGE_TORCH - INFO - MAE : 5.0102
2025-11-24 17:03:51,495 - LSTM_MERGE_TORCH - INFO - CSI (thr=1.0 mm): 0.3333  [TP=10, FP=20, FN=0]
2025-11-24 17:03:51,495 - LSTM_MERGE_TORCH - INFO - y_pred mm min/max: 1.009240746498108, 1.2763690948486328
2025-11-24 17:03:51,496 - LSTM_MERGE_TORCH - INFO - y_TRUE mm min/max: 0.0, 37.624999999890285
2025-11-24 17:03:51,496 - LSTM_MERGE_TORCH - INFO -  Gerando gráficos...
2025-11-24 17:03:51,666 - LSTM_MERGE_TORCH - INFO -  Gráficos gerados...
2025-11-24 17:03:51,666 - LSTM_MERGE_TORCH - INFO - ==========================================================================================
2025-11-24 17:03:51,666 - LSTM_MERGE_TORCH - INFO - Execução finalizada com sucesso.
2025-11-24 17:03:51,666 - LSTM_MERGE_TORCH - INFO - Dispositivo utilizado: cpu
2025-11-24 17:03:51,666 - LSTM_MERGE_TORCH - INFO - ==========================================================================================
2025-11-24 17:03:51,666 - LSTM_MERGE_TORCH - INFO - ======================================================================
2025-11-24 17:03:51,666 - LSTM_MERGE_TORCH - INFO - Iniciando experimento: lookback=30, hidden_dim=128, layers=2, lr=0.001, drop=0.5
2025-11-24 17:03:51,667 - LSTM_MERGE_TORCH - INFO - Shape treino: torch.Size([39, 30, 1]), teste: torch.Size([30, 30, 1])
2025-11-24 17:03:51,668 - LSTM_MERGE_TORCH - INFO - Treinando por 10 épocas...
2025-11-24 17:03:51,686 - LSTM_MERGE_TORCH - INFO - [EXP] Época 1/10 - Loss: 0.081956
2025-11-24 17:03:51,812 - LSTM_MERGE_TORCH - INFO - Treinamento concluído em 0.00 minutos
2025-11-24 17:03:51,820 - LSTM_MERGE_TORCH - INFO - Calculando erro para o train
2025-11-24 17:03:51,822 - LSTM_MERGE_TORCH - INFO - RMSE: 9.0316
2025-11-24 17:03:51,822 - LSTM_MERGE_TORCH - INFO - MSE : 81.5701
2025-11-24 17:03:51,822 - LSTM_MERGE_TORCH - INFO - MAE : 4.1115
2025-11-24 17:03:51,822 - LSTM_MERGE_TORCH - INFO - CSI (thr=1.0 mm): 0.2821  [TP=11, FP=28, FN=0]
2025-11-24 17:03:51,822 - LSTM_MERGE_TORCH - INFO - train_pred TRAIN mm min/max: 1.0349138975143433, 1.442164659500122
2025-11-24 17:03:51,822 - LSTM_MERGE_TORCH - INFO - train_TRUE TRAIN mm min/max: 0.0, 37.624999999890285
2025-11-24 17:03:51,822 - LSTM_MERGE_TORCH - INFO -  Gerando gráficos...
2025-11-24 17:03:51,911 - LSTM_MERGE_TORCH - INFO -  Gráficos gerados...
2025-11-24 17:03:51,911 - LSTM_MERGE_TORCH - INFO - Calculando erro para parte de teste
2025-11-24 17:03:51,913 - LSTM_MERGE_TORCH - INFO - RMSE: 10.3147
2025-11-24 17:03:51,913 - LSTM_MERGE_TORCH - INFO - MSE : 106.3935
2025-11-24 17:03:51,913 - LSTM_MERGE_TORCH - INFO - MAE : 5.0257
2025-11-24 17:03:51,913 - LSTM_MERGE_TORCH - INFO - CSI (thr=1.0 mm): 0.3333  [TP=10, FP=20, FN=0]
2025-11-24 17:03:51,913 - LSTM_MERGE_TORCH - INFO - y_pred mm min/max: 1.0351110696792603, 1.347805142402649
2025-11-24 17:03:51,913 - LSTM_MERGE_TORCH - INFO - y_TRUE mm min/max: 0.0, 37.624999999890285
2025-11-24 17:03:51,913 - LSTM_MERGE_TORCH - INFO -  Gerando gráficos...
2025-11-24 17:03:52,004 - LSTM_MERGE_TORCH - INFO -  Gráficos gerados...
2025-11-24 17:03:52,004 - LSTM_MERGE_TORCH - INFO - ==========================================================================================
2025-11-24 17:03:52,004 - LSTM_MERGE_TORCH - INFO - Execução finalizada com sucesso.
2025-11-24 17:03:52,004 - LSTM_MERGE_TORCH - INFO - Dispositivo utilizado: cpu
2025-11-24 17:03:52,004 - LSTM_MERGE_TORCH - INFO - ==========================================================================================
2025-11-24 17:03:52,004 - LSTM_MERGE_TORCH - INFO - ======================================================================
2025-11-24 17:03:52,004 - LSTM_MERGE_TORCH - INFO - Iniciando experimento: lookback=30, hidden_dim=256, layers=2, lr=0.001, drop=0.5
2025-11-24 17:03:52,005 - LSTM_MERGE_TORCH - INFO - Shape treino: torch.Size([39, 30, 1]), teste: torch.Size([30, 30, 1])
2025-11-24 17:03:52,007 - LSTM_MERGE_TORCH - INFO - Treinando por 10 épocas...
2025-11-24 17:03:52,046 - LSTM_MERGE_TORCH - INFO - [EXP] Época 1/10 - Loss: 0.121021
2025-11-24 17:03:52,314 - LSTM_MERGE_TORCH - INFO - Treinamento concluído em 0.01 minutos
2025-11-24 17:03:52,329 - LSTM_MERGE_TORCH - INFO - Calculando erro para o train
2025-11-24 17:03:52,333 - LSTM_MERGE_TORCH - INFO - RMSE: 8.9720
2025-11-24 17:03:52,333 - LSTM_MERGE_TORCH - INFO - MSE : 80.4970
2025-11-24 17:03:52,333 - LSTM_MERGE_TORCH - INFO - MAE : 4.1720
2025-11-24 17:03:52,333 - LSTM_MERGE_TORCH - INFO - CSI (thr=1.0 mm): 0.2821  [TP=11, FP=28, FN=0]
2025-11-24 17:03:52,333 - LSTM_MERGE_TORCH - INFO - train_pred TRAIN mm min/max: 1.1778126955032349, 1.8047269582748413
2025-11-24 17:03:52,333 - LSTM_MERGE_TORCH - INFO - train_TRUE TRAIN mm min/max: 0.0, 37.624999999890285
2025-11-24 17:03:52,333 - LSTM_MERGE_TORCH - INFO -  Gerando gráficos...
2025-11-24 17:03:52,421 - LSTM_MERGE_TORCH - INFO -  Gráficos gerados...
2025-11-24 17:03:52,421 - LSTM_MERGE_TORCH - INFO - Calculando erro para parte de teste
2025-11-24 17:03:52,423 - LSTM_MERGE_TORCH - INFO - RMSE: 10.2635
2025-11-24 17:03:52,423 - LSTM_MERGE_TORCH - INFO - MSE : 105.3398
2025-11-24 17:03:52,423 - LSTM_MERGE_TORCH - INFO - MAE : 5.0887
2025-11-24 17:03:52,423 - LSTM_MERGE_TORCH - INFO - CSI (thr=1.0 mm): 0.3333  [TP=10, FP=20, FN=0]
2025-11-24 17:03:52,423 - LSTM_MERGE_TORCH - INFO - y_pred mm min/max: 1.1777478456497192, 1.657681941986084
2025-11-24 17:03:52,423 - LSTM_MERGE_TORCH - INFO - y_TRUE mm min/max: 0.0, 37.624999999890285
2025-11-24 17:03:52,423 - LSTM_MERGE_TORCH - INFO -  Gerando gráficos...
2025-11-24 17:03:52,512 - LSTM_MERGE_TORCH - INFO -  Gráficos gerados...
2025-11-24 17:03:52,512 - LSTM_MERGE_TORCH - INFO - ==========================================================================================
2025-11-24 17:03:52,512 - LSTM_MERGE_TORCH - INFO - Execução finalizada com sucesso.
2025-11-24 17:03:52,512 - LSTM_MERGE_TORCH - INFO - Dispositivo utilizado: cpu
2025-11-24 17:03:52,512 - LSTM_MERGE_TORCH - INFO - ==========================================================================================
2025-11-24 17:03:52,513 - LSTM_MERGE_TORCH - INFO - ======================================================================
2025-11-24 17:03:52,513 - LSTM_MERGE_TORCH - INFO - Iniciando experimento: lookback=30, hidden_dim=256, layers=3, lr=0.001, drop=0.5
2025-11-24 17:03:52,513 - LSTM_MERGE_TORCH - INFO - Shape treino: torch.Size([39, 30, 1]), teste: torch.Size([30, 30, 1])
2025-11-24 17:03:52,517 - LSTM_MERGE_TORCH - INFO - Treinando por 10 épocas...
2025-11-24 17:03:52,568 - LSTM_MERGE_TORCH - INFO - [EXP] Época 1/10 - Loss: 0.120679
2025-11-24 17:03:55,945 - LSTM_MERGE_TORCH - INFO - Treinamento concluído em 0.06 minutos
2025-11-24 17:03:55,967 - LSTM_MERGE_TORCH - INFO - Calculando erro para o train
2025-11-24 17:03:55,970 - LSTM_MERGE_TORCH - INFO - RMSE: 9.0679
2025-11-24 17:03:55,970 - LSTM_MERGE_TORCH - INFO - MSE : 82.2265
2025-11-24 17:03:55,970 - LSTM_MERGE_TORCH - INFO - MAE : 4.1132
2025-11-24 17:03:55,970 - LSTM_MERGE_TORCH - INFO - CSI (thr=1.0 mm): 0.2821  [TP=11, FP=28, FN=0]
2025-11-24 17:03:55,971 - LSTM_MERGE_TORCH - INFO - train_pred TRAIN mm min/max: 1.0390758514404297, 1.11031174659729
2025-11-24 17:03:55,971 - LSTM_MERGE_TORCH - INFO - train_TRUE TRAIN mm min/max: 0.0, 37.624999999890285
2025-11-24 17:03:55,971 - LSTM_MERGE_TORCH - INFO -  Gerando gráficos...
2025-11-24 17:03:56,061 - LSTM_MERGE_TORCH - INFO -  Gráficos gerados...
2025-11-24 17:03:56,061 - LSTM_MERGE_TORCH - INFO - Calculando erro para parte de teste
2025-11-24 17:03:56,063 - LSTM_MERGE_TORCH - INFO - RMSE: 10.3230
2025-11-24 17:03:56,063 - LSTM_MERGE_TORCH - INFO - MSE : 106.5653
2025-11-24 17:03:56,063 - LSTM_MERGE_TORCH - INFO - MAE : 4.9967
2025-11-24 17:03:56,063 - LSTM_MERGE_TORCH - INFO - CSI (thr=1.0 mm): 0.3333  [TP=10, FP=20, FN=0]
2025-11-24 17:03:56,063 - LSTM_MERGE_TORCH - INFO - y_pred mm min/max: 1.0390493869781494, 1.0918673276901245
2025-11-24 17:03:56,063 - LSTM_MERGE_TORCH - INFO - y_TRUE mm min/max: 0.0, 37.624999999890285
2025-11-24 17:03:56,063 - LSTM_MERGE_TORCH - INFO -  Gerando gráficos...
2025-11-24 17:03:56,159 - LSTM_MERGE_TORCH - INFO -  Gráficos gerados...
2025-11-24 17:03:56,159 - LSTM_MERGE_TORCH - INFO - ==========================================================================================
2025-11-24 17:03:56,159 - LSTM_MERGE_TORCH - INFO - Execução finalizada com sucesso.
2025-11-24 17:03:56,159 - LSTM_MERGE_TORCH - INFO - Dispositivo utilizado: cpu
2025-11-24 17:03:56,159 - LSTM_MERGE_TORCH - INFO - ==========================================================================================
2025-11-24 17:03:56,159 - LSTM_MERGE_TORCH - INFO - Fim experimentos....
2025-11-24 17:03:56,159 - LSTM_MERGE_TORCH - INFO - *** MELHOR CONFIG: {'lookback': 30, 'hidden_dim': 32, 'layer_dim': 2, 'learning_rate': 0.001, 'drop_rate': 0.5, 'rmse': np.float64(9.893867886400857), 'mse': 97.88862175355416, 'mae': 5.614756099379278, 'csi': 0.3333333333333333, 'tempoTreinamento': 0.0012036442756652832}
2025-11-24 17:03:56,162 - BILSTM_MERGE_TORCH - INFO - ==========================================================================================
2025-11-24 17:03:56,162 - BILSTM_MERGE_TORCH - INFO - Iniciando script BILSTM (PyTorch) MERGE com suporte a GPU e logs detalhados.
2025-11-24 17:03:56,162 - BILSTM_MERGE_TORCH - INFO - ==========================================================================================
2025-11-24 17:03:56,162 - BILSTM_MERGE_TORCH - INFO - [FASE 4] Experimentando com várias variações....
2025-11-24 17:03:56,162 - BILSTM_MERGE_TORCH - INFO - ======================================================================
2025-11-24 17:03:56,162 - BILSTM_MERGE_TORCH - INFO - Iniciando experimento: lookback=30, hidden_dim=32, layers=2, lr=0.001, drop=0.5
2025-11-24 17:03:56,162 - BILSTM_MERGE_TORCH - INFO - Shape treino: torch.Size([39, 30, 1]), teste: torch.Size([30, 30, 1])
2025-11-24 17:03:56,163 - BILSTM_MERGE_TORCH - INFO - Treinando por 500 épocas...
2025-11-24 17:03:56,176 - BILSTM_MERGE_TORCH - INFO - [EXP] Época 1/500 - Loss: 0.135580
2025-11-24 17:03:56,605 - BILSTM_MERGE_TORCH - INFO - [EXP] Época 50/500 - Loss: 0.071499
2025-11-24 17:03:57,080 - BILSTM_MERGE_TORCH - INFO - [EXP] Época 100/500 - Loss: 0.084048
2025-11-24 17:03:57,649 - BILSTM_MERGE_TORCH - INFO - [EXP] Época 150/500 - Loss: 0.070593
2025-11-24 17:03:58,328 - BILSTM_MERGE_TORCH - INFO - [EXP] Época 200/500 - Loss: 0.073547
2025-11-24 17:04:01,806 - MAIN_MERGE - WARNING - Nenhuma GPU disponível. Rodando no CPU.
2025-11-24 17:04:01,806 - MAIN_MERGE - INFO - [FASE 1] Carregando e pré-processando dados...
2025-11-24 17:04:04,733 - MAIN_MERGE - INFO - Dados carregados com 100 registros.
2025-11-24 17:04:04,733 - MAIN_MERGE - INFO - Período: 1998-01-02 00:00:00 → 1998-04-11 00:00:00
2025-11-24 17:04:04,736 - MAIN_MERGE - INFO - Primeiras linhas:
             chuva
data              
1998-01-02   0.000
1998-01-03   0.000
1998-01-04  32.625
1998-01-05   1.875
1998-01-06   1.000
2025-11-24 17:04:04,736 - MAIN_MERGE - INFO - [FASE 2] Criando features temporais e estatísticas...
2025-11-24 17:04:04,736 - MAIN_MERGE - INFO - Engenharia de features concluída. Total de colunas: 1
2025-11-24 17:04:04,736 - MAIN_MERGE - INFO - Colunas criadas: ['chuva']
2025-11-24 17:04:04,736 - MAIN_MERGE - INFO - Tempo total da Fase 2: 2.93 segundos.
2025-11-24 17:04:04,736 - MAIN_MERGE - INFO - [FASE 3] Normalizando e criando sequências...
2025-11-24 17:04:04,738 - LSTM_MERGE_TORCH - INFO - ==========================================================================================
2025-11-24 17:04:04,738 - LSTM_MERGE_TORCH - INFO - Iniciando script LSTM (PyTorch) MERGE com suporte a GPU e logs detalhados.
2025-11-24 17:04:04,738 - LSTM_MERGE_TORCH - INFO - ==========================================================================================
2025-11-24 17:04:04,738 - LSTM_MERGE_TORCH - INFO - [FASE 4] Experimentando com várias variações....
2025-11-24 17:04:04,738 - LSTM_MERGE_TORCH - INFO - ======================================================================
2025-11-24 17:04:04,738 - LSTM_MERGE_TORCH - INFO - Iniciando experimento: lookback=30, hidden_dim=32, layers=2, lr=0.001, drop=0.5
2025-11-24 17:04:04,739 - LSTM_MERGE_TORCH - INFO - Shape treino: torch.Size([39, 30, 1]), teste: torch.Size([30, 30, 1])
2025-11-24 17:04:05,311 - LSTM_MERGE_TORCH - INFO - Treinando por 10 épocas...
2025-11-24 17:04:05,336 - LSTM_MERGE_TORCH - INFO - [EXP] Época 1/10 - Loss: 0.320012
2025-11-24 17:04:05,383 - LSTM_MERGE_TORCH - INFO - Treinamento concluído em 0.00 minutos
2025-11-24 17:04:05,388 - LSTM_MERGE_TORCH - INFO - Calculando erro para o train
2025-11-24 17:04:05,391 - LSTM_MERGE_TORCH - INFO - RMSE: 8.6525
2025-11-24 17:04:05,391 - LSTM_MERGE_TORCH - INFO - MSE : 74.8657
2025-11-24 17:04:05,391 - LSTM_MERGE_TORCH - INFO - MAE : 5.6391
2025-11-24 17:04:05,392 - LSTM_MERGE_TORCH - INFO - CSI (thr=1.0 mm): 0.2821  [TP=11, FP=28, FN=0]
2025-11-24 17:04:05,392 - LSTM_MERGE_TORCH - INFO - train_pred TRAIN mm min/max: 3.9636011123657227, 4.138723850250244
2025-11-24 17:04:05,392 - LSTM_MERGE_TORCH - INFO - train_TRUE TRAIN mm min/max: 0.0, 37.624999999890285
2025-11-24 17:04:05,392 - LSTM_MERGE_TORCH - INFO -  Gerando gráficos...
2025-11-24 17:04:05,531 - LSTM_MERGE_TORCH - INFO -  Gráficos gerados...
2025-11-24 17:04:05,531 - LSTM_MERGE_TORCH - INFO - Calculando erro para parte de teste
2025-11-24 17:04:05,533 - LSTM_MERGE_TORCH - INFO - RMSE: 9.6697
2025-11-24 17:04:05,533 - LSTM_MERGE_TORCH - INFO - MSE : 93.5037
2025-11-24 17:04:05,533 - LSTM_MERGE_TORCH - INFO - MAE : 6.2737
2025-11-24 17:04:05,533 - LSTM_MERGE_TORCH - INFO - CSI (thr=1.0 mm): 0.3333  [TP=10, FP=20, FN=0]
2025-11-24 17:04:05,533 - LSTM_MERGE_TORCH - INFO - y_pred mm min/max: 3.963907241821289, 4.097899913787842
2025-11-24 17:04:05,533 - LSTM_MERGE_TORCH - INFO - y_TRUE mm min/max: 0.0, 37.624999999890285
2025-11-24 17:04:05,533 - LSTM_MERGE_TORCH - INFO -  Gerando gráficos...
2025-11-24 17:04:05,629 - LSTM_MERGE_TORCH - INFO -  Gráficos gerados...
2025-11-24 17:04:05,629 - LSTM_MERGE_TORCH - INFO - ==========================================================================================
2025-11-24 17:04:05,629 - LSTM_MERGE_TORCH - INFO - Execução finalizada com sucesso.
2025-11-24 17:04:05,629 - LSTM_MERGE_TORCH - INFO - Dispositivo utilizado: cpu
2025-11-24 17:04:05,629 - LSTM_MERGE_TORCH - INFO - ==========================================================================================
2025-11-24 17:04:05,629 - LSTM_MERGE_TORCH - INFO - ======================================================================
2025-11-24 17:04:05,629 - LSTM_MERGE_TORCH - INFO - Iniciando experimento: lookback=30, hidden_dim=64, layers=2, lr=0.001, drop=0.5
2025-11-24 17:04:05,630 - LSTM_MERGE_TORCH - INFO - Shape treino: torch.Size([39, 30, 1]), teste: torch.Size([30, 30, 1])
2025-11-24 17:04:05,630 - LSTM_MERGE_TORCH - INFO - Treinando por 10 épocas...
2025-11-24 17:04:05,641 - LSTM_MERGE_TORCH - INFO - [EXP] Época 1/10 - Loss: 0.194928
2025-11-24 17:04:05,719 - LSTM_MERGE_TORCH - INFO - Treinamento concluído em 0.00 minutos
2025-11-24 17:04:05,724 - LSTM_MERGE_TORCH - INFO - Calculando erro para o train
2025-11-24 17:04:05,727 - LSTM_MERGE_TORCH - INFO - RMSE: 9.3805
2025-11-24 17:04:05,727 - LSTM_MERGE_TORCH - INFO - MSE : 87.9944
2025-11-24 17:04:05,727 - LSTM_MERGE_TORCH - INFO - MAE : 3.7613
2025-11-24 17:04:05,727 - LSTM_MERGE_TORCH - INFO - CSI (thr=1.0 mm): 0.0000  [TP=0, FP=0, FN=11]
2025-11-24 17:04:05,727 - LSTM_MERGE_TORCH - INFO - train_pred TRAIN mm min/max: 0.04525502771139145, 0.29997771978378296
2025-11-24 17:04:05,728 - LSTM_MERGE_TORCH - INFO - train_TRUE TRAIN mm min/max: 0.0, 37.624999999890285
2025-11-24 17:04:05,728 - LSTM_MERGE_TORCH - INFO -  Gerando gráficos...
2025-11-24 17:04:05,814 - LSTM_MERGE_TORCH - INFO -  Gráficos gerados...
2025-11-24 17:04:05,814 - LSTM_MERGE_TORCH - INFO - Calculando erro para parte de teste
2025-11-24 17:04:05,817 - LSTM_MERGE_TORCH - INFO - RMSE: 10.7054
2025-11-24 17:04:05,817 - LSTM_MERGE_TORCH - INFO - MSE : 114.6063
2025-11-24 17:04:05,817 - LSTM_MERGE_TORCH - INFO - MAE : 4.8023
2025-11-24 17:04:05,817 - LSTM_MERGE_TORCH - INFO - CSI (thr=1.0 mm): 0.0000  [TP=0, FP=0, FN=10]
2025-11-24 17:04:05,817 - LSTM_MERGE_TORCH - INFO - y_pred mm min/max: 0.04582393169403076, 0.23603983223438263
2025-11-24 17:04:05,817 - LSTM_MERGE_TORCH - INFO - y_TRUE mm min/max: 0.0, 37.624999999890285
2025-11-24 17:04:05,817 - LSTM_MERGE_TORCH - INFO -  Gerando gráficos...
2025-11-24 17:04:05,982 - LSTM_MERGE_TORCH - INFO -  Gráficos gerados...
2025-11-24 17:04:05,982 - LSTM_MERGE_TORCH - INFO - ==========================================================================================
2025-11-24 17:04:05,982 - LSTM_MERGE_TORCH - INFO - Execução finalizada com sucesso.
2025-11-24 17:04:05,982 - LSTM_MERGE_TORCH - INFO - Dispositivo utilizado: cpu
2025-11-24 17:04:05,982 - LSTM_MERGE_TORCH - INFO - ==========================================================================================
2025-11-24 17:04:05,983 - LSTM_MERGE_TORCH - INFO - ======================================================================
2025-11-24 17:04:05,983 - LSTM_MERGE_TORCH - INFO - Iniciando experimento: lookback=30, hidden_dim=128, layers=2, lr=0.001, drop=0.5
2025-11-24 17:04:05,983 - LSTM_MERGE_TORCH - INFO - Shape treino: torch.Size([39, 30, 1]), teste: torch.Size([30, 30, 1])
2025-11-24 17:04:05,984 - LSTM_MERGE_TORCH - INFO - Treinando por 10 épocas...
2025-11-24 17:04:05,999 - LSTM_MERGE_TORCH - INFO - [EXP] Época 1/10 - Loss: 0.257128
2025-11-24 17:04:06,111 - LSTM_MERGE_TORCH - INFO - Treinamento concluído em 0.00 minutos
2025-11-24 17:04:06,118 - LSTM_MERGE_TORCH - INFO - Calculando erro para o train
2025-11-24 17:04:06,121 - LSTM_MERGE_TORCH - INFO - RMSE: 9.0217
2025-11-24 17:04:06,121 - LSTM_MERGE_TORCH - INFO - MSE : 81.3914
2025-11-24 17:04:06,121 - LSTM_MERGE_TORCH - INFO - MAE : 4.1497
2025-11-24 17:04:06,121 - LSTM_MERGE_TORCH - INFO - CSI (thr=1.0 mm): 0.2821  [TP=11, FP=28, FN=0]
2025-11-24 17:04:06,121 - LSTM_MERGE_TORCH - INFO - train_pred TRAIN mm min/max: 1.118796706199646, 1.37673020362854
2025-11-24 17:04:06,121 - LSTM_MERGE_TORCH - INFO - train_TRUE TRAIN mm min/max: 0.0, 37.624999999890285
2025-11-24 17:04:06,121 - LSTM_MERGE_TORCH - INFO -  Gerando gráficos...
2025-11-24 17:04:06,207 - LSTM_MERGE_TORCH - INFO -  Gráficos gerados...
2025-11-24 17:04:06,207 - LSTM_MERGE_TORCH - INFO - Calculando erro para parte de teste
2025-11-24 17:04:06,209 - LSTM_MERGE_TORCH - INFO - RMSE: 10.2883
2025-11-24 17:04:06,209 - LSTM_MERGE_TORCH - INFO - MSE : 105.8489
2025-11-24 17:04:06,209 - LSTM_MERGE_TORCH - INFO - MAE : 5.0448
2025-11-24 17:04:06,209 - LSTM_MERGE_TORCH - INFO - CSI (thr=1.0 mm): 0.3333  [TP=10, FP=20, FN=0]
2025-11-24 17:04:06,209 - LSTM_MERGE_TORCH - INFO - y_pred mm min/max: 1.1189459562301636, 1.3065807819366455
2025-11-24 17:04:06,209 - LSTM_MERGE_TORCH - INFO - y_TRUE mm min/max: 0.0, 37.624999999890285
2025-11-24 17:04:06,209 - LSTM_MERGE_TORCH - INFO -  Gerando gráficos...
2025-11-24 17:04:06,300 - LSTM_MERGE_TORCH - INFO -  Gráficos gerados...
2025-11-24 17:04:06,300 - LSTM_MERGE_TORCH - INFO - ==========================================================================================
2025-11-24 17:04:06,300 - LSTM_MERGE_TORCH - INFO - Execução finalizada com sucesso.
2025-11-24 17:04:06,300 - LSTM_MERGE_TORCH - INFO - Dispositivo utilizado: cpu
2025-11-24 17:04:06,300 - LSTM_MERGE_TORCH - INFO - ==========================================================================================
2025-11-24 17:04:06,300 - LSTM_MERGE_TORCH - INFO - ======================================================================
2025-11-24 17:04:06,300 - LSTM_MERGE_TORCH - INFO - Iniciando experimento: lookback=30, hidden_dim=256, layers=2, lr=0.001, drop=0.5
2025-11-24 17:04:06,301 - LSTM_MERGE_TORCH - INFO - Shape treino: torch.Size([39, 30, 1]), teste: torch.Size([30, 30, 1])
2025-11-24 17:04:06,303 - LSTM_MERGE_TORCH - INFO - Treinando por 10 épocas...
2025-11-24 17:04:06,346 - LSTM_MERGE_TORCH - INFO - [EXP] Época 1/10 - Loss: 0.093027
2025-11-24 17:04:06,662 - LSTM_MERGE_TORCH - INFO - Treinamento concluído em 0.01 minutos
2025-11-24 17:04:06,677 - LSTM_MERGE_TORCH - INFO - Calculando erro para o train
2025-11-24 17:04:06,680 - LSTM_MERGE_TORCH - INFO - RMSE: 9.0543
2025-11-24 17:04:06,680 - LSTM_MERGE_TORCH - INFO - MSE : 81.9807
2025-11-24 17:04:06,680 - LSTM_MERGE_TORCH - INFO - MAE : 4.0519
2025-11-24 17:04:06,680 - LSTM_MERGE_TORCH - INFO - CSI (thr=1.0 mm): 0.3158  [TP=6, FP=8, FN=5]
2025-11-24 17:04:06,680 - LSTM_MERGE_TORCH - INFO - train_pred TRAIN mm min/max: 0.8930903077125549, 1.4694041013717651
2025-11-24 17:04:06,681 - LSTM_MERGE_TORCH - INFO - train_TRUE TRAIN mm min/max: 0.0, 37.624999999890285
2025-11-24 17:04:06,681 - LSTM_MERGE_TORCH - INFO -  Gerando gráficos...
2025-11-24 17:04:06,771 - LSTM_MERGE_TORCH - INFO -  Gráficos gerados...
2025-11-24 17:04:06,771 - LSTM_MERGE_TORCH - INFO - Calculando erro para parte de teste
2025-11-24 17:04:06,773 - LSTM_MERGE_TORCH - INFO - RMSE: 10.3603
2025-11-24 17:04:06,774 - LSTM_MERGE_TORCH - INFO - MSE : 107.3355
2025-11-24 17:04:06,774 - LSTM_MERGE_TORCH - INFO - MAE : 4.9997
2025-11-24 17:04:06,774 - LSTM_MERGE_TORCH - INFO - CSI (thr=1.0 mm): 0.1818  [TP=4, FP=12, FN=6]
2025-11-24 17:04:06,774 - LSTM_MERGE_TORCH - INFO - y_pred mm min/max: 0.8932792544364929, 1.3204056024551392
2025-11-24 17:04:06,774 - LSTM_MERGE_TORCH - INFO - y_TRUE mm min/max: 0.0, 37.624999999890285
2025-11-24 17:04:06,774 - LSTM_MERGE_TORCH - INFO -  Gerando gráficos...
2025-11-24 17:04:06,863 - LSTM_MERGE_TORCH - INFO -  Gráficos gerados...
2025-11-24 17:04:06,864 - LSTM_MERGE_TORCH - INFO - ==========================================================================================
2025-11-24 17:04:06,864 - LSTM_MERGE_TORCH - INFO - Execução finalizada com sucesso.
2025-11-24 17:04:06,864 - LSTM_MERGE_TORCH - INFO - Dispositivo utilizado: cpu
2025-11-24 17:04:06,864 - LSTM_MERGE_TORCH - INFO - ==========================================================================================
2025-11-24 17:04:06,864 - LSTM_MERGE_TORCH - INFO - ======================================================================
2025-11-24 17:04:06,864 - LSTM_MERGE_TORCH - INFO - Iniciando experimento: lookback=30, hidden_dim=256, layers=3, lr=0.001, drop=0.5
2025-11-24 17:04:06,864 - LSTM_MERGE_TORCH - INFO - Shape treino: torch.Size([39, 30, 1]), teste: torch.Size([30, 30, 1])
2025-11-24 17:04:06,868 - LSTM_MERGE_TORCH - INFO - Treinando por 10 épocas...
2025-11-24 17:04:06,920 - LSTM_MERGE_TORCH - INFO - [EXP] Época 1/10 - Loss: 0.111812
2025-11-24 17:04:07,451 - LSTM_MERGE_TORCH - INFO - Treinamento concluído em 0.01 minutos
2025-11-24 17:04:07,473 - LSTM_MERGE_TORCH - INFO - Calculando erro para o train
2025-11-24 17:04:07,475 - LSTM_MERGE_TORCH - INFO - RMSE: 9.2032
2025-11-24 17:04:07,475 - LSTM_MERGE_TORCH - INFO - MSE : 84.6982
2025-11-24 17:04:07,475 - LSTM_MERGE_TORCH - INFO - MAE : 3.9431
2025-11-24 17:04:07,475 - LSTM_MERGE_TORCH - INFO - CSI (thr=1.0 mm): 0.0000  [TP=0, FP=0, FN=11]
2025-11-24 17:04:07,475 - LSTM_MERGE_TORCH - INFO - train_pred TRAIN mm min/max: 0.6226208209991455, 0.68618243932724
2025-11-24 17:04:07,476 - LSTM_MERGE_TORCH - INFO - train_TRUE TRAIN mm min/max: 0.0, 37.624999999890285
2025-11-24 17:04:07,476 - LSTM_MERGE_TORCH - INFO -  Gerando gráficos...
2025-11-24 17:04:07,561 - LSTM_MERGE_TORCH - INFO -  Gráficos gerados...
2025-11-24 17:04:07,561 - LSTM_MERGE_TORCH - INFO - Calculando erro para parte de teste
2025-11-24 17:04:07,563 - LSTM_MERGE_TORCH - INFO - RMSE: 10.4812
2025-11-24 17:04:07,563 - LSTM_MERGE_TORCH - INFO - MSE : 109.8550
2025-11-24 17:04:07,563 - LSTM_MERGE_TORCH - INFO - MAE : 4.8707
2025-11-24 17:04:07,563 - LSTM_MERGE_TORCH - INFO - CSI (thr=1.0 mm): 0.0000  [TP=0, FP=0, FN=10]
2025-11-24 17:04:07,563 - LSTM_MERGE_TORCH - INFO - y_pred mm min/max: 0.6222356557846069, 0.6674862504005432
2025-11-24 17:04:07,563 - LSTM_MERGE_TORCH - INFO - y_TRUE mm min/max: 0.0, 37.624999999890285
2025-11-24 17:04:07,563 - LSTM_MERGE_TORCH - INFO -  Gerando gráficos...
2025-11-24 17:04:07,652 - LSTM_MERGE_TORCH - INFO -  Gráficos gerados...
2025-11-24 17:04:07,652 - LSTM_MERGE_TORCH - INFO - ==========================================================================================
2025-11-24 17:04:07,652 - LSTM_MERGE_TORCH - INFO - Execução finalizada com sucesso.
2025-11-24 17:04:07,652 - LSTM_MERGE_TORCH - INFO - Dispositivo utilizado: cpu
2025-11-24 17:04:07,652 - LSTM_MERGE_TORCH - INFO - ==========================================================================================
2025-11-24 17:04:07,652 - LSTM_MERGE_TORCH - INFO - Fim experimentos....
2025-11-24 17:04:07,652 - LSTM_MERGE_TORCH - INFO - *** MELHOR CONFIG: {'lookback': 30, 'hidden_dim': 32, 'layer_dim': 2, 'learning_rate': 0.001, 'drop_rate': 0.5, 'rmse': np.float64(9.669728578587476), 'mse': 93.50365078355138, 'mae': 6.2737231572431496, 'csi': 0.3333333333333333, 'tempoTreinamento': 0.0012091755867004394}
2025-11-24 17:04:07,654 - BILSTM_MERGE_TORCH - INFO - ==========================================================================================
2025-11-24 17:04:07,654 - BILSTM_MERGE_TORCH - INFO - Iniciando script BILSTM (PyTorch) MERGE com suporte a GPU e logs detalhados.
2025-11-24 17:04:07,654 - BILSTM_MERGE_TORCH - INFO - ==========================================================================================
2025-11-24 17:04:07,654 - BILSTM_MERGE_TORCH - INFO - [FASE 4] Experimentando com várias variações....
2025-11-24 17:04:07,654 - BILSTM_MERGE_TORCH - INFO - ======================================================================
2025-11-24 17:04:07,654 - BILSTM_MERGE_TORCH - INFO - Iniciando experimento: lookback=30, hidden_dim=32, layers=2, lr=0.001, drop=0.5
2025-11-24 17:04:07,654 - BILSTM_MERGE_TORCH - INFO - Shape treino: torch.Size([39, 30, 1]), teste: torch.Size([30, 30, 1])
2025-11-24 17:04:07,655 - BILSTM_MERGE_TORCH - INFO - Treinando por 500 épocas...
2025-11-24 17:04:07,667 - BILSTM_MERGE_TORCH - INFO - [EXP] Época 1/500 - Loss: 0.291990
2025-11-24 17:04:08,125 - BILSTM_MERGE_TORCH - INFO - [EXP] Época 50/500 - Loss: 0.086759
2025-11-24 17:04:08,557 - BILSTM_MERGE_TORCH - INFO - [EXP] Época 100/500 - Loss: 0.078623
2025-11-24 17:04:09,048 - BILSTM_MERGE_TORCH - INFO - [EXP] Época 150/500 - Loss: 0.191725
2025-11-24 17:04:09,480 - BILSTM_MERGE_TORCH - INFO - [EXP] Época 200/500 - Loss: 0.069207
2025-11-24 17:04:09,968 - BILSTM_MERGE_TORCH - INFO - [EXP] Época 250/500 - Loss: 0.064198
2025-11-24 17:04:10,445 - BILSTM_MERGE_TORCH - INFO - [EXP] Época 300/500 - Loss: 0.185253
2025-11-24 17:04:10,865 - BILSTM_MERGE_TORCH - INFO - [EXP] Época 350/500 - Loss: 0.071591
2025-11-24 17:04:11,300 - BILSTM_MERGE_TORCH - INFO - [EXP] Época 400/500 - Loss: 0.163679
2025-11-24 17:04:11,751 - BILSTM_MERGE_TORCH - INFO - [EXP] Época 450/500 - Loss: 0.053093
2025-11-24 17:04:12,190 - BILSTM_MERGE_TORCH - INFO - [EXP] Época 500/500 - Loss: 0.068615
2025-11-24 17:04:12,190 - BILSTM_MERGE_TORCH - INFO - Treinamento concluído em 0.08 minutos
2025-11-24 17:04:12,197 - BILSTM_MERGE_TORCH - INFO - Calculando erro para o train
2025-11-24 17:04:12,199 - BILSTM_MERGE_TORCH - INFO - RMSE: 9.4632
2025-11-24 17:04:12,199 - BILSTM_MERGE_TORCH - INFO - MSE : 89.5513
2025-11-24 17:04:12,200 - BILSTM_MERGE_TORCH - INFO - MAE : 4.5061
2025-11-24 17:04:12,200 - BILSTM_MERGE_TORCH - INFO - CSI (thr=1.0 mm): 0.2105  [TP=4, FP=8, FN=7]
2025-11-24 17:04:12,200 - BILSTM_MERGE_TORCH - INFO - train_pred TRAIN mm min/max: 0.03602781891822815, 11.795038223266602
2025-11-24 17:04:12,200 - BILSTM_MERGE_TORCH - INFO - train_TRUE TRAIN mm min/max: 0.0, 37.624999999890285
2025-11-24 17:04:12,200 - BILSTM_MERGE_TORCH - INFO -  Gerando gráficos...
2025-11-24 17:04:12,303 - BILSTM_MERGE_TORCH - INFO -  Gráficos gerados...
2025-11-24 17:04:12,304 - BILSTM_MERGE_TORCH - INFO - Calculando erro para parte de teste
2025-11-24 17:04:12,306 - BILSTM_MERGE_TORCH - INFO - RMSE: 10.5744
2025-11-24 17:04:12,306 - BILSTM_MERGE_TORCH - INFO - MSE : 111.8174
2025-11-24 17:04:12,306 - BILSTM_MERGE_TORCH - INFO - MAE : 5.8553
2025-11-24 17:04:12,306 - BILSTM_MERGE_TORCH - INFO - CSI (thr=1.0 mm): 0.2000  [TP=5, FP=15, FN=5]
2025-11-24 17:04:12,306 - BILSTM_MERGE_TORCH - INFO - y_pred mm min/max: 0.0, 7.306628227233887
2025-11-24 17:04:12,306 - BILSTM_MERGE_TORCH - INFO - y_TRUE mm min/max: 0.0, 37.624999999890285
2025-11-24 17:04:12,306 - BILSTM_MERGE_TORCH - INFO -  Gerando gráficos...
2025-11-24 17:04:12,396 - BILSTM_MERGE_TORCH - INFO -  Gráficos gerados...
2025-11-24 17:04:12,396 - BILSTM_MERGE_TORCH - INFO - ==========================================================================================
2025-11-24 17:04:12,396 - BILSTM_MERGE_TORCH - INFO - Execução finalizada com sucesso.
2025-11-24 17:04:12,396 - BILSTM_MERGE_TORCH - INFO - Dispositivo utilizado: cpu
2025-11-24 17:04:12,396 - BILSTM_MERGE_TORCH - INFO - ==========================================================================================
2025-11-24 17:04:12,396 - BILSTM_MERGE_TORCH - INFO - ======================================================================
2025-11-24 17:04:12,397 - BILSTM_MERGE_TORCH - INFO - Iniciando experimento: lookback=30, hidden_dim=64, layers=2, lr=0.001, drop=0.5
2025-11-24 17:04:12,397 - BILSTM_MERGE_TORCH - INFO - Shape treino: torch.Size([39, 30, 1]), teste: torch.Size([30, 30, 1])
2025-11-24 17:04:12,398 - BILSTM_MERGE_TORCH - INFO - Treinando por 500 épocas...
2025-11-24 17:04:12,416 - BILSTM_MERGE_TORCH - INFO - [EXP] Época 1/500 - Loss: 0.101857
2025-11-24 17:04:13,022 - BILSTM_MERGE_TORCH - INFO - [EXP] Época 50/500 - Loss: 0.072758
2025-11-24 17:04:13,676 - BILSTM_MERGE_TORCH - INFO - [EXP] Época 100/500 - Loss: 0.067340
2025-11-24 17:04:14,373 - BILSTM_MERGE_TORCH - INFO - [EXP] Época 150/500 - Loss: 0.079745
2025-11-24 17:04:15,030 - BILSTM_MERGE_TORCH - INFO - [EXP] Época 200/500 - Loss: 0.188562
2025-11-24 17:04:15,668 - BILSTM_MERGE_TORCH - INFO - [EXP] Época 250/500 - Loss: 0.177260
2025-11-24 17:04:16,289 - BILSTM_MERGE_TORCH - INFO - [EXP] Época 300/500 - Loss: 0.153650
2025-11-24 17:04:16,913 - BILSTM_MERGE_TORCH - INFO - [EXP] Época 350/500 - Loss: 0.060522
2025-11-24 17:04:17,526 - BILSTM_MERGE_TORCH - INFO - [EXP] Época 400/500 - Loss: 0.060483
2025-11-24 17:04:18,156 - BILSTM_MERGE_TORCH - INFO - [EXP] Época 450/500 - Loss: 0.131797
2025-11-24 17:04:18,787 - BILSTM_MERGE_TORCH - INFO - [EXP] Época 500/500 - Loss: 0.071796
2025-11-24 17:04:18,787 - BILSTM_MERGE_TORCH - INFO - Treinamento concluído em 0.11 minutos
2025-11-24 17:04:18,794 - BILSTM_MERGE_TORCH - INFO - Calculando erro para o train
2025-11-24 17:04:18,797 - BILSTM_MERGE_TORCH - INFO - RMSE: 9.1544
2025-11-24 17:04:18,797 - BILSTM_MERGE_TORCH - INFO - MSE : 83.8028
2025-11-24 17:04:18,797 - BILSTM_MERGE_TORCH - INFO - MAE : 4.2298
2025-11-24 17:04:18,797 - BILSTM_MERGE_TORCH - INFO - CSI (thr=1.0 mm): 0.3158  [TP=6, FP=8, FN=5]
2025-11-24 17:04:18,797 - BILSTM_MERGE_TORCH - INFO - train_pred TRAIN mm min/max: 0.3291388750076294, 6.993027210235596
2025-11-24 17:04:18,797 - BILSTM_MERGE_TORCH - INFO - train_TRUE TRAIN mm min/max: 0.0, 37.624999999890285
2025-11-24 17:04:18,798 - BILSTM_MERGE_TORCH - INFO -  Gerando gráficos...
2025-11-24 17:04:18,892 - BILSTM_MERGE_TORCH - INFO -  Gráficos gerados...
2025-11-24 17:04:18,892 - BILSTM_MERGE_TORCH - INFO - Calculando erro para parte de teste
2025-11-24 17:04:18,894 - BILSTM_MERGE_TORCH - INFO - RMSE: 10.5091
2025-11-24 17:04:18,894 - BILSTM_MERGE_TORCH - INFO - MSE : 110.4418
2025-11-24 17:04:18,894 - BILSTM_MERGE_TORCH - INFO - MAE : 5.3912
2025-11-24 17:04:18,894 - BILSTM_MERGE_TORCH - INFO - CSI (thr=1.0 mm): 0.2273  [TP=5, FP=12, FN=5]
2025-11-24 17:04:18,894 - BILSTM_MERGE_TORCH - INFO - y_pred mm min/max: 0.25004035234451294, 3.8095786571502686
2025-11-24 17:04:18,895 - BILSTM_MERGE_TORCH - INFO - y_TRUE mm min/max: 0.0, 37.624999999890285
2025-11-24 17:04:18,895 - BILSTM_MERGE_TORCH - INFO -  Gerando gráficos...
2025-11-24 17:04:18,995 - BILSTM_MERGE_TORCH - INFO -  Gráficos gerados...
2025-11-24 17:04:18,996 - BILSTM_MERGE_TORCH - INFO - ==========================================================================================
2025-11-24 17:04:18,996 - BILSTM_MERGE_TORCH - INFO - Execução finalizada com sucesso.
2025-11-24 17:04:18,996 - BILSTM_MERGE_TORCH - INFO - Dispositivo utilizado: cpu
2025-11-24 17:04:18,996 - BILSTM_MERGE_TORCH - INFO - ==========================================================================================
2025-11-24 17:04:18,996 - BILSTM_MERGE_TORCH - INFO - ======================================================================
2025-11-24 17:04:18,996 - BILSTM_MERGE_TORCH - INFO - Iniciando experimento: lookback=30, hidden_dim=128, layers=2, lr=0.001, drop=0.5
2025-11-24 17:04:18,996 - BILSTM_MERGE_TORCH - INFO - Shape treino: torch.Size([39, 30, 1]), teste: torch.Size([30, 30, 1])
2025-11-24 17:04:18,999 - BILSTM_MERGE_TORCH - INFO - Treinando por 500 épocas...
2025-11-24 17:04:19,033 - BILSTM_MERGE_TORCH - INFO - [EXP] Época 1/500 - Loss: 0.110057
2025-11-24 17:04:20,599 - BILSTM_MERGE_TORCH - INFO - [EXP] Época 50/500 - Loss: 0.086122
2025-11-24 17:04:22,103 - BILSTM_MERGE_TORCH - INFO - [EXP] Época 100/500 - Loss: 0.077061
2025-11-24 17:04:23,599 - BILSTM_MERGE_TORCH - INFO - [EXP] Época 150/500 - Loss: 0.094833
2025-11-24 17:04:25,044 - BILSTM_MERGE_TORCH - INFO - [EXP] Época 200/500 - Loss: 0.068405
2025-11-24 17:04:26,420 - BILSTM_MERGE_TORCH - INFO - [EXP] Época 250/500 - Loss: 0.075113
2025-11-24 17:04:30,774 - BILSTM_MERGE_TORCH - INFO - [EXP] Época 300/500 - Loss: 0.057859
2025-11-24 17:04:32,170 - BILSTM_MERGE_TORCH - INFO - [EXP] Época 350/500 - Loss: 0.058089
2025-11-24 17:04:33,608 - BILSTM_MERGE_TORCH - INFO - [EXP] Época 400/500 - Loss: 0.049829
2025-11-24 17:04:35,040 - BILSTM_MERGE_TORCH - INFO - [EXP] Época 450/500 - Loss: 0.052451
2025-11-24 17:04:36,461 - BILSTM_MERGE_TORCH - INFO - [EXP] Época 500/500 - Loss: 0.140746
2025-11-24 17:04:36,461 - BILSTM_MERGE_TORCH - INFO - Treinamento concluído em 0.29 minutos
2025-11-24 17:04:36,476 - BILSTM_MERGE_TORCH - INFO - Calculando erro para o train
2025-11-24 17:04:36,478 - BILSTM_MERGE_TORCH - INFO - RMSE: 9.5906
2025-11-24 17:04:36,478 - BILSTM_MERGE_TORCH - INFO - MSE : 91.9792
2025-11-24 17:04:36,478 - BILSTM_MERGE_TORCH - INFO - MAE : 5.1411
2025-11-24 17:04:36,478 - BILSTM_MERGE_TORCH - INFO - CSI (thr=1.0 mm): 0.3043  [TP=7, FP=12, FN=4]
2025-11-24 17:04:36,478 - BILSTM_MERGE_TORCH - INFO - train_pred TRAIN mm min/max: 0.0, 25.62194061279297
2025-11-24 17:04:36,478 - BILSTM_MERGE_TORCH - INFO - train_TRUE TRAIN mm min/max: 0.0, 37.624999999890285
2025-11-24 17:04:36,478 - BILSTM_MERGE_TORCH - INFO -  Gerando gráficos...
2025-11-24 17:04:36,568 - BILSTM_MERGE_TORCH - INFO -  Gráficos gerados...
2025-11-24 17:04:36,569 - BILSTM_MERGE_TORCH - INFO - Calculando erro para parte de teste
2025-11-24 17:04:36,571 - BILSTM_MERGE_TORCH - INFO - RMSE: 10.8556
2025-11-24 17:04:36,571 - BILSTM_MERGE_TORCH - INFO - MSE : 117.8451
2025-11-24 17:04:36,571 - BILSTM_MERGE_TORCH - INFO - MAE : 7.0135
2025-11-24 17:04:36,571 - BILSTM_MERGE_TORCH - INFO - CSI (thr=1.0 mm): 0.3214  [TP=9, FP=18, FN=1]
2025-11-24 17:04:36,571 - BILSTM_MERGE_TORCH - INFO - y_pred mm min/max: 0.14324651658535004, 21.201831817626953
2025-11-24 17:04:36,571 - BILSTM_MERGE_TORCH - INFO - y_TRUE mm min/max: 0.0, 37.624999999890285
2025-11-24 17:04:36,571 - BILSTM_MERGE_TORCH - INFO -  Gerando gráficos...
2025-11-24 17:04:36,657 - BILSTM_MERGE_TORCH - INFO -  Gráficos gerados...
2025-11-24 17:04:36,658 - BILSTM_MERGE_TORCH - INFO - ==========================================================================================
2025-11-24 17:04:36,658 - BILSTM_MERGE_TORCH - INFO - Execução finalizada com sucesso.
2025-11-24 17:04:36,658 - BILSTM_MERGE_TORCH - INFO - Dispositivo utilizado: cpu
2025-11-24 17:04:36,658 - BILSTM_MERGE_TORCH - INFO - ==========================================================================================
2025-11-24 17:04:36,658 - BILSTM_MERGE_TORCH - INFO - ======================================================================
2025-11-24 17:04:36,658 - BILSTM_MERGE_TORCH - INFO - Iniciando experimento: lookback=30, hidden_dim=256, layers=2, lr=0.001, drop=0.5
2025-11-24 17:04:36,658 - BILSTM_MERGE_TORCH - INFO - Shape treino: torch.Size([39, 30, 1]), teste: torch.Size([30, 30, 1])
2025-11-24 17:04:36,664 - BILSTM_MERGE_TORCH - INFO - Treinando por 500 épocas...
2025-11-24 17:04:36,744 - BILSTM_MERGE_TORCH - INFO - [EXP] Época 1/500 - Loss: 0.100332
