2025-10-10 11:21:26,092 - randomForest MERGE - INFO - Iniciando script de previsão com randomForest Merge(TensorFlow/Keras).
2025-10-10 11:22:27,041 - randomForest MERGE - INFO - Dados carregados com sucesso. Total de 2000 registros.
2025-10-10 11:25:33,253 - randomForest MERGE - INFO - Preparando sequências com um lookback de 14 dias.
2025-10-10 11:25:33,258 - randomForest MERGE - INFO - Sequências criadas. Treino: 1390 amostras, Teste: 596 amostras.
2025-10-10 11:25:33,301 - randomForest MERGE - INFO - Shape (1390, 14, 18)
2025-10-10 11:29:33,832 - randomForest MERGE - INFO - Preparando sequências com um lookback de 14 dias.
2025-10-10 11:29:33,835 - randomForest MERGE - INFO - Sequências criadas. Treino: 1400 amostras, Teste: 600 amostras.
2025-10-10 11:29:33,836 - randomForest MERGE - INFO - Shape (1400, 17)
2025-10-10 11:29:40,137 - randomForest MERGE - INFO - Realizando previsões no conjunto de teste.
2025-10-10 11:29:43,029 - randomForest MERGE - INFO - Gerando gráfico de previsão final.
2025-10-10 11:30:41,196 - randomForest MERGE - INFO - Sequências criadas. Treino: 1400 amostras, Teste: 600 amostras.
2025-10-10 11:30:41,197 - randomForest MERGE - INFO - Shape (1400, 17)
2025-10-10 11:30:46,542 - randomForest MERGE - INFO - Realizando previsões no conjunto de teste.
2025-10-10 11:30:48,098 - randomForest MERGE - INFO - Gerando gráfico de previsão final.
2025-10-10 11:30:48,285 - randomForest MERGE - INFO - Script BiLSTM BrDwgd(TensorFlow/Keras) finalizado.
2025-10-10 11:31:11,056 - randomForest MERGE - INFO - Realizando previsões no conjunto de teste.
2025-10-10 11:31:14,746 - randomForest MERGE - INFO - Gerando gráfico de previsão final.
2025-10-10 11:31:14,907 - randomForest MERGE - INFO - Script BiLSTM BrDwgd(TensorFlow/Keras) finalizado.
2025-10-10 11:31:29,364 - randomForest MERGE - INFO - Realizando previsões no conjunto de teste.
2025-10-10 11:32:38,864 - randomForest MERGE - INFO - Sequências criadas. Treino: 1400 amostras, Teste: 600 amostras.
2025-10-10 11:32:38,866 - randomForest MERGE - INFO - Shape (1400, 18)
2025-10-10 11:32:42,296 - randomForest MERGE - INFO - Realizando previsões no conjunto de teste.
2025-10-10 11:32:44,538 - randomForest MERGE - INFO - Gerando gráfico de previsão final.
2025-10-10 11:32:44,690 - randomForest MERGE - INFO - Script BiLSTM BrDwgd(TensorFlow/Keras) finalizado.
2025-10-10 11:33:48,166 - randomForest MERGE - INFO - Sequências criadas. Treino: 1600 amostras, Teste: 400 amostras.
2025-10-10 11:33:48,167 - randomForest MERGE - INFO - Shape (1600, 17)
2025-10-10 11:33:52,315 - randomForest MERGE - INFO - Realizando previsões no conjunto de teste.
2025-10-10 11:33:53,974 - randomForest MERGE - INFO - Gerando gráfico de previsão final.
2025-10-10 11:33:54,122 - randomForest MERGE - INFO - Script BiLSTM BrDwgd(TensorFlow/Keras) finalizado.
2025-10-10 11:36:07,568 - randomForest MERGE - INFO - Realizando previsões no conjunto de teste.
2025-10-10 11:36:09,401 - randomForest MERGE - INFO - Gerando gráfico de previsão final.
2025-10-10 11:36:09,619 - randomForest MERGE - INFO - Script BiLSTM BrDwgd(TensorFlow/Keras) finalizado.
2025-10-10 11:36:37,243 - randomForest MERGE - INFO - Realizando previsões no conjunto de teste.
2025-10-13 21:33:55,549 - randomForest MERGE - INFO - Iniciando script de previsão com randomForest Merge(TensorFlow/Keras).
2025-10-13 21:34:46,124 - randomForest MERGE - INFO - Dados carregados com sucesso. Total de 2000 registros.
2025-10-13 21:34:46,600 - randomForest MERGE - INFO - Sequências criadas. Treino: 1600 amostras, Teste: 400 amostras.
2025-10-13 21:34:46,601 - randomForest MERGE - INFO - Shape (1600, 17)
2025-10-13 21:34:47,198 - randomForest MERGE - INFO - Realizando previsões no conjunto de teste.
2025-10-13 21:35:38,890 - randomForest MERGE - INFO - Realizando previsões no conjunto de teste.
2025-10-13 21:35:42,379 - randomForest MERGE - INFO - Gerando gráfico de previsão final.
2025-10-13 21:35:42,502 - randomForest MERGE - INFO - Script BiLSTM BrDwgd(TensorFlow/Keras) finalizado.
2025-10-13 21:36:15,817 - randomForest MERGE - INFO - Realizando previsões no conjunto de teste.
2025-10-13 21:36:17,670 - randomForest MERGE - INFO - Gerando gráfico de previsão final.
2025-10-13 21:36:17,800 - randomForest MERGE - INFO - Script BiLSTM BrDwgd(TensorFlow/Keras) finalizado.
2025-10-13 21:36:36,802 - randomForest MERGE - INFO - Realizando previsões no conjunto de teste.
2025-10-13 21:36:46,300 - randomForest MERGE - INFO - Realizando previsões no conjunto de teste.
2025-10-13 21:36:47,948 - randomForest MERGE - INFO - Gerando gráfico de previsão final.
2025-10-13 21:36:48,081 - randomForest MERGE - INFO - Script BiLSTM BrDwgd(TensorFlow/Keras) finalizado.
2025-10-13 21:36:55,596 - randomForest MERGE - INFO - Iniciando script de previsão com randomForest Merge(TensorFlow/Keras).
2025-10-13 21:37:44,920 - randomForest MERGE - INFO - Dados carregados com sucesso. Total de 2000 registros.
2025-10-13 21:37:45,416 - randomForest MERGE - INFO - Sequências criadas. Treino: 1600 amostras, Teste: 400 amostras.
2025-10-13 21:37:45,417 - randomForest MERGE - INFO - Shape (1600, 17)
2025-10-13 21:37:46,138 - randomForest MERGE - INFO - Realizando previsões no conjunto de teste.
2025-10-13 21:38:18,973 - randomForest MERGE - INFO - Realizando previsões no conjunto de teste.
2025-10-13 21:38:21,418 - randomForest MERGE - INFO - Gerando gráfico de previsão final.
2025-10-13 21:38:21,545 - randomForest MERGE - INFO - Script BiLSTM BrDwgd(TensorFlow/Keras) finalizado.
2025-10-13 22:05:07,662 - randomForest MERGE - INFO - Realizando previsões no conjunto de teste.
2025-10-13 22:05:12,113 - randomForest MERGE - INFO - Gerando gráfico de previsão final.
2025-10-13 22:05:12,255 - randomForest MERGE - INFO - Script BiLSTM BrDwgd(TensorFlow/Keras) finalizado.
2025-10-13 22:05:49,229 - randomForest MERGE - INFO - Realizando previsões no conjunto de teste.
2025-10-13 22:05:53,431 - randomForest MERGE - INFO - Gerando gráfico de previsão final.
2025-10-13 22:05:53,567 - randomForest MERGE - INFO - Script BiLSTM BrDwgd(TensorFlow/Keras) finalizado.
2025-10-13 22:06:21,795 - randomForest MERGE - INFO - Sequências criadas. Treino: 1600 amostras, Teste: 400 amostras.
2025-10-13 22:06:21,797 - randomForest MERGE - INFO - Shape (1600, 17)
2025-10-13 22:06:25,425 - randomForest MERGE - INFO - Realizando previsões no conjunto de teste.
2025-10-13 22:06:26,956 - randomForest MERGE - INFO - Gerando gráfico de previsão final.
2025-10-13 22:06:27,088 - randomForest MERGE - INFO - Script BiLSTM BrDwgd(TensorFlow/Keras) finalizado.
